{"/Users/maddoxsciuchetti/fixies-branch/server/src/db.ts": {"path":"/Users/maddoxsciuchetti/fixies-branch/server/src/db.ts","statementMap":{"0":{"start":{"line":1,"column":0},"end":{"line":1,"column":26}},"1":{"start":{"line":2,"column":0},"end":{"line":2,"column":28}},"2":{"start":{"line":3,"column":0},"end":{"line":3,"column":16}},"3":{"start":{"line":5,"column":13},"end":{"line":11,"column":2}},"4":{"start":{"line":13,"column":9},"end":{"line":13,"column":13}}},"fnMap":{},"branchMap":{"0":{"loc":{"start":{"line":8,"column":8},"end":{"line":10,"column":19}},"type":"cond-expr","locations":[{"start":{"line":9,"column":14},"end":{"line":9,"column":43}},{"start":{"line":10,"column":14},"end":{"line":10,"column":19}}]}},"s":{"0":0,"1":0,"2":0,"3":0,"4":0},"f":{},"b":{"0":[0,0]}}
,"/Users/maddoxsciuchetti/fixies-branch/server/src/index.ts": {"path":"/Users/maddoxsciuchetti/fixies-branch/server/src/index.ts","statementMap":{"0":{"start":{"line":1,"column":0},"end":{"line":1,"column":23}},"1":{"start":{"line":2,"column":0},"end":{"line":2,"column":18}}},"fnMap":{},"branchMap":{},"s":{"0":0,"1":0},"f":{},"b":{}}
,"/Users/maddoxsciuchetti/fixies-branch/server/src/server.ts": {"path":"/Users/maddoxsciuchetti/fixies-branch/server/src/server.ts","statementMap":{"0":{"start":{"line":1,"column":0},"end":{"line":1,"column":28}},"1":{"start":{"line":2,"column":0},"end":{"line":2,"column":16}},"2":{"start":{"line":4,"column":0},"end":{"line":4,"column":41}},"3":{"start":{"line":5,"column":0},"end":{"line":5,"column":24}},"4":{"start":{"line":6,"column":0},"end":{"line":6,"column":30}},"5":{"start":{"line":8,"column":0},"end":{"line":8,"column":45}},"6":{"start":{"line":9,"column":0},"end":{"line":9,"column":78}},"7":{"start":{"line":10,"column":0},"end":{"line":10,"column":53}},"8":{"start":{"line":11,"column":0},"end":{"line":11,"column":53}},"9":{"start":{"line":12,"column":0},"end":{"line":12,"column":79}},"10":{"start":{"line":13,"column":0},"end":{"line":13,"column":45}},"11":{"start":{"line":14,"column":0},"end":{"line":14,"column":51}},"12":{"start":{"line":15,"column":0},"end":{"line":15,"column":57}},"13":{"start":{"line":16,"column":0},"end":{"line":16,"column":51}},"14":{"start":{"line":17,"column":0},"end":{"line":17,"column":49}},"15":{"start":{"line":18,"column":0},"end":{"line":18,"column":43}},"16":{"start":{"line":19,"column":0},"end":{"line":19,"column":50}},"17":{"start":{"line":20,"column":0},"end":{"line":20,"column":57}},"18":{"start":{"line":21,"column":0},"end":{"line":21,"column":45}},"19":{"start":{"line":22,"column":0},"end":{"line":22,"column":49}},"20":{"start":{"line":23,"column":0},"end":{"line":23,"column":47}},"21":{"start":{"line":25,"column":13},"end":{"line":25,"column":37}},"22":{"start":{"line":27,"column":12},"end":{"line":27,"column":21}},"23":{"start":{"line":29,"column":0},"end":{"line":29,"column":24}},"24":{"start":{"line":30,"column":0},"end":{"line":30,"column":24}},"25":{"start":{"line":31,"column":0},"end":{"line":31,"column":48}},"26":{"start":{"line":33,"column":23},"end":{"line":33,"column":65}},"27":{"start":{"line":33,"column":56},"end":{"line":33,"column":64}},"28":{"start":{"line":35,"column":0},"end":{"line":50,"column":2}},"29":{"start":{"line":38,"column":12},"end":{"line":38,"column":53}},"30":{"start":{"line":38,"column":25},"end":{"line":38,"column":53}},"31":{"start":{"line":40,"column":12},"end":{"line":46,"column":13}},"32":{"start":{"line":41,"column":16},"end":{"line":41,"column":44}},"33":{"start":{"line":43,"column":16},"end":{"line":45,"column":18}},"34":{"start":{"line":52,"column":0},"end":{"line":63,"column":3}},"35":{"start":{"line":53,"column":4},"end":{"line":61,"column":7}},"36":{"start":{"line":54,"column":24},"end":{"line":54,"column":40}},"37":{"start":{"line":55,"column":8},"end":{"line":60,"column":9}},"38":{"start":{"line":56,"column":12},"end":{"line":59,"column":14}},"39":{"start":{"line":62,"column":4},"end":{"line":62,"column":11}},"40":{"start":{"line":65,"column":0},"end":{"line":69,"column":2}},"41":{"start":{"line":71,"column":0},"end":{"line":73,"column":3}},"42":{"start":{"line":72,"column":4},"end":{"line":72,"column":21}},"43":{"start":{"line":75,"column":0},"end":{"line":75,"column":29}},"44":{"start":{"line":77,"column":0},"end":{"line":77,"column":29}},"45":{"start":{"line":79,"column":0},"end":{"line":79,"column":49}},"46":{"start":{"line":81,"column":0},"end":{"line":81,"column":43}},"47":{"start":{"line":82,"column":0},"end":{"line":82,"column":78}},"48":{"start":{"line":83,"column":0},"end":{"line":83,"column":78}},"49":{"start":{"line":85,"column":0},"end":{"line":85,"column":72}},"50":{"start":{"line":87,"column":0},"end":{"line":87,"column":68}},"51":{"start":{"line":89,"column":0},"end":{"line":89,"column":71}},"52":{"start":{"line":91,"column":0},"end":{"line":91,"column":68}},"53":{"start":{"line":92,"column":0},"end":{"line":92,"column":34}},"54":{"start":{"line":94,"column":0},"end":{"line":94,"column":22}},"55":{"start":{"line":96,"column":0},"end":{"line":98,"column":3}},"56":{"start":{"line":97,"column":4},"end":{"line":97,"column":43}}},"fnMap":{"0":{"name":"(anonymous_1)","decl":{"start":{"line":33,"column":49},"end":{"line":33,"column":50}},"loc":{"start":{"line":33,"column":56},"end":{"line":33,"column":64}}},"1":{"name":"(anonymous_2)","decl":{"start":{"line":37,"column":16},"end":{"line":37,"column":26}},"loc":{"start":{"line":37,"column":42},"end":{"line":47,"column":9}}},"2":{"name":"(anonymous_3)","decl":{"start":{"line":52,"column":8},"end":{"line":52,"column":9}},"loc":{"start":{"line":52,"column":27},"end":{"line":63,"column":1}}},"3":{"name":"(anonymous_4)","decl":{"start":{"line":53,"column":21},"end":{"line":53,"column":24}},"loc":{"start":{"line":53,"column":26},"end":{"line":61,"column":5}}},"4":{"name":"(anonymous_5)","decl":{"start":{"line":71,"column":13},"end":{"line":71,"column":14}},"loc":{"start":{"line":71,"column":26},"end":{"line":73,"column":1}}},"5":{"name":"(anonymous_6)","decl":{"start":{"line":96,"column":17},"end":{"line":96,"column":20}},"loc":{"start":{"line":96,"column":22},"end":{"line":98,"column":1}}}},"branchMap":{"0":{"loc":{"start":{"line":25,"column":13},"end":{"line":25,"column":37}},"type":"binary-expr","locations":[{"start":{"line":25,"column":13},"end":{"line":25,"column":29}},{"start":{"line":25,"column":33},"end":{"line":25,"column":37}}]},"1":{"loc":{"start":{"line":38,"column":12},"end":{"line":38,"column":53}},"type":"if","locations":[{"start":{"line":38,"column":12},"end":{"line":38,"column":53}},{"start":{},"end":{}}]},"2":{"loc":{"start":{"line":40,"column":12},"end":{"line":46,"column":13}},"type":"if","locations":[{"start":{"line":40,"column":12},"end":{"line":46,"column":13}},{"start":{"line":42,"column":19},"end":{"line":46,"column":13}}]},"3":{"loc":{"start":{"line":55,"column":8},"end":{"line":60,"column":9}},"type":"if","locations":[{"start":{"line":55,"column":8},"end":{"line":60,"column":9}},{"start":{},"end":{}}]}},"s":{"0":0,"1":0,"2":0,"3":0,"4":0,"5":0,"6":0,"7":0,"8":0,"9":0,"10":0,"11":0,"12":0,"13":0,"14":0,"15":0,"16":0,"17":0,"18":0,"19":0,"20":0,"21":0,"22":0,"23":0,"24":0,"25":0,"26":0,"27":0,"28":0,"29":0,"30":0,"31":0,"32":0,"33":0,"34":0,"35":0,"36":0,"37":0,"38":0,"39":0,"40":0,"41":0,"42":0,"43":0,"44":0,"45":0,"46":0,"47":0,"48":0,"49":0,"50":0,"51":0,"52":0,"53":0,"54":0,"55":0,"56":0},"f":{"0":0,"1":0,"2":0,"3":0,"4":0,"5":0},"b":{"0":[0,0],"1":[0,0],"2":[0,0],"3":[0,0]}}
,"/Users/maddoxsciuchetti/fixies-branch/server/src/stripeClient.ts": {"path":"/Users/maddoxsciuchetti/fixies-branch/server/src/stripeClient.ts","statementMap":{"0":{"start":{"line":1,"column":0},"end":{"line":1,"column":52}},"1":{"start":{"line":2,"column":0},"end":{"line":2,"column":28}},"2":{"start":{"line":4,"column":13},"end":{"line":4,"column":52}}},"fnMap":{},"branchMap":{},"s":{"0":0,"1":0,"2":0},"f":{},"b":{}}
,"/Users/maddoxsciuchetti/fixies-branch/server/src/config/aws.ts": {"path":"/Users/maddoxsciuchetti/fixies-branch/server/src/config/aws.ts","statementMap":{"0":{"start":{"line":31,"column":0},"end":{"line":31,"column":7}},"1":{"start":{"line":2,"column":0},"end":{"line":2,"column":null}},"2":{"start":{"line":7,"column":0},"end":{"line":7,"column":61}},"3":{"start":{"line":9,"column":17},"end":{"line":15,"column":2}},"4":{"start":{"line":17,"column":36},"end":{"line":29,"column":1}},"5":{"start":{"line":20,"column":20},"end":{"line":24,"column":6}},"6":{"start":{"line":26,"column":4},"end":{"line":28,"column":7}},"7":{"start":{"line":17,"column":13},"end":{"line":17,"column":36}},"8":{"start":{"line":36,"column":16},"end":{"line":36,"column":74}},"9":{"start":{"line":38,"column":20},"end":{"line":43,"column":6}},"10":{"start":{"line":45,"column":4},"end":{"line":60,"column":5}},"11":{"start":{"line":46,"column":8},"end":{"line":46,"column":37}},"12":{"start":{"line":47,"column":20},"end":{"line":47,"column":108}},"13":{"start":{"line":49,"column":8},"end":{"line":53,"column":10}},"14":{"start":{"line":55,"column":8},"end":{"line":55,"column":46}},"15":{"start":{"line":56,"column":8},"end":{"line":59,"column":10}}},"fnMap":{"0":{"name":"(anonymous_0)","decl":{"start":{"line":17,"column":36},"end":{"line":17,"column":41}},"loc":{"start":{"line":19,"column":21},"end":{"line":29,"column":1}}},"1":{"name":"uploadFileToS3","decl":{"start":{"line":31,"column":22},"end":{"line":31,"column":36}},"loc":{"start":{"line":34,"column":36},"end":{"line":61,"column":1}}}},"branchMap":{"0":{"loc":{"start":{"line":34,"column":4},"end":{"line":34,"column":36}},"type":"default-arg","locations":[{"start":{"line":34,"column":21},"end":{"line":34,"column":36}}]},"1":{"loc":{"start":{"line":58,"column":19},"end":{"line":58,"column":75}},"type":"cond-expr","locations":[{"start":{"line":58,"column":44},"end":{"line":58,"column":57}},{"start":{"line":58,"column":60},"end":{"line":58,"column":75}}]}},"s":{"0":0,"1":0,"2":0,"3":0,"4":0,"5":0,"6":0,"7":0,"8":0,"9":0,"10":0,"11":0,"12":0,"13":0,"14":0,"15":0},"f":{"0":0,"1":0},"b":{"0":[0],"1":[0,0]}}
,"/Users/maddoxsciuchetti/fixies-branch/server/src/config/resend.ts": {"path":"/Users/maddoxsciuchetti/fixies-branch/server/src/config/resend.ts","statementMap":{"0":{"start":{"line":1,"column":0},"end":{"line":1,"column":32}},"1":{"start":{"line":2,"column":0},"end":{"line":2,"column":50}},"2":{"start":{"line":4,"column":15},"end":{"line":4,"column":41}},"3":{"start":{"line":6,"column":0},"end":{"line":6,"column":22}}},"fnMap":{},"branchMap":{},"s":{"0":0,"1":0,"2":0,"3":0},"f":{},"b":{}}
,"/Users/maddoxsciuchetti/fixies-branch/server/src/constants/env.ts": {"path":"/Users/maddoxsciuchetti/fixies-branch/server/src/constants/env.ts","statementMap":{"0":{"start":{"line":1,"column":15},"end":{"line":9,"column":1}},"1":{"start":{"line":2,"column":18},"end":{"line":2,"column":50}},"2":{"start":{"line":4,"column":4},"end":{"line":6,"column":5}},"3":{"start":{"line":5,"column":8},"end":{"line":5,"column":56}},"4":{"start":{"line":8,"column":4},"end":{"line":8,"column":17}},"5":{"start":{"line":11,"column":13},"end":{"line":11,"column":43}},"6":{"start":{"line":12,"column":13},"end":{"line":12,"column":50}},"7":{"start":{"line":13,"column":13},"end":{"line":13,"column":58}},"8":{"start":{"line":14,"column":13},"end":{"line":14,"column":47}},"9":{"start":{"line":15,"column":13},"end":{"line":15,"column":47}},"10":{"start":{"line":16,"column":13},"end":{"line":16,"column":63}},"11":{"start":{"line":17,"column":13},"end":{"line":17,"column":51}},"12":{"start":{"line":18,"column":13},"end":{"line":18,"column":55}},"13":{"start":{"line":19,"column":13},"end":{"line":19,"column":51}},"14":{"start":{"line":20,"column":13},"end":{"line":20,"column":61}},"15":{"start":{"line":21,"column":13},"end":{"line":21,"column":69}}},"fnMap":{"0":{"name":"(anonymous_0)","decl":{"start":{"line":1,"column":15},"end":{"line":1,"column":16}},"loc":{"start":{"line":1,"column":62},"end":{"line":9,"column":1}}}},"branchMap":{"0":{"loc":{"start":{"line":2,"column":18},"end":{"line":2,"column":50}},"type":"binary-expr","locations":[{"start":{"line":2,"column":18},"end":{"line":2,"column":34}},{"start":{"line":2,"column":38},"end":{"line":2,"column":50}}]},"1":{"loc":{"start":{"line":4,"column":4},"end":{"line":6,"column":5}},"type":"if","locations":[{"start":{"line":4,"column":4},"end":{"line":6,"column":5}},{"start":{},"end":{}}]}},"s":{"0":1,"1":11,"2":11,"3":0,"4":11,"5":1,"6":1,"7":1,"8":1,"9":1,"10":1,"11":1,"12":1,"13":1,"14":1,"15":1},"f":{"0":11},"b":{"0":[11,1],"1":[0,11]}}
,"/Users/maddoxsciuchetti/fixies-branch/server/src/constants/http.ts": {"path":"/Users/maddoxsciuchetti/fixies-branch/server/src/constants/http.ts","statementMap":{"0":{"start":{"line":1,"column":13},"end":{"line":1,"column":22}},"1":{"start":{"line":2,"column":13},"end":{"line":2,"column":27}},"2":{"start":{"line":3,"column":13},"end":{"line":3,"column":30}},"3":{"start":{"line":4,"column":13},"end":{"line":4,"column":31}},"4":{"start":{"line":5,"column":13},"end":{"line":5,"column":32}},"5":{"start":{"line":6,"column":13},"end":{"line":6,"column":29}},"6":{"start":{"line":7,"column":13},"end":{"line":7,"column":29}},"7":{"start":{"line":8,"column":13},"end":{"line":8,"column":28}},"8":{"start":{"line":9,"column":13},"end":{"line":9,"column":41}},"9":{"start":{"line":10,"column":13},"end":{"line":10,"column":37}},"10":{"start":{"line":11,"column":13},"end":{"line":11,"column":41}}},"fnMap":{},"branchMap":{},"s":{"0":0,"1":0,"2":0,"3":0,"4":0,"5":0,"6":0,"7":0,"8":0,"9":0,"10":0},"f":{},"b":{}}
,"/Users/maddoxsciuchetti/fixies-branch/server/src/constants/statusEntity.consts.ts": {"path":"/Users/maddoxsciuchetti/fixies-branch/server/src/constants/statusEntity.consts.ts","statementMap":{"0":{"start":{"line":4,"column":13},"end":{"line":5,"column":56}},"1":{"start":{"line":6,"column":13},"end":{"line":7,"column":51}}},"fnMap":{},"branchMap":{},"s":{"0":0,"1":0},"f":{},"b":{}}
,"/Users/maddoxsciuchetti/fixies-branch/server/src/constants/stripePricePlans.ts": {"path":"/Users/maddoxsciuchetti/fixies-branch/server/src/constants/stripePricePlans.ts","statementMap":{"0":{"start":{"line":9,"column":0},"end":{"line":9,"column":16}},"1":{"start":{"line":3,"column":13},"end":{"line":7,"column":2}},"2":{"start":{"line":12,"column":4},"end":{"line":14,"column":5}},"3":{"start":{"line":13,"column":8},"end":{"line":13,"column":20}},"4":{"start":{"line":15,"column":4},"end":{"line":15,"column":52}}},"fnMap":{"0":{"name":"planFromStripePriceId","decl":{"start":{"line":9,"column":16},"end":{"line":9,"column":37}},"loc":{"start":{"line":10,"column":38},"end":{"line":16,"column":1}}}},"branchMap":{"0":{"loc":{"start":{"line":12,"column":4},"end":{"line":14,"column":5}},"type":"if","locations":[{"start":{"line":12,"column":4},"end":{"line":14,"column":5}},{"start":{},"end":{}}]},"1":{"loc":{"start":{"line":15,"column":11},"end":{"line":15,"column":51}},"type":"binary-expr","locations":[{"start":{"line":15,"column":11},"end":{"line":15,"column":43}},{"start":{"line":15,"column":47},"end":{"line":15,"column":51}}]}},"s":{"0":2,"1":2,"2":16,"3":6,"4":10},"f":{"0":16},"b":{"0":[6,10],"1":[10,2]}}
,"/Users/maddoxsciuchetti/fixies-branch/server/src/constants/validationMessages.ts": {"path":"/Users/maddoxsciuchetti/fixies-branch/server/src/constants/validationMessages.ts","statementMap":{"0":{"start":{"line":1,"column":13},"end":{"line":10,"column":2}},"1":{"start":{"line":2,"column":33},"end":{"line":2,"column":56}},"2":{"start":{"line":4,"column":8},"end":{"line":4,"column":59}},"3":{"start":{"line":6,"column":8},"end":{"line":6,"column":54}},"4":{"start":{"line":9,"column":8},"end":{"line":9,"column":42}}},"fnMap":{"0":{"name":"(anonymous_0)","decl":{"start":{"line":2,"column":14},"end":{"line":2,"column":15}},"loc":{"start":{"line":2,"column":33},"end":{"line":2,"column":56}}},"1":{"name":"(anonymous_1)","decl":{"start":{"line":3,"column":15},"end":{"line":3,"column":16}},"loc":{"start":{"line":4,"column":8},"end":{"line":4,"column":59}}},"2":{"name":"(anonymous_2)","decl":{"start":{"line":5,"column":15},"end":{"line":5,"column":16}},"loc":{"start":{"line":6,"column":8},"end":{"line":6,"column":54}}},"3":{"name":"(anonymous_3)","decl":{"start":{"line":8,"column":21},"end":{"line":8,"column":22}},"loc":{"start":{"line":9,"column":8},"end":{"line":9,"column":42}}}},"branchMap":{},"s":{"0":0,"1":0,"2":0,"3":0,"4":0},"f":{"0":0,"1":0,"2":0,"3":0},"b":{}}
,"/Users/maddoxsciuchetti/fixies-branch/server/src/controllers/auth.controller.ts": {"path":"/Users/maddoxsciuchetti/fixies-branch/server/src/controllers/auth.controller.ts","statementMap":{"0":{"start":{"line":1,"column":0},"end":{"line":1,"column":38}},"1":{"start":{"line":2,"column":0},"end":{"line":2,"column":null}},"2":{"start":{"line":10,"column":0},"end":{"line":10,"column":62}},"3":{"start":{"line":11,"column":0},"end":{"line":11,"column":null}},"4":{"start":{"line":20,"column":0},"end":{"line":20,"column":43}},"5":{"start":{"line":21,"column":0},"end":{"line":21,"column":47}},"6":{"start":{"line":22,"column":0},"end":{"line":22,"column":null}},"7":{"start":{"line":28,"column":0},"end":{"line":28,"column":43}},"8":{"start":{"line":30,"column":13},"end":{"line":40,"column":3}},"9":{"start":{"line":31,"column":20},"end":{"line":35,"column":6}},"10":{"start":{"line":36,"column":48},"end":{"line":36,"column":76}},"11":{"start":{"line":37,"column":4},"end":{"line":39,"column":20}},"12":{"start":{"line":42,"column":13},"end":{"line":53,"column":3}},"13":{"start":{"line":43,"column":20},"end":{"line":47,"column":6}},"14":{"start":{"line":49,"column":8},"end":{"line":49,"column":41}},"15":{"start":{"line":50,"column":4},"end":{"line":52,"column":38}},"16":{"start":{"line":55,"column":13},"end":{"line":65,"column":3}},"17":{"start":{"line":56,"column":20},"end":{"line":60,"column":6}},"18":{"start":{"line":61,"column":42},"end":{"line":61,"column":66}},"19":{"start":{"line":62,"column":4},"end":{"line":64,"column":47}},"20":{"start":{"line":67,"column":13},"end":{"line":86,"column":3}},"21":{"start":{"line":68,"column":25},"end":{"line":68,"column":71}},"22":{"start":{"line":69,"column":4},"end":{"line":69,"column":67}},"23":{"start":{"line":72,"column":8},"end":{"line":72,"column":50}},"24":{"start":{"line":74,"column":4},"end":{"line":80,"column":5}},"25":{"start":{"line":75,"column":8},"end":{"line":79,"column":10}},"26":{"start":{"line":82,"column":4},"end":{"line":85,"column":53}},"27":{"start":{"line":88,"column":13},"end":{"line":105,"column":3}},"28":{"start":{"line":89,"column":24},"end":{"line":89,"column":69}},"29":{"start":{"line":90,"column":24},"end":{"line":90,"column":54}},"30":{"start":{"line":92,"column":4},"end":{"line":100,"column":5}},"31":{"start":{"line":93,"column":8},"end":{"line":99,"column":11}},"32":{"start":{"line":102,"column":4},"end":{"line":104,"column":48}},"33":{"start":{"line":107,"column":13},"end":{"line":111,"column":3}},"34":{"start":{"line":108,"column":29},"end":{"line":108,"column":74}},"35":{"start":{"line":109,"column":4},"end":{"line":109,"column":48}},"36":{"start":{"line":110,"column":4},"end":{"line":110,"column":79}},"37":{"start":{"line":113,"column":13},"end":{"line":117,"column":3}},"38":{"start":{"line":114,"column":18},"end":{"line":114,"column":51}},"39":{"start":{"line":115,"column":4},"end":{"line":115,"column":40}},"40":{"start":{"line":116,"column":4},"end":{"line":116,"column":73}},"41":{"start":{"line":119,"column":13},"end":{"line":125,"column":3}},"42":{"start":{"line":120,"column":20},"end":{"line":120,"column":55}},"43":{"start":{"line":121,"column":4},"end":{"line":121,"column":34}},"44":{"start":{"line":122,"column":4},"end":{"line":124,"column":62}}},"fnMap":{"0":{"name":"(anonymous_1)","decl":{"start":{"line":30,"column":36},"end":{"line":30,"column":41}},"loc":{"start":{"line":30,"column":55},"end":{"line":40,"column":1}}},"1":{"name":"(anonymous_2)","decl":{"start":{"line":42,"column":39},"end":{"line":42,"column":44}},"loc":{"start":{"line":42,"column":58},"end":{"line":53,"column":1}}},"2":{"name":"(anonymous_3)","decl":{"start":{"line":55,"column":33},"end":{"line":55,"column":38}},"loc":{"start":{"line":55,"column":52},"end":{"line":65,"column":1}}},"3":{"name":"(anonymous_4)","decl":{"start":{"line":67,"column":35},"end":{"line":67,"column":40}},"loc":{"start":{"line":67,"column":54},"end":{"line":86,"column":1}}},"4":{"name":"(anonymous_5)","decl":{"start":{"line":88,"column":34},"end":{"line":88,"column":39}},"loc":{"start":{"line":88,"column":53},"end":{"line":105,"column":1}}},"5":{"name":"(anonymous_6)","decl":{"start":{"line":107,"column":39},"end":{"line":107,"column":44}},"loc":{"start":{"line":107,"column":58},"end":{"line":111,"column":1}}},"6":{"name":"(anonymous_7)","decl":{"start":{"line":113,"column":40},"end":{"line":113,"column":45}},"loc":{"start":{"line":113,"column":59},"end":{"line":117,"column":1}}},"7":{"name":"(anonymous_8)","decl":{"start":{"line":119,"column":41},"end":{"line":119,"column":46}},"loc":{"start":{"line":119,"column":60},"end":{"line":125,"column":1}}}},"branchMap":{"0":{"loc":{"start":{"line":74,"column":4},"end":{"line":80,"column":5}},"type":"if","locations":[{"start":{"line":74,"column":4},"end":{"line":80,"column":5}},{"start":{},"end":{}}]},"1":{"loc":{"start":{"line":90,"column":36},"end":{"line":90,"column":53}},"type":"binary-expr","locations":[{"start":{"line":90,"column":36},"end":{"line":90,"column":47}},{"start":{"line":90,"column":51},"end":{"line":90,"column":53}}]},"2":{"loc":{"start":{"line":92,"column":4},"end":{"line":100,"column":5}},"type":"if","locations":[{"start":{"line":92,"column":4},"end":{"line":100,"column":5}},{"start":{},"end":{}}]}},"s":{"0":0,"1":0,"2":0,"3":0,"4":0,"5":0,"6":0,"7":0,"8":0,"9":0,"10":0,"11":0,"12":0,"13":0,"14":0,"15":0,"16":0,"17":0,"18":0,"19":0,"20":0,"21":0,"22":0,"23":0,"24":0,"25":0,"26":0,"27":0,"28":0,"29":0,"30":0,"31":0,"32":0,"33":0,"34":0,"35":0,"36":0,"37":0,"38":0,"39":0,"40":0,"41":0,"42":0,"43":0,"44":0},"f":{"0":0,"1":0,"2":0,"3":0,"4":0,"5":0,"6":0,"7":0},"b":{"0":[0,0],"1":[0,0],"2":[0,0]}}
,"/Users/maddoxsciuchetti/fixies-branch/server/src/controllers/billing.controller.ts": {"path":"/Users/maddoxsciuchetti/fixies-branch/server/src/controllers/billing.controller.ts","statementMap":{"0":{"start":{"line":1,"column":0},"end":{"line":1,"column":52}},"1":{"start":{"line":2,"column":0},"end":{"line":2,"column":72}},"2":{"start":{"line":3,"column":0},"end":{"line":3,"column":null}},"3":{"start":{"line":8,"column":0},"end":{"line":8,"column":42}},"4":{"start":{"line":9,"column":0},"end":{"line":9,"column":46}},"5":{"start":{"line":11,"column":13},"end":{"line":22,"column":3}},"6":{"start":{"line":12,"column":27},"end":{"line":12,"column":36}},"7":{"start":{"line":13,"column":19},"end":{"line":13,"column":29}},"8":{"start":{"line":14,"column":4},"end":{"line":14,"column":78}},"9":{"start":{"line":16,"column":22},"end":{"line":16,"column":65}},"10":{"start":{"line":17,"column":16},"end":{"line":20,"column":6}},"11":{"start":{"line":21,"column":4},"end":{"line":21,"column":40}},"12":{"start":{"line":24,"column":13},"end":{"line":30,"column":3}},"13":{"start":{"line":25,"column":27},"end":{"line":25,"column":36}},"14":{"start":{"line":26,"column":4},"end":{"line":26,"column":68}},"15":{"start":{"line":28,"column":16},"end":{"line":28,"column":67}},"16":{"start":{"line":29,"column":4},"end":{"line":29,"column":40}},"17":{"start":{"line":32,"column":13},"end":{"line":38,"column":3}},"18":{"start":{"line":33,"column":27},"end":{"line":33,"column":36}},"19":{"start":{"line":34,"column":4},"end":{"line":34,"column":68}},"20":{"start":{"line":36,"column":25},"end":{"line":36,"column":75}},"21":{"start":{"line":37,"column":4},"end":{"line":37,"column":45}}},"fnMap":{"0":{"name":"(anonymous_1)","decl":{"start":{"line":11,"column":49},"end":{"line":11,"column":54}},"loc":{"start":{"line":11,"column":68},"end":{"line":22,"column":1}}},"1":{"name":"(anonymous_2)","decl":{"start":{"line":24,"column":54},"end":{"line":24,"column":59}},"loc":{"start":{"line":24,"column":73},"end":{"line":30,"column":1}}},"2":{"name":"(anonymous_3)","decl":{"start":{"line":32,"column":50},"end":{"line":32,"column":55}},"loc":{"start":{"line":32,"column":69},"end":{"line":38,"column":1}}}},"branchMap":{"0":{"loc":{"start":{"line":14,"column":14},"end":{"line":14,"column":38}},"type":"binary-expr","locations":[{"start":{"line":14,"column":14},"end":{"line":14,"column":28}},{"start":{"line":14,"column":32},"end":{"line":14,"column":38}}]}},"s":{"0":0,"1":0,"2":0,"3":0,"4":0,"5":0,"6":0,"7":0,"8":0,"9":0,"10":0,"11":0,"12":0,"13":0,"14":0,"15":0,"16":0,"17":0,"18":0,"19":0,"20":0,"21":0},"f":{"0":0,"1":0,"2":0},"b":{"0":[0,0]}}
,"/Users/maddoxsciuchetti/fixies-branch/server/src/controllers/employee.controller.ts": {"path":"/Users/maddoxsciuchetti/fixies-branch/server/src/controllers/employee.controller.ts","statementMap":{"0":{"start":{"line":1,"column":0},"end":{"line":1,"column":49}},"1":{"start":{"line":2,"column":0},"end":{"line":2,"column":67}},"2":{"start":{"line":3,"column":0},"end":{"line":3,"column":null}},"3":{"start":{"line":11,"column":0},"end":{"line":11,"column":42}},"4":{"start":{"line":12,"column":0},"end":{"line":12,"column":46}},"5":{"start":{"line":14,"column":13},"end":{"line":27,"column":3}},"6":{"start":{"line":15,"column":18},"end":{"line":15,"column":27}},"7":{"start":{"line":16,"column":17},"end":{"line":16,"column":53}},"8":{"start":{"line":18,"column":19},"end":{"line":24,"column":7}},"9":{"start":{"line":18,"column":45},"end":{"line":24,"column":6}},"10":{"start":{"line":26,"column":4},"end":{"line":26,"column":39}},"11":{"start":{"line":29,"column":13},"end":{"line":39,"column":3}},"12":{"start":{"line":30,"column":18},"end":{"line":30,"column":27}},"13":{"start":{"line":31,"column":22},"end":{"line":31,"column":48}},"14":{"start":{"line":33,"column":19},"end":{"line":36,"column":7}},"15":{"start":{"line":33,"column":43},"end":{"line":36,"column":6}},"16":{"start":{"line":38,"column":4},"end":{"line":38,"column":39}},"17":{"start":{"line":41,"column":13},"end":{"line":52,"column":3}},"18":{"start":{"line":42,"column":15},"end":{"line":42,"column":38}},"19":{"start":{"line":43,"column":18},"end":{"line":43,"column":27}},"20":{"start":{"line":45,"column":21},"end":{"line":45,"column":55}},"21":{"start":{"line":46,"column":4},"end":{"line":46,"column":57}},"22":{"start":{"line":48,"column":4},"end":{"line":51,"column":7}},"23":{"start":{"line":54,"column":13},"end":{"line":61,"column":3}},"24":{"start":{"line":55,"column":15},"end":{"line":55,"column":38}},"25":{"start":{"line":56,"column":18},"end":{"line":56,"column":27}},"26":{"start":{"line":58,"column":4},"end":{"line":58,"column":36}},"27":{"start":{"line":60,"column":4},"end":{"line":60,"column":77}},"28":{"start":{"line":63,"column":13},"end":{"line":73,"column":3}},"29":{"start":{"line":64,"column":18},"end":{"line":64,"column":27}},"30":{"start":{"line":65,"column":17},"end":{"line":65,"column":54}},"31":{"start":{"line":67,"column":19},"end":{"line":70,"column":6}},"32":{"start":{"line":72,"column":4},"end":{"line":72,"column":39}}},"fnMap":{"0":{"name":"(anonymous_1)","decl":{"start":{"line":14,"column":49},"end":{"line":14,"column":54}},"loc":{"start":{"line":14,"column":68},"end":{"line":27,"column":1}}},"1":{"name":"(anonymous_2)","decl":{"start":{"line":18,"column":28},"end":{"line":18,"column":29}},"loc":{"start":{"line":18,"column":45},"end":{"line":24,"column":6}}},"2":{"name":"(anonymous_3)","decl":{"start":{"line":29,"column":39},"end":{"line":29,"column":44}},"loc":{"start":{"line":29,"column":58},"end":{"line":39,"column":1}}},"3":{"name":"(anonymous_4)","decl":{"start":{"line":33,"column":33},"end":{"line":33,"column":34}},"loc":{"start":{"line":33,"column":43},"end":{"line":36,"column":6}}},"4":{"name":"(anonymous_5)","decl":{"start":{"line":41,"column":43},"end":{"line":41,"column":48}},"loc":{"start":{"line":41,"column":62},"end":{"line":52,"column":1}}},"5":{"name":"(anonymous_6)","decl":{"start":{"line":54,"column":42},"end":{"line":54,"column":47}},"loc":{"start":{"line":54,"column":61},"end":{"line":61,"column":1}}},"6":{"name":"(anonymous_7)","decl":{"start":{"line":63,"column":43},"end":{"line":63,"column":48}},"loc":{"start":{"line":63,"column":62},"end":{"line":73,"column":1}}}},"branchMap":{},"s":{"0":0,"1":0,"2":0,"3":0,"4":0,"5":0,"6":0,"7":0,"8":0,"9":0,"10":0,"11":0,"12":0,"13":0,"14":0,"15":0,"16":0,"17":0,"18":0,"19":0,"20":0,"21":0,"22":0,"23":0,"24":0,"25":0,"26":0,"27":0,"28":0,"29":0,"30":0,"31":0,"32":0},"f":{"0":0,"1":0,"2":0,"3":0,"4":0,"5":0,"6":0},"b":{}}
,"/Users/maddoxsciuchetti/fixies-branch/server/src/controllers/index.controller.ts": {"path":"/Users/maddoxsciuchetti/fixies-branch/server/src/controllers/index.controller.ts","statementMap":{"0":{"start":{"line":2,"column":0},"end":{"line":2,"column":36}},"1":{"start":{"line":3,"column":0},"end":{"line":3,"column":34}},"2":{"start":{"line":4,"column":0},"end":{"line":4,"column":20}},"3":{"start":{"line":6,"column":0},"end":{"line":6,"column":61}},"4":{"start":{"line":7,"column":0},"end":{"line":7,"column":39}},"5":{"start":{"line":9,"column":13},"end":{"line":11,"column":3}},"6":{"start":{"line":13,"column":28},"end":{"line":17,"column":1}},"7":{"start":{"line":14,"column":18},"end":{"line":14,"column":32}},"8":{"start":{"line":15,"column":4},"end":{"line":15,"column":35}},"9":{"start":{"line":16,"column":4},"end":{"line":16,"column":50}},"10":{"start":{"line":13,"column":13},"end":{"line":13,"column":28}},"11":{"start":{"line":19,"column":23},"end":{"line":31,"column":1}},"12":{"start":{"line":20,"column":25},"end":{"line":23,"column":null}},"13":{"start":{"line":26,"column":4},"end":{"line":28,"column":7}},"14":{"start":{"line":30,"column":4},"end":{"line":30,"column":24}},"15":{"start":{"line":33,"column":27},"end":{"line":73,"column":1}},"16":{"start":{"line":34,"column":33},"end":{"line":34,"column":41}},"17":{"start":{"line":35,"column":18},"end":{"line":35,"column":52}},"18":{"start":{"line":37,"column":31},"end":{"line":37,"column":33}},"19":{"start":{"line":39,"column":17},"end":{"line":39,"column":33}},"20":{"start":{"line":41,"column":4},"end":{"line":60,"column":5}},"21":{"start":{"line":42,"column":22},"end":{"line":42,"column":59}},"22":{"start":{"line":44,"column":8},"end":{"line":59,"column":9}},"23":{"start":{"line":45,"column":34},"end":{"line":55,"column":14}},"24":{"start":{"line":56,"column":12},"end":{"line":58,"column":14}},"25":{"start":{"line":62,"column":19},"end":{"line":62,"column":57}},"26":{"start":{"line":63,"column":4},"end":{"line":70,"column":7}},"27":{"start":{"line":72,"column":4},"end":{"line":72,"column":32}},"28":{"start":{"line":33,"column":13},"end":{"line":33,"column":27}}},"fnMap":{"0":{"name":"(anonymous_1)","decl":{"start":{"line":13,"column":28},"end":{"line":13,"column":33}},"loc":{"start":{"line":13,"column":66},"end":{"line":17,"column":1}}},"1":{"name":"(anonymous_2)","decl":{"start":{"line":19,"column":23},"end":{"line":19,"column":26}},"loc":{"start":{"line":19,"column":28},"end":{"line":31,"column":1}}},"2":{"name":"(anonymous_3)","decl":{"start":{"line":33,"column":27},"end":{"line":33,"column":32}},"loc":{"start":{"line":33,"column":65},"end":{"line":73,"column":1}}}},"branchMap":{"0":{"loc":{"start":{"line":41,"column":4},"end":{"line":60,"column":5}},"type":"if","locations":[{"start":{"line":41,"column":4},"end":{"line":60,"column":5}},{"start":{},"end":{}}]}},"s":{"0":0,"1":0,"2":0,"3":0,"4":0,"5":0,"6":0,"7":0,"8":0,"9":0,"10":0,"11":0,"12":0,"13":0,"14":0,"15":0,"16":0,"17":0,"18":0,"19":0,"20":0,"21":0,"22":0,"23":0,"24":0,"25":0,"26":0,"27":0,"28":0},"f":{"0":0,"1":0,"2":0},"b":{"0":[0,0]}}
,"/Users/maddoxsciuchetti/fixies-branch/server/src/controllers/invite.controller.ts": {"path":"/Users/maddoxsciuchetti/fixies-branch/server/src/controllers/invite.controller.ts","statementMap":{"0":{"start":{"line":1,"column":0},"end":{"line":1,"column":61}},"1":{"start":{"line":2,"column":0},"end":{"line":2,"column":null}},"2":{"start":{"line":6,"column":0},"end":{"line":6,"column":null}},"3":{"start":{"line":11,"column":0},"end":{"line":11,"column":42}},"4":{"start":{"line":12,"column":0},"end":{"line":12,"column":46}},"5":{"start":{"line":13,"column":0},"end":{"line":13,"column":49}},"6":{"start":{"line":15,"column":13},"end":{"line":32,"column":3}},"7":{"start":{"line":16,"column":28},"end":{"line":16,"column":38}},"8":{"start":{"line":17,"column":4},"end":{"line":17,"column":66}},"9":{"start":{"line":19,"column":18},"end":{"line":19,"column":27}},"10":{"start":{"line":20,"column":4},"end":{"line":24,"column":6}},"11":{"start":{"line":26,"column":17},"end":{"line":26,"column":51}},"12":{"start":{"line":27,"column":19},"end":{"line":27,"column":67}},"13":{"start":{"line":29,"column":4},"end":{"line":31,"column":70}},"14":{"start":{"line":34,"column":13},"end":{"line":38,"column":3}},"15":{"start":{"line":35,"column":18},"end":{"line":35,"column":42}},"16":{"start":{"line":36,"column":19},"end":{"line":36,"column":48}},"17":{"start":{"line":37,"column":4},"end":{"line":37,"column":39}},"18":{"start":{"line":40,"column":13},"end":{"line":52,"column":3}},"19":{"start":{"line":41,"column":18},"end":{"line":41,"column":42}},"20":{"start":{"line":42,"column":17},"end":{"line":46,"column":6}},"21":{"start":{"line":48,"column":8},"end":{"line":48,"column":39}},"22":{"start":{"line":49,"column":4},"end":{"line":51,"column":40}}},"fnMap":{"0":{"name":"(anonymous_1)","decl":{"start":{"line":15,"column":47},"end":{"line":15,"column":52}},"loc":{"start":{"line":15,"column":66},"end":{"line":32,"column":1}}},"1":{"name":"(anonymous_2)","decl":{"start":{"line":34,"column":44},"end":{"line":34,"column":49}},"loc":{"start":{"line":34,"column":63},"end":{"line":38,"column":1}}},"2":{"name":"(anonymous_3)","decl":{"start":{"line":40,"column":47},"end":{"line":40,"column":52}},"loc":{"start":{"line":40,"column":66},"end":{"line":52,"column":1}}}},"branchMap":{},"s":{"0":0,"1":0,"2":0,"3":0,"4":0,"5":0,"6":0,"7":0,"8":0,"9":0,"10":0,"11":0,"12":0,"13":0,"14":0,"15":0,"16":0,"17":0,"18":0,"19":0,"20":0,"21":0,"22":0},"f":{"0":0,"1":0,"2":0},"b":{}}
,"/Users/maddoxsciuchetti/fixies-branch/server/src/controllers/orgEngagement.controller.ts": {"path":"/Users/maddoxsciuchetti/fixies-branch/server/src/controllers/orgEngagement.controller.ts","statementMap":{"0":{"start":{"line":1,"column":0},"end":{"line":1,"column":52}},"1":{"start":{"line":2,"column":0},"end":{"line":2,"column":70}},"2":{"start":{"line":3,"column":0},"end":{"line":3,"column":42}},"3":{"start":{"line":4,"column":0},"end":{"line":4,"column":46}},"4":{"start":{"line":6,"column":13},"end":{"line":15,"column":3}},"5":{"start":{"line":7,"column":18},"end":{"line":7,"column":27}},"6":{"start":{"line":8,"column":4},"end":{"line":12,"column":6}},"7":{"start":{"line":13,"column":24},"end":{"line":13,"column":55}},"8":{"start":{"line":14,"column":4},"end":{"line":14,"column":48}}},"fnMap":{"0":{"name":"(anonymous_1)","decl":{"start":{"line":6,"column":53},"end":{"line":6,"column":58}},"loc":{"start":{"line":6,"column":72},"end":{"line":15,"column":1}}}},"branchMap":{},"s":{"0":0,"1":0,"2":0,"3":0,"4":0,"5":0,"6":0,"7":0,"8":0},"f":{"0":0},"b":{}}
,"/Users/maddoxsciuchetti/fixies-branch/server/src/controllers/orgStatus.controller.ts": {"path":"/Users/maddoxsciuchetti/fixies-branch/server/src/controllers/orgStatus.controller.ts","statementMap":{"0":{"start":{"line":1,"column":0},"end":{"line":1,"column":73}},"1":{"start":{"line":2,"column":0},"end":{"line":2,"column":null}},"2":{"start":{"line":7,"column":0},"end":{"line":7,"column":null}},"3":{"start":{"line":13,"column":0},"end":{"line":13,"column":42}},"4":{"start":{"line":14,"column":0},"end":{"line":14,"column":56}},"5":{"start":{"line":15,"column":0},"end":{"line":15,"column":46}},"6":{"start":{"line":17,"column":13},"end":{"line":29,"column":3}},"7":{"start":{"line":18,"column":18},"end":{"line":18,"column":27}},"8":{"start":{"line":19,"column":4},"end":{"line":23,"column":6}},"9":{"start":{"line":24,"column":16},"end":{"line":24,"column":36}},"10":{"start":{"line":25,"column":19},"end":{"line":25,"column":52}},"11":{"start":{"line":26,"column":23},"end":{"line":26,"column":62}},"12":{"start":{"line":27,"column":21},"end":{"line":27,"column":70}},"13":{"start":{"line":28,"column":4},"end":{"line":28,"column":45}},"14":{"start":{"line":31,"column":13},"end":{"line":42,"column":3}},"15":{"start":{"line":32,"column":18},"end":{"line":32,"column":61}},"16":{"start":{"line":33,"column":17},"end":{"line":33,"column":54}},"17":{"start":{"line":34,"column":16},"end":{"line":36,"column":6}},"18":{"start":{"line":37,"column":4},"end":{"line":41,"column":7}},"19":{"start":{"line":44,"column":13},"end":{"line":54,"column":3}},"20":{"start":{"line":45,"column":18},"end":{"line":45,"column":61}},"21":{"start":{"line":46,"column":21},"end":{"line":46,"column":42}},"22":{"start":{"line":47,"column":17},"end":{"line":47,"column":54}},"23":{"start":{"line":48,"column":16},"end":{"line":48,"column":69}},"24":{"start":{"line":49,"column":4},"end":{"line":53,"column":7}},"25":{"start":{"line":56,"column":13},"end":{"line":61,"column":3}},"26":{"start":{"line":57,"column":18},"end":{"line":57,"column":61}},"27":{"start":{"line":58,"column":21},"end":{"line":58,"column":42}},"28":{"start":{"line":59,"column":4},"end":{"line":59,"column":52}},"29":{"start":{"line":60,"column":4},"end":{"line":60,"column":41}}},"fnMap":{"0":{"name":"(anonymous_1)","decl":{"start":{"line":17,"column":50},"end":{"line":17,"column":55}},"loc":{"start":{"line":17,"column":69},"end":{"line":29,"column":1}}},"1":{"name":"(anonymous_2)","decl":{"start":{"line":31,"column":50},"end":{"line":31,"column":55}},"loc":{"start":{"line":31,"column":69},"end":{"line":42,"column":1}}},"2":{"name":"(anonymous_3)","decl":{"start":{"line":44,"column":50},"end":{"line":44,"column":55}},"loc":{"start":{"line":44,"column":69},"end":{"line":54,"column":1}}},"3":{"name":"(anonymous_4)","decl":{"start":{"line":56,"column":50},"end":{"line":56,"column":55}},"loc":{"start":{"line":56,"column":69},"end":{"line":61,"column":1}}}},"branchMap":{"0":{"loc":{"start":{"line":25,"column":19},"end":{"line":25,"column":52}},"type":"cond-expr","locations":[{"start":{"line":25,"column":40},"end":{"line":25,"column":46}},{"start":{"line":25,"column":49},"end":{"line":25,"column":52}}]}},"s":{"0":0,"1":0,"2":0,"3":0,"4":0,"5":0,"6":0,"7":0,"8":0,"9":0,"10":0,"11":0,"12":0,"13":0,"14":0,"15":0,"16":0,"17":0,"18":0,"19":0,"20":0,"21":0,"22":0,"23":0,"24":0,"25":0,"26":0,"27":0,"28":0,"29":0},"f":{"0":0,"1":0,"2":0,"3":0},"b":{"0":[0,0]}}
,"/Users/maddoxsciuchetti/fixies-branch/server/src/controllers/stripeWebhook.controller.ts": {"path":"/Users/maddoxsciuchetti/fixies-branch/server/src/controllers/stripeWebhook.controller.ts","statementMap":{"0":{"start":{"line":7,"column":0},"end":{"line":7,"column":7}},"1":{"start":{"line":1,"column":0},"end":{"line":1,"column":56}},"2":{"start":{"line":2,"column":0},"end":{"line":2,"column":98}},"3":{"start":{"line":3,"column":0},"end":{"line":3,"column":40}},"4":{"start":{"line":12,"column":4},"end":{"line":18,"column":5}},"5":{"start":{"line":13,"column":22},"end":{"line":13,"column":43}},"6":{"start":{"line":14,"column":8},"end":{"line":14,"column":48}},"7":{"start":{"line":15,"column":8},"end":{"line":15,"column":37}},"8":{"start":{"line":17,"column":8},"end":{"line":17,"column":18}},"9":{"start":{"line":22,"column":22},"end":{"line":22,"column":53}},"10":{"start":{"line":23,"column":4},"end":{"line":25,"column":5}},"11":{"start":{"line":24,"column":8},"end":{"line":24,"column":59}},"12":{"start":{"line":26,"column":4},"end":{"line":30,"column":6}}},"fnMap":{"0":{"name":"stripeWebhookHandler","decl":{"start":{"line":7,"column":22},"end":{"line":7,"column":42}},"loc":{"start":{"line":10,"column":22},"end":{"line":19,"column":1}}},"1":{"name":"parseStripeEvent","decl":{"start":{"line":21,"column":9},"end":{"line":21,"column":25}},"loc":{"start":{"line":21,"column":38},"end":{"line":31,"column":1}}}},"branchMap":{"0":{"loc":{"start":{"line":23,"column":4},"end":{"line":25,"column":5}},"type":"if","locations":[{"start":{"line":23,"column":4},"end":{"line":25,"column":5}},{"start":{},"end":{}}]}},"s":{"0":1,"1":1,"2":1,"3":1,"4":5,"5":5,"6":4,"7":3,"8":2,"9":5,"10":5,"11":0,"12":5},"f":{"0":5,"1":5},"b":{"0":[0,5]}}
,"/Users/maddoxsciuchetti/fixies-branch/server/src/controllers/task.controller.ts": {"path":"/Users/maddoxsciuchetti/fixies-branch/server/src/controllers/task.controller.ts","statementMap":{"0":{"start":{"line":1,"column":0},"end":{"line":1,"column":47}},"1":{"start":{"line":2,"column":0},"end":{"line":2,"column":null}},"2":{"start":{"line":10,"column":0},"end":{"line":10,"column":46}},"3":{"start":{"line":12,"column":13},"end":{"line":16,"column":3}},"4":{"start":{"line":13,"column":18},"end":{"line":13,"column":27}},"5":{"start":{"line":14,"column":18},"end":{"line":14,"column":41}},"6":{"start":{"line":15,"column":4},"end":{"line":15,"column":38}},"7":{"start":{"line":18,"column":13},"end":{"line":23,"column":3}},"8":{"start":{"line":19,"column":18},"end":{"line":19,"column":27}},"9":{"start":{"line":20,"column":19},"end":{"line":20,"column":29}},"10":{"start":{"line":21,"column":19},"end":{"line":21,"column":55}},"11":{"start":{"line":22,"column":4},"end":{"line":22,"column":44}},"12":{"start":{"line":25,"column":13},"end":{"line":31,"column":3}},"13":{"start":{"line":26,"column":18},"end":{"line":26,"column":27}},"14":{"start":{"line":27,"column":19},"end":{"line":27,"column":29}},"15":{"start":{"line":28,"column":15},"end":{"line":28,"column":36}},"16":{"start":{"line":29,"column":19},"end":{"line":29,"column":69}},"17":{"start":{"line":30,"column":4},"end":{"line":30,"column":39}},"18":{"start":{"line":33,"column":13},"end":{"line":38,"column":3}},"19":{"start":{"line":34,"column":18},"end":{"line":34,"column":27}},"20":{"start":{"line":35,"column":15},"end":{"line":35,"column":36}},"21":{"start":{"line":36,"column":20},"end":{"line":36,"column":56}},"22":{"start":{"line":37,"column":4},"end":{"line":37,"column":40}},"23":{"start":{"line":40,"column":13},"end":{"line":56,"column":3}},"24":{"start":{"line":41,"column":18},"end":{"line":41,"column":27}},"25":{"start":{"line":42,"column":19},"end":{"line":42,"column":29}},"26":{"start":{"line":43,"column":20},"end":{"line":43,"column":41}},"27":{"start":{"line":44,"column":16},"end":{"line":44,"column":67}},"28":{"start":{"line":46,"column":8},"end":{"line":46,"column":72}},"29":{"start":{"line":48,"column":8},"end":{"line":50,"column":18}},"30":{"start":{"line":51,"column":19},"end":{"line":54,"column":6}},"31":{"start":{"line":55,"column":4},"end":{"line":55,"column":39}},"32":{"start":{"line":58,"column":13},"end":{"line":67,"column":3}},"33":{"start":{"line":59,"column":18},"end":{"line":59,"column":27}},"34":{"start":{"line":60,"column":16},"end":{"line":64,"column":12}},"35":{"start":{"line":62,"column":36},"end":{"line":62,"column":58}},"36":{"start":{"line":65,"column":19},"end":{"line":65,"column":53}},"37":{"start":{"line":66,"column":4},"end":{"line":66,"column":39}}},"fnMap":{"0":{"name":"(anonymous_1)","decl":{"start":{"line":12,"column":38},"end":{"line":12,"column":43}},"loc":{"start":{"line":12,"column":57},"end":{"line":16,"column":1}}},"1":{"name":"(anonymous_2)","decl":{"start":{"line":18,"column":38},"end":{"line":18,"column":43}},"loc":{"start":{"line":18,"column":57},"end":{"line":23,"column":1}}},"2":{"name":"(anonymous_3)","decl":{"start":{"line":25,"column":38},"end":{"line":25,"column":43}},"loc":{"start":{"line":25,"column":57},"end":{"line":31,"column":1}}},"3":{"name":"(anonymous_4)","decl":{"start":{"line":33,"column":44},"end":{"line":33,"column":49}},"loc":{"start":{"line":33,"column":63},"end":{"line":38,"column":1}}},"4":{"name":"(anonymous_5)","decl":{"start":{"line":40,"column":45},"end":{"line":40,"column":50}},"loc":{"start":{"line":40,"column":64},"end":{"line":56,"column":1}}},"5":{"name":"(anonymous_6)","decl":{"start":{"line":58,"column":39},"end":{"line":58,"column":44}},"loc":{"start":{"line":58,"column":58},"end":{"line":67,"column":1}}},"6":{"name":"(anonymous_7)","decl":{"start":{"line":62,"column":14},"end":{"line":62,"column":15}},"loc":{"start":{"line":62,"column":36},"end":{"line":62,"column":58}}}},"branchMap":{"0":{"loc":{"start":{"line":46,"column":8},"end":{"line":46,"column":72}},"type":"cond-expr","locations":[{"start":{"line":46,"column":39},"end":{"line":46,"column":47}},{"start":{"line":46,"column":50},"end":{"line":46,"column":72}}]},"1":{"loc":{"start":{"line":46,"column":57},"end":{"line":46,"column":71}},"type":"binary-expr","locations":[{"start":{"line":46,"column":57},"end":{"line":46,"column":65}},{"start":{"line":46,"column":69},"end":{"line":46,"column":71}}]},"2":{"loc":{"start":{"line":48,"column":8},"end":{"line":50,"column":18}},"type":"cond-expr","locations":[{"start":{"line":49,"column":14},"end":{"line":49,"column":27}},{"start":{"line":50,"column":14},"end":{"line":50,"column":18}}]},"3":{"loc":{"start":{"line":48,"column":8},"end":{"line":48,"column":69}},"type":"binary-expr","locations":[{"start":{"line":48,"column":8},"end":{"line":48,"column":41}},{"start":{"line":48,"column":45},"end":{"line":48,"column":69}}]},"4":{"loc":{"start":{"line":60,"column":16},"end":{"line":64,"column":12}},"type":"cond-expr","locations":[{"start":{"line":61,"column":11},"end":{"line":62,"column":null}},{"start":{"line":64,"column":10},"end":{"line":64,"column":12}}]}},"s":{"0":0,"1":0,"2":0,"3":0,"4":0,"5":0,"6":0,"7":0,"8":0,"9":0,"10":0,"11":0,"12":0,"13":0,"14":0,"15":0,"16":0,"17":0,"18":0,"19":0,"20":0,"21":0,"22":0,"23":0,"24":0,"25":0,"26":0,"27":0,"28":0,"29":0,"30":0,"31":0,"32":0,"33":0,"34":0,"35":0,"36":0,"37":0},"f":{"0":0,"1":0,"2":0,"3":0,"4":0,"5":0,"6":0},"b":{"0":[0,0],"1":[0,0],"2":[0,0],"3":[0,0],"4":[0,0]}}
,"/Users/maddoxsciuchetti/fixies-branch/server/src/controllers/template.controller.ts": {"path":"/Users/maddoxsciuchetti/fixies-branch/server/src/controllers/template.controller.ts","statementMap":{"0":{"start":{"line":1,"column":0},"end":{"line":1,"column":58}},"1":{"start":{"line":2,"column":0},"end":{"line":2,"column":null}},"2":{"start":{"line":13,"column":0},"end":{"line":13,"column":42}},"3":{"start":{"line":14,"column":0},"end":{"line":14,"column":46}},"4":{"start":{"line":17,"column":17},"end":{"line":18,"column":43}},"5":{"start":{"line":18,"column":4},"end":{"line":18,"column":43}},"6":{"start":{"line":20,"column":13},"end":{"line":40,"column":3}},"7":{"start":{"line":21,"column":19},"end":{"line":21,"column":29}},"8":{"start":{"line":22,"column":18},"end":{"line":22,"column":33}},"9":{"start":{"line":23,"column":17},"end":{"line":23,"column":null}},"10":{"start":{"line":29,"column":17},"end":{"line":29,"column":53}},"11":{"start":{"line":30,"column":24},"end":{"line":30,"column":74}},"12":{"start":{"line":32,"column":21},"end":{"line":37,"column":6}},"13":{"start":{"line":39,"column":4},"end":{"line":39,"column":46}},"14":{"start":{"line":42,"column":13},"end":{"line":48,"column":3}},"15":{"start":{"line":43,"column":18},"end":{"line":43,"column":27}},"16":{"start":{"line":45,"column":22},"end":{"line":45,"column":49}},"17":{"start":{"line":47,"column":4},"end":{"line":47,"column":42}},"18":{"start":{"line":50,"column":13},"end":{"line":58,"column":3}},"19":{"start":{"line":51,"column":15},"end":{"line":51,"column":38}},"20":{"start":{"line":52,"column":18},"end":{"line":52,"column":27}},"21":{"start":{"line":54,"column":21},"end":{"line":54,"column":55}},"22":{"start":{"line":55,"column":4},"end":{"line":55,"column":57}},"23":{"start":{"line":57,"column":4},"end":{"line":57,"column":41}},"24":{"start":{"line":60,"column":13},"end":{"line":75,"column":3}},"25":{"start":{"line":61,"column":15},"end":{"line":61,"column":38}},"26":{"start":{"line":62,"column":17},"end":{"line":62,"column":null}},"27":{"start":{"line":68,"column":18},"end":{"line":68,"column":27}},"28":{"start":{"line":70,"column":21},"end":{"line":73,"column":6}},"29":{"start":{"line":74,"column":4},"end":{"line":74,"column":41}},"30":{"start":{"line":77,"column":13},"end":{"line":84,"column":3}},"31":{"start":{"line":78,"column":15},"end":{"line":78,"column":38}},"32":{"start":{"line":79,"column":18},"end":{"line":79,"column":27}},"33":{"start":{"line":81,"column":4},"end":{"line":81,"column":36}},"34":{"start":{"line":83,"column":4},"end":{"line":83,"column":77}},"35":{"start":{"line":87,"column":13},"end":{"line":102,"column":3}},"36":{"start":{"line":88,"column":23},"end":{"line":88,"column":54}},"37":{"start":{"line":89,"column":18},"end":{"line":89,"column":27}},"38":{"start":{"line":90,"column":71},"end":{"line":90,"column":79}},"39":{"start":{"line":91,"column":4},"end":{"line":91,"column":28}},"40":{"start":{"line":92,"column":17},"end":{"line":99,"column":6}},"41":{"start":{"line":101,"column":4},"end":{"line":101,"column":42}},"42":{"start":{"line":104,"column":13},"end":{"line":118,"column":3}},"43":{"start":{"line":105,"column":23},"end":{"line":105,"column":54}},"44":{"start":{"line":106,"column":18},"end":{"line":106,"column":27}},"45":{"start":{"line":108,"column":19},"end":{"line":108,"column":62}},"46":{"start":{"line":109,"column":4},"end":{"line":109,"column":55}},"47":{"start":{"line":111,"column":22},"end":{"line":111,"column":28}},"48":{"start":{"line":112,"column":21},"end":{"line":116,"column":7}},"49":{"start":{"line":112,"column":42},"end":{"line":116,"column":6}},"50":{"start":{"line":117,"column":4},"end":{"line":117,"column":41}},"51":{"start":{"line":120,"column":13},"end":{"line":131,"column":3}},"52":{"start":{"line":121,"column":15},"end":{"line":121,"column":38}},"53":{"start":{"line":122,"column":71},"end":{"line":122,"column":79}},"54":{"start":{"line":123,"column":20},"end":{"line":128,"column":6}},"55":{"start":{"line":130,"column":4},"end":{"line":130,"column":40}},"56":{"start":{"line":133,"column":13},"end":{"line":140,"column":3}},"57":{"start":{"line":134,"column":15},"end":{"line":134,"column":38}},"58":{"start":{"line":135,"column":18},"end":{"line":135,"column":27}},"59":{"start":{"line":137,"column":4},"end":{"line":137,"column":33}},"60":{"start":{"line":139,"column":4},"end":{"line":139,"column":73}}},"fnMap":{"0":{"name":"(anonymous_1)","decl":{"start":{"line":17,"column":17},"end":{"line":17,"column":18}},"loc":{"start":{"line":18,"column":4},"end":{"line":18,"column":43}}},"1":{"name":"(anonymous_2)","decl":{"start":{"line":20,"column":42},"end":{"line":20,"column":47}},"loc":{"start":{"line":20,"column":61},"end":{"line":40,"column":1}}},"2":{"name":"(anonymous_3)","decl":{"start":{"line":42,"column":40},"end":{"line":42,"column":45}},"loc":{"start":{"line":42,"column":59},"end":{"line":48,"column":1}}},"3":{"name":"(anonymous_4)","decl":{"start":{"line":50,"column":43},"end":{"line":50,"column":48}},"loc":{"start":{"line":50,"column":62},"end":{"line":58,"column":1}}},"4":{"name":"(anonymous_5)","decl":{"start":{"line":60,"column":42},"end":{"line":60,"column":47}},"loc":{"start":{"line":60,"column":61},"end":{"line":75,"column":1}}},"5":{"name":"(anonymous_6)","decl":{"start":{"line":77,"column":42},"end":{"line":77,"column":47}},"loc":{"start":{"line":77,"column":61},"end":{"line":84,"column":1}}},"6":{"name":"(anonymous_7)","decl":{"start":{"line":87,"column":46},"end":{"line":87,"column":51}},"loc":{"start":{"line":87,"column":65},"end":{"line":102,"column":1}}},"7":{"name":"(anonymous_8)","decl":{"start":{"line":104,"column":44},"end":{"line":104,"column":49}},"loc":{"start":{"line":104,"column":63},"end":{"line":118,"column":1}}},"8":{"name":"(anonymous_9)","decl":{"start":{"line":112,"column":31},"end":{"line":112,"column":32}},"loc":{"start":{"line":112,"column":42},"end":{"line":116,"column":6}}},"9":{"name":"(anonymous_10)","decl":{"start":{"line":120,"column":46},"end":{"line":120,"column":51}},"loc":{"start":{"line":120,"column":65},"end":{"line":131,"column":1}}},"10":{"name":"(anonymous_11)","decl":{"start":{"line":133,"column":46},"end":{"line":133,"column":51}},"loc":{"start":{"line":133,"column":65},"end":{"line":140,"column":1}}}},"branchMap":{"0":{"loc":{"start":{"line":18,"column":4},"end":{"line":18,"column":43}},"type":"cond-expr","locations":[{"start":{"line":18,"column":27},"end":{"line":18,"column":35}},{"start":{"line":18,"column":38},"end":{"line":18,"column":43}}]},"1":{"loc":{"start":{"line":22,"column":18},"end":{"line":22,"column":33}},"type":"binary-expr","locations":[{"start":{"line":22,"column":18},"end":{"line":22,"column":27}},{"start":{"line":22,"column":31},"end":{"line":22,"column":33}}]},"2":{"loc":{"start":{"line":29,"column":17},"end":{"line":29,"column":53}},"type":"binary-expr","locations":[{"start":{"line":29,"column":17},"end":{"line":29,"column":26}},{"start":{"line":29,"column":30},"end":{"line":29,"column":47}},{"start":{"line":29,"column":51},"end":{"line":29,"column":53}}]},"3":{"loc":{"start":{"line":30,"column":24},"end":{"line":30,"column":74}},"type":"binary-expr","locations":[{"start":{"line":30,"column":24},"end":{"line":30,"column":40}},{"start":{"line":30,"column":44},"end":{"line":30,"column":68}},{"start":{"line":30,"column":72},"end":{"line":30,"column":74}}]},"4":{"loc":{"start":{"line":71,"column":14},"end":{"line":71,"column":50}},"type":"binary-expr","locations":[{"start":{"line":71,"column":14},"end":{"line":71,"column":23}},{"start":{"line":71,"column":27},"end":{"line":71,"column":44}},{"start":{"line":71,"column":48},"end":{"line":71,"column":50}}]},"5":{"loc":{"start":{"line":72,"column":21},"end":{"line":72,"column":71}},"type":"binary-expr","locations":[{"start":{"line":72,"column":21},"end":{"line":72,"column":37}},{"start":{"line":72,"column":41},"end":{"line":72,"column":65}},{"start":{"line":72,"column":69},"end":{"line":72,"column":71}}]}},"s":{"0":0,"1":0,"2":0,"3":0,"4":0,"5":0,"6":0,"7":0,"8":0,"9":0,"10":0,"11":0,"12":0,"13":0,"14":0,"15":0,"16":0,"17":0,"18":0,"19":0,"20":0,"21":0,"22":0,"23":0,"24":0,"25":0,"26":0,"27":0,"28":0,"29":0,"30":0,"31":0,"32":0,"33":0,"34":0,"35":0,"36":0,"37":0,"38":0,"39":0,"40":0,"41":0,"42":0,"43":0,"44":0,"45":0,"46":0,"47":0,"48":0,"49":0,"50":0,"51":0,"52":0,"53":0,"54":0,"55":0,"56":0,"57":0,"58":0,"59":0,"60":0},"f":{"0":0,"1":0,"2":0,"3":0,"4":0,"5":0,"6":0,"7":0,"8":0,"9":0,"10":0},"b":{"0":[0,0],"1":[0,0],"2":[0,0,0],"3":[0,0,0],"4":[0,0,0],"5":[0,0,0]}}
,"/Users/maddoxsciuchetti/fixies-branch/server/src/controllers/test.controller.ts": {"path":"/Users/maddoxsciuchetti/fixies-branch/server/src/controllers/test.controller.ts","statementMap":{"0":{"start":{"line":1,"column":0},"end":{"line":1,"column":38}},"1":{"start":{"line":2,"column":0},"end":{"line":2,"column":46}},"2":{"start":{"line":3,"column":0},"end":{"line":3,"column":73}},"3":{"start":{"line":5,"column":13},"end":{"line":14,"column":3}},"4":{"start":{"line":6,"column":22},"end":{"line":6,"column":30}},"5":{"start":{"line":7,"column":4},"end":{"line":7,"column":61}},"6":{"start":{"line":9,"column":4},"end":{"line":11,"column":7}},"7":{"start":{"line":13,"column":4},"end":{"line":13,"column":67}},"8":{"start":{"line":16,"column":13},"end":{"line":23,"column":3}},"9":{"start":{"line":18,"column":8},"end":{"line":20,"column":23}},"10":{"start":{"line":22,"column":4},"end":{"line":22,"column":70}},"11":{"start":{"line":25,"column":13},"end":{"line":32,"column":3}},"12":{"start":{"line":27,"column":8},"end":{"line":27,"column":71}},"13":{"start":{"line":29,"column":4},"end":{"line":29,"column":31}},"14":{"start":{"line":31,"column":4},"end":{"line":31,"column":68}}},"fnMap":{"0":{"name":"(anonymous_1)","decl":{"start":{"line":5,"column":43},"end":{"line":5,"column":48}},"loc":{"start":{"line":5,"column":62},"end":{"line":14,"column":1}}},"1":{"name":"(anonymous_2)","decl":{"start":{"line":16,"column":41},"end":{"line":16,"column":46}},"loc":{"start":{"line":16,"column":60},"end":{"line":23,"column":1}}},"2":{"name":"(anonymous_3)","decl":{"start":{"line":25,"column":43},"end":{"line":25,"column":48}},"loc":{"start":{"line":25,"column":62},"end":{"line":32,"column":1}}}},"branchMap":{"0":{"loc":{"start":{"line":18,"column":8},"end":{"line":20,"column":23}},"type":"cond-expr","locations":[{"start":{"line":19,"column":14},"end":{"line":19,"column":33}},{"start":{"line":20,"column":14},"end":{"line":20,"column":23}}]},"1":{"loc":{"start":{"line":27,"column":8},"end":{"line":27,"column":71}},"type":"cond-expr","locations":[{"start":{"line":27,"column":45},"end":{"line":27,"column":59}},{"start":{"line":27,"column":62},"end":{"line":27,"column":71}}]}},"s":{"0":0,"1":0,"2":0,"3":0,"4":0,"5":0,"6":0,"7":0,"8":0,"9":0,"10":0,"11":0,"12":0,"13":0,"14":0},"f":{"0":0,"1":0,"2":0},"b":{"0":[0,0],"1":[0,0]}}
,"/Users/maddoxsciuchetti/fixies-branch/server/src/controllers/user.controller.ts": {"path":"/Users/maddoxsciuchetti/fixies-branch/server/src/controllers/user.controller.ts","statementMap":{"0":{"start":{"line":1,"column":0},"end":{"line":1,"column":68}},"1":{"start":{"line":2,"column":0},"end":{"line":2,"column":49}},"2":{"start":{"line":3,"column":0},"end":{"line":3,"column":72}},"3":{"start":{"line":4,"column":0},"end":{"line":4,"column":null}},"4":{"start":{"line":10,"column":0},"end":{"line":10,"column":42}},"5":{"start":{"line":11,"column":0},"end":{"line":11,"column":46}},"6":{"start":{"line":13,"column":13},"end":{"line":20,"column":3}},"7":{"start":{"line":14,"column":15},"end":{"line":14,"column":25}},"8":{"start":{"line":16,"column":17},"end":{"line":16,"column":36}},"9":{"start":{"line":17,"column":4},"end":{"line":17,"column":49}},"10":{"start":{"line":19,"column":4},"end":{"line":19,"column":37}},"11":{"start":{"line":22,"column":13},"end":{"line":34,"column":3}},"12":{"start":{"line":23,"column":15},"end":{"line":23,"column":25}},"13":{"start":{"line":24,"column":17},"end":{"line":24,"column":48}},"14":{"start":{"line":26,"column":25},"end":{"line":26,"column":76}},"15":{"start":{"line":27,"column":4},"end":{"line":29,"column":5}},"16":{"start":{"line":28,"column":8},"end":{"line":28,"column":64}},"17":{"start":{"line":31,"column":4},"end":{"line":31,"column":67}},"18":{"start":{"line":33,"column":4},"end":{"line":33,"column":60}},"19":{"start":{"line":36,"column":13},"end":{"line":64,"column":3}},"20":{"start":{"line":37,"column":15},"end":{"line":37,"column":25}},"21":{"start":{"line":39,"column":23},"end":{"line":39,"column":50}},"22":{"start":{"line":40,"column":4},"end":{"line":44,"column":5}},"23":{"start":{"line":41,"column":8},"end":{"line":43,"column":64}},"24":{"start":{"line":47,"column":4},"end":{"line":53,"column":5}},"25":{"start":{"line":48,"column":8},"end":{"line":48,"column":62}},"26":{"start":{"line":50,"column":8},"end":{"line":52,"column":64}},"27":{"start":{"line":55,"column":4},"end":{"line":59,"column":5}},"28":{"start":{"line":56,"column":8},"end":{"line":58,"column":64}},"29":{"start":{"line":61,"column":25},"end":{"line":61,"column":56}},"30":{"start":{"line":63,"column":4},"end":{"line":63,"column":45}},"31":{"start":{"line":66,"column":13},"end":{"line":73,"column":3}},"32":{"start":{"line":67,"column":15},"end":{"line":67,"column":25}},"33":{"start":{"line":68,"column":20},"end":{"line":68,"column":66}},"34":{"start":{"line":70,"column":24},"end":{"line":70,"column":67}},"35":{"start":{"line":72,"column":4},"end":{"line":72,"column":44}}},"fnMap":{"0":{"name":"(anonymous_1)","decl":{"start":{"line":13,"column":35},"end":{"line":13,"column":40}},"loc":{"start":{"line":13,"column":54},"end":{"line":20,"column":1}}},"1":{"name":"(anonymous_2)","decl":{"start":{"line":22,"column":46},"end":{"line":22,"column":51}},"loc":{"start":{"line":22,"column":65},"end":{"line":34,"column":1}}},"2":{"name":"(anonymous_3)","decl":{"start":{"line":36,"column":43},"end":{"line":36,"column":48}},"loc":{"start":{"line":36,"column":62},"end":{"line":64,"column":1}}},"3":{"name":"(anonymous_4)","decl":{"start":{"line":66,"column":41},"end":{"line":66,"column":46}},"loc":{"start":{"line":66,"column":60},"end":{"line":73,"column":1}}}},"branchMap":{"0":{"loc":{"start":{"line":27,"column":4},"end":{"line":29,"column":5}},"type":"if","locations":[{"start":{"line":27,"column":4},"end":{"line":29,"column":5}},{"start":{},"end":{}}]},"1":{"loc":{"start":{"line":40,"column":4},"end":{"line":44,"column":5}},"type":"if","locations":[{"start":{"line":40,"column":4},"end":{"line":44,"column":5}},{"start":{},"end":{}}]},"2":{"loc":{"start":{"line":55,"column":4},"end":{"line":59,"column":5}},"type":"if","locations":[{"start":{"line":55,"column":4},"end":{"line":59,"column":5}},{"start":{},"end":{}}]}},"s":{"0":0,"1":0,"2":0,"3":0,"4":0,"5":0,"6":0,"7":0,"8":0,"9":0,"10":0,"11":0,"12":0,"13":0,"14":0,"15":0,"16":0,"17":0,"18":0,"19":0,"20":0,"21":0,"22":0,"23":0,"24":0,"25":0,"26":0,"27":0,"28":0,"29":0,"30":0,"31":0,"32":0,"33":0,"34":0,"35":0},"f":{"0":0,"1":0,"2":0,"3":0},"b":{"0":[0,0],"1":[0,0],"2":[0,0]}}
,"/Users/maddoxsciuchetti/fixies-branch/server/src/controllers/worker.controller.ts": {"path":"/Users/maddoxsciuchetti/fixies-branch/server/src/controllers/worker.controller.ts","statementMap":{"0":{"start":{"line":1,"column":0},"end":{"line":1,"column":46}},"1":{"start":{"line":2,"column":0},"end":{"line":2,"column":46}},"2":{"start":{"line":4,"column":0},"end":{"line":4,"column":60}},"3":{"start":{"line":7,"column":16},"end":{"line":7,"column":31}},"4":{"start":{"line":8,"column":4},"end":{"line":8,"column":53}},"5":{"start":{"line":11,"column":13},"end":{"line":20,"column":3}},"6":{"start":{"line":12,"column":27},"end":{"line":12,"column":36}},"7":{"start":{"line":13,"column":28},"end":{"line":13,"column":38}},"8":{"start":{"line":14,"column":19},"end":{"line":18,"column":6}},"9":{"start":{"line":19,"column":4},"end":{"line":19,"column":65}},"10":{"start":{"line":22,"column":13},"end":{"line":38,"column":2}},"11":{"start":{"line":24,"column":31},"end":{"line":24,"column":40}},"12":{"start":{"line":25,"column":65},"end":{"line":25,"column":74}},"13":{"start":{"line":27,"column":23},"end":{"line":34,"column":10}},"14":{"start":{"line":36,"column":8},"end":{"line":36,"column":69}},"15":{"start":{"line":40,"column":13},"end":{"line":57,"column":2}},"16":{"start":{"line":42,"column":31},"end":{"line":42,"column":40}},"17":{"start":{"line":43,"column":25},"end":{"line":43,"column":47}},"18":{"start":{"line":45,"column":23},"end":{"line":47,"column":null}},"19":{"start":{"line":49,"column":8},"end":{"line":53,"column":9}},"20":{"start":{"line":50,"column":12},"end":{"line":52,"column":71}},"21":{"start":{"line":55,"column":8},"end":{"line":55,"column":69}},"22":{"start":{"line":59,"column":13},"end":{"line":70,"column":3}},"23":{"start":{"line":60,"column":27},"end":{"line":60,"column":36}},"24":{"start":{"line":61,"column":21},"end":{"line":61,"column":43}},"25":{"start":{"line":63,"column":19},"end":{"line":67,"column":6}},"26":{"start":{"line":69,"column":4},"end":{"line":69,"column":65}},"27":{"start":{"line":72,"column":13},"end":{"line":84,"column":2}},"28":{"start":{"line":74,"column":31},"end":{"line":74,"column":40}},"29":{"start":{"line":75,"column":25},"end":{"line":75,"column":47}},"30":{"start":{"line":77,"column":23},"end":{"line":80,"column":10}},"31":{"start":{"line":82,"column":8},"end":{"line":82,"column":69}},"32":{"start":{"line":86,"column":13},"end":{"line":97,"column":2}},"33":{"start":{"line":88,"column":31},"end":{"line":88,"column":40}},"34":{"start":{"line":89,"column":25},"end":{"line":89,"column":47}},"35":{"start":{"line":91,"column":23},"end":{"line":94,"column":10}},"36":{"start":{"line":95,"column":8},"end":{"line":95,"column":69}},"37":{"start":{"line":99,"column":13},"end":{"line":105,"column":3}},"38":{"start":{"line":100,"column":27},"end":{"line":100,"column":36}},"39":{"start":{"line":101,"column":21},"end":{"line":101,"column":43}},"40":{"start":{"line":103,"column":4},"end":{"line":103,"column":67}},"41":{"start":{"line":104,"column":4},"end":{"line":104,"column":78}},"42":{"start":{"line":107,"column":13},"end":{"line":122,"column":2}},"43":{"start":{"line":109,"column":31},"end":{"line":109,"column":40}},"44":{"start":{"line":110,"column":25},"end":{"line":110,"column":47}},"45":{"start":{"line":111,"column":33},"end":{"line":111,"column":41}},"46":{"start":{"line":113,"column":23},"end":{"line":118,"column":10}},"47":{"start":{"line":120,"column":8},"end":{"line":120,"column":69}},"48":{"start":{"line":124,"column":13},"end":{"line":137,"column":2}},"49":{"start":{"line":126,"column":31},"end":{"line":126,"column":40}},"50":{"start":{"line":127,"column":25},"end":{"line":127,"column":47}},"51":{"start":{"line":129,"column":23},"end":{"line":133,"column":10}},"52":{"start":{"line":135,"column":8},"end":{"line":135,"column":69}},"53":{"start":{"line":139,"column":13},"end":{"line":154,"column":2}},"54":{"start":{"line":141,"column":31},"end":{"line":141,"column":40}},"55":{"start":{"line":142,"column":25},"end":{"line":142,"column":47}},"56":{"start":{"line":143,"column":29},"end":{"line":143,"column":55}},"57":{"start":{"line":145,"column":23},"end":{"line":150,"column":10}},"58":{"start":{"line":152,"column":8},"end":{"line":152,"column":69}},"59":{"start":{"line":156,"column":13},"end":{"line":171,"column":2}},"60":{"start":{"line":158,"column":31},"end":{"line":158,"column":40}},"61":{"start":{"line":159,"column":25},"end":{"line":159,"column":47}},"62":{"start":{"line":160,"column":29},"end":{"line":160,"column":55}},"63":{"start":{"line":162,"column":8},"end":{"line":166,"column":11}},"64":{"start":{"line":167,"column":8},"end":{"line":169,"column":68}},"65":{"start":{"line":173,"column":13},"end":{"line":176,"column":3}},"66":{"start":{"line":174,"column":19},"end":{"line":174,"column":60}},"67":{"start":{"line":175,"column":4},"end":{"line":175,"column":65}},"68":{"start":{"line":178,"column":13},"end":{"line":188,"column":2}},"69":{"start":{"line":180,"column":31},"end":{"line":180,"column":40}},"70":{"start":{"line":181,"column":25},"end":{"line":181,"column":47}},"71":{"start":{"line":182,"column":21},"end":{"line":185,"column":10}},"72":{"start":{"line":186,"column":8},"end":{"line":186,"column":61}},"73":{"start":{"line":190,"column":13},"end":{"line":198,"column":3}},"74":{"start":{"line":191,"column":20},"end":{"line":191,"column":41}},"75":{"start":{"line":192,"column":19},"end":{"line":196,"column":6}},"76":{"start":{"line":197,"column":4},"end":{"line":197,"column":65}},"77":{"start":{"line":200,"column":13},"end":{"line":212,"column":2}},"78":{"start":{"line":202,"column":31},"end":{"line":202,"column":40}},"79":{"start":{"line":203,"column":25},"end":{"line":203,"column":47}},"80":{"start":{"line":204,"column":24},"end":{"line":204,"column":45}},"81":{"start":{"line":205,"column":21},"end":{"line":209,"column":10}},"82":{"start":{"line":210,"column":8},"end":{"line":210,"column":61}},"83":{"start":{"line":214,"column":13},"end":{"line":219,"column":3}},"84":{"start":{"line":215,"column":20},"end":{"line":215,"column":41}},"85":{"start":{"line":216,"column":35},"end":{"line":216,"column":43}},"86":{"start":{"line":217,"column":4},"end":{"line":217,"column":69}},"87":{"start":{"line":218,"column":4},"end":{"line":218,"column":77}},"88":{"start":{"line":221,"column":13},"end":{"line":236,"column":2}},"89":{"start":{"line":223,"column":31},"end":{"line":223,"column":40}},"90":{"start":{"line":224,"column":25},"end":{"line":224,"column":47}},"91":{"start":{"line":225,"column":27},"end":{"line":225,"column":51}},"92":{"start":{"line":226,"column":39},"end":{"line":226,"column":47}},"93":{"start":{"line":227,"column":23},"end":{"line":233,"column":10}},"94":{"start":{"line":234,"column":8},"end":{"line":234,"column":69}},"95":{"start":{"line":238,"column":13},"end":{"line":243,"column":2}},"96":{"start":{"line":240,"column":23},"end":{"line":240,"column":66}},"97":{"start":{"line":241,"column":8},"end":{"line":241,"column":69}},"98":{"start":{"line":245,"column":13},"end":{"line":254,"column":2}},"99":{"start":{"line":247,"column":26},"end":{"line":247,"column":49}},"100":{"start":{"line":248,"column":23},"end":{"line":251,"column":10}},"101":{"start":{"line":252,"column":8},"end":{"line":252,"column":69}},"102":{"start":{"line":256,"column":13},"end":{"line":264,"column":2}},"103":{"start":{"line":258,"column":26},"end":{"line":258,"column":49}},"104":{"start":{"line":259,"column":8},"end":{"line":259,"column":57}},"105":{"start":{"line":260,"column":8},"end":{"line":262,"column":65}},"106":{"start":{"line":266,"column":13},"end":{"line":307,"column":2}},"107":{"start":{"line":268,"column":31},"end":{"line":268,"column":40}},"108":{"start":{"line":269,"column":25},"end":{"line":269,"column":47}},"109":{"start":{"line":270,"column":33},"end":{"line":270,"column":43}},"110":{"start":{"line":272,"column":23},"end":{"line":272,"column":76}},"111":{"start":{"line":273,"column":8},"end":{"line":277,"column":9}},"112":{"start":{"line":274,"column":12},"end":{"line":276,"column":72}},"113":{"start":{"line":279,"column":23},"end":{"line":300,"column":null}},"114":{"start":{"line":281,"column":31},"end":{"line":284,"column":null}},"115":{"start":{"line":286,"column":16},"end":{"line":288,"column":17}},"116":{"start":{"line":287,"column":20},"end":{"line":287,"column":72}},"117":{"start":{"line":290,"column":16},"end":{"line":299,"column":19}},"118":{"start":{"line":303,"column":8},"end":{"line":305,"column":74}},"119":{"start":{"line":309,"column":13},"end":{"line":324,"column":2}},"120":{"start":{"line":311,"column":31},"end":{"line":311,"column":40}},"121":{"start":{"line":312,"column":25},"end":{"line":312,"column":47}},"122":{"start":{"line":313,"column":27},"end":{"line":313,"column":47}},"123":{"start":{"line":315,"column":8},"end":{"line":319,"column":11}},"124":{"start":{"line":320,"column":8},"end":{"line":322,"column":66}},"125":{"start":{"line":326,"column":13},"end":{"line":338,"column":2}},"126":{"start":{"line":328,"column":31},"end":{"line":328,"column":40}},"127":{"start":{"line":329,"column":25},"end":{"line":329,"column":47}},"128":{"start":{"line":331,"column":21},"end":{"line":334,"column":10}},"129":{"start":{"line":336,"column":8},"end":{"line":336,"column":42}},"130":{"start":{"line":340,"column":13},"end":{"line":351,"column":2}},"131":{"start":{"line":342,"column":31},"end":{"line":342,"column":40}},"132":{"start":{"line":343,"column":25},"end":{"line":343,"column":47}},"133":{"start":{"line":345,"column":23},"end":{"line":348,"column":10}},"134":{"start":{"line":349,"column":8},"end":{"line":349,"column":69}}},"fnMap":{"0":{"name":"param","decl":{"start":{"line":6,"column":9},"end":{"line":6,"column":14}},"loc":{"start":{"line":6,"column":40},"end":{"line":9,"column":1}}},"1":{"name":"(anonymous_11)","decl":{"start":{"line":11,"column":40},"end":{"line":11,"column":45}},"loc":{"start":{"line":11,"column":78},"end":{"line":20,"column":1}}},"2":{"name":"(anonymous_12)","decl":{"start":{"line":23,"column":4},"end":{"line":23,"column":9}},"loc":{"start":{"line":23,"column":42},"end":{"line":37,"column":5}}},"3":{"name":"(anonymous_13)","decl":{"start":{"line":41,"column":4},"end":{"line":41,"column":9}},"loc":{"start":{"line":41,"column":42},"end":{"line":56,"column":5}}},"4":{"name":"(anonymous_14)","decl":{"start":{"line":59,"column":40},"end":{"line":59,"column":45}},"loc":{"start":{"line":59,"column":78},"end":{"line":70,"column":1}}},"5":{"name":"(anonymous_15)","decl":{"start":{"line":73,"column":4},"end":{"line":73,"column":9}},"loc":{"start":{"line":73,"column":42},"end":{"line":83,"column":5}}},"6":{"name":"(anonymous_16)","decl":{"start":{"line":87,"column":4},"end":{"line":87,"column":9}},"loc":{"start":{"line":87,"column":42},"end":{"line":96,"column":5}}},"7":{"name":"(anonymous_17)","decl":{"start":{"line":99,"column":40},"end":{"line":99,"column":45}},"loc":{"start":{"line":99,"column":78},"end":{"line":105,"column":1}}},"8":{"name":"(anonymous_18)","decl":{"start":{"line":108,"column":4},"end":{"line":108,"column":9}},"loc":{"start":{"line":108,"column":42},"end":{"line":121,"column":5}}},"9":{"name":"(anonymous_19)","decl":{"start":{"line":125,"column":4},"end":{"line":125,"column":9}},"loc":{"start":{"line":125,"column":42},"end":{"line":136,"column":5}}},"10":{"name":"(anonymous_20)","decl":{"start":{"line":140,"column":4},"end":{"line":140,"column":9}},"loc":{"start":{"line":140,"column":42},"end":{"line":153,"column":5}}},"11":{"name":"(anonymous_21)","decl":{"start":{"line":157,"column":4},"end":{"line":157,"column":9}},"loc":{"start":{"line":157,"column":42},"end":{"line":170,"column":5}}},"12":{"name":"(anonymous_22)","decl":{"start":{"line":173,"column":39},"end":{"line":173,"column":44}},"loc":{"start":{"line":173,"column":77},"end":{"line":176,"column":1}}},"13":{"name":"(anonymous_23)","decl":{"start":{"line":179,"column":4},"end":{"line":179,"column":9}},"loc":{"start":{"line":179,"column":42},"end":{"line":187,"column":5}}},"14":{"name":"(anonymous_24)","decl":{"start":{"line":190,"column":39},"end":{"line":190,"column":44}},"loc":{"start":{"line":190,"column":77},"end":{"line":198,"column":1}}},"15":{"name":"(anonymous_25)","decl":{"start":{"line":201,"column":4},"end":{"line":201,"column":9}},"loc":{"start":{"line":201,"column":42},"end":{"line":211,"column":5}}},"16":{"name":"(anonymous_26)","decl":{"start":{"line":214,"column":39},"end":{"line":214,"column":44}},"loc":{"start":{"line":214,"column":77},"end":{"line":219,"column":1}}},"17":{"name":"(anonymous_27)","decl":{"start":{"line":222,"column":4},"end":{"line":222,"column":9}},"loc":{"start":{"line":222,"column":42},"end":{"line":235,"column":5}}},"18":{"name":"(anonymous_28)","decl":{"start":{"line":239,"column":4},"end":{"line":239,"column":9}},"loc":{"start":{"line":239,"column":42},"end":{"line":242,"column":5}}},"19":{"name":"(anonymous_29)","decl":{"start":{"line":246,"column":4},"end":{"line":246,"column":9}},"loc":{"start":{"line":246,"column":42},"end":{"line":253,"column":5}}},"20":{"name":"(anonymous_30)","decl":{"start":{"line":257,"column":4},"end":{"line":257,"column":9}},"loc":{"start":{"line":257,"column":42},"end":{"line":263,"column":5}}},"21":{"name":"(anonymous_31)","decl":{"start":{"line":267,"column":4},"end":{"line":267,"column":9}},"loc":{"start":{"line":267,"column":42},"end":{"line":306,"column":5}}},"22":{"name":"(anonymous_32)","decl":{"start":{"line":280,"column":22},"end":{"line":280,"column":27}},"loc":{"start":{"line":280,"column":37},"end":{"line":300,"column":13}}},"23":{"name":"(anonymous_33)","decl":{"start":{"line":310,"column":4},"end":{"line":310,"column":9}},"loc":{"start":{"line":310,"column":42},"end":{"line":323,"column":5}}},"24":{"name":"(anonymous_34)","decl":{"start":{"line":327,"column":4},"end":{"line":327,"column":9}},"loc":{"start":{"line":327,"column":42},"end":{"line":337,"column":5}}},"25":{"name":"(anonymous_35)","decl":{"start":{"line":341,"column":4},"end":{"line":341,"column":9}},"loc":{"start":{"line":341,"column":42},"end":{"line":350,"column":5}}}},"branchMap":{"0":{"loc":{"start":{"line":8,"column":11},"end":{"line":8,"column":52}},"type":"cond-expr","locations":[{"start":{"line":8,"column":32},"end":{"line":8,"column":38}},{"start":{"line":8,"column":41},"end":{"line":8,"column":52}}]},"1":{"loc":{"start":{"line":31,"column":18},"end":{"line":31,"column":57}},"type":"cond-expr","locations":[{"start":{"line":31,"column":25},"end":{"line":31,"column":53}},{"start":{"line":31,"column":56},"end":{"line":31,"column":57}}]},"2":{"loc":{"start":{"line":32,"column":19},"end":{"line":32,"column":61}},"type":"cond-expr","locations":[{"start":{"line":32,"column":27},"end":{"line":32,"column":56}},{"start":{"line":32,"column":59},"end":{"line":32,"column":61}}]},"3":{"loc":{"start":{"line":49,"column":8},"end":{"line":53,"column":9}},"type":"if","locations":[{"start":{"line":49,"column":8},"end":{"line":53,"column":9}},{"start":{},"end":{}}]},"4":{"loc":{"start":{"line":272,"column":23},"end":{"line":272,"column":76}},"type":"binary-expr","locations":[{"start":{"line":272,"column":23},"end":{"line":272,"column":70}},{"start":{"line":272,"column":74},"end":{"line":272,"column":76}}]},"5":{"loc":{"start":{"line":273,"column":8},"end":{"line":277,"column":9}},"type":"if","locations":[{"start":{"line":273,"column":8},"end":{"line":277,"column":9}},{"start":{},"end":{}}]},"6":{"loc":{"start":{"line":286,"column":16},"end":{"line":288,"column":17}},"type":"if","locations":[{"start":{"line":286,"column":16},"end":{"line":288,"column":17}},{"start":{},"end":{}}]},"7":{"loc":{"start":{"line":286,"column":20},"end":{"line":286,"column":50}},"type":"binary-expr","locations":[{"start":{"line":286,"column":20},"end":{"line":286,"column":35}},{"start":{"line":286,"column":39},"end":{"line":286,"column":50}}]},"8":{"loc":{"start":{"line":287,"column":36},"end":{"line":287,"column":70}},"type":"binary-expr","locations":[{"start":{"line":287,"column":36},"end":{"line":287,"column":48}},{"start":{"line":287,"column":52},"end":{"line":287,"column":70}}]}},"s":{"0":0,"1":0,"2":0,"3":0,"4":0,"5":0,"6":0,"7":0,"8":0,"9":0,"10":0,"11":0,"12":0,"13":0,"14":0,"15":0,"16":0,"17":0,"18":0,"19":0,"20":0,"21":0,"22":0,"23":0,"24":0,"25":0,"26":0,"27":0,"28":0,"29":0,"30":0,"31":0,"32":0,"33":0,"34":0,"35":0,"36":0,"37":0,"38":0,"39":0,"40":0,"41":0,"42":0,"43":0,"44":0,"45":0,"46":0,"47":0,"48":0,"49":0,"50":0,"51":0,"52":0,"53":0,"54":0,"55":0,"56":0,"57":0,"58":0,"59":0,"60":0,"61":0,"62":0,"63":0,"64":0,"65":0,"66":0,"67":0,"68":0,"69":0,"70":0,"71":0,"72":0,"73":0,"74":0,"75":0,"76":0,"77":0,"78":0,"79":0,"80":0,"81":0,"82":0,"83":0,"84":0,"85":0,"86":0,"87":0,"88":0,"89":0,"90":0,"91":0,"92":0,"93":0,"94":0,"95":0,"96":0,"97":0,"98":0,"99":0,"100":0,"101":0,"102":0,"103":0,"104":0,"105":0,"106":0,"107":0,"108":0,"109":0,"110":0,"111":0,"112":0,"113":0,"114":0,"115":0,"116":0,"117":0,"118":0,"119":0,"120":0,"121":0,"122":0,"123":0,"124":0,"125":0,"126":0,"127":0,"128":0,"129":0,"130":0,"131":0,"132":0,"133":0,"134":0},"f":{"0":0,"1":0,"2":0,"3":0,"4":0,"5":0,"6":0,"7":0,"8":0,"9":0,"10":0,"11":0,"12":0,"13":0,"14":0,"15":0,"16":0,"17":0,"18":0,"19":0,"20":0,"21":0,"22":0,"23":0,"24":0,"25":0},"b":{"0":[0,0],"1":[0,0],"2":[0,0],"3":[0,0],"4":[0,0],"5":[0,0],"6":[0,0],"7":[0,0],"8":[0,0]}}
,"/Users/maddoxsciuchetti/fixies-branch/server/src/lib/prisma.ts": {"path":"/Users/maddoxsciuchetti/fixies-branch/server/src/lib/prisma.ts","statementMap":{"0":{"start":{"line":1,"column":0},"end":{"line":1,"column":46}},"1":{"start":{"line":2,"column":0},"end":{"line":2,"column":46}},"2":{"start":{"line":3,"column":0},"end":{"line":3,"column":23}},"3":{"start":{"line":5,"column":25},"end":{"line":5,"column":54}},"4":{"start":{"line":7,"column":16},"end":{"line":7,"column":50}},"5":{"start":{"line":8,"column":15},"end":{"line":8,"column":44}},"6":{"start":{"line":10,"column":9},"end":{"line":10,"column":15}}},"fnMap":{},"branchMap":{},"s":{"0":0,"1":0,"2":0,"3":0,"4":0,"5":0,"6":0},"f":{},"b":{}}
[...]
es-branch/server/src/utils/stripeSubscriptionWebhook.ts": {"path":"/Users/maddoxsciuchetti/fixies-branch/server/src/utils/stripeSubscriptionWebhook.ts","statementMap":{"0":{"start":{"line":5,"column":0},"end":{"line":5,"column":16}},"1":{"start":{"line":23,"column":0},"end":{"line":23,"column":16}},"2":{"start":{"line":46,"column":0},"end":{"line":46,"column":16}},"3":{"start":{"line":71,"column":0},"end":{"line":71,"column":16}},"4":{"start":{"line":1,"column":0},"end":{"line":1,"column":69}},"5":{"start":{"line":8,"column":4},"end":{"line":20,"column":5}},"6":{"start":{"line":10,"column":12},"end":{"line":10,"column":30}},"7":{"start":{"line":12,"column":12},"end":{"line":12,"column":28}},"8":{"start":{"line":14,"column":12},"end":{"line":14,"column":30}},"9":{"start":{"line":17,"column":12},"end":{"line":17,"column":31}},"10":{"start":{"line":19,"column":12},"end":{"line":19,"column":30}},"11":{"start":{"line":26,"column":4},"end":{"line":28,"column":5}},"12":{"start":{"line":27,"column":8},"end":{"line":27,"column":20}},"13":{"start":{"line":29,"column":19},"end":{"line":29,"column":50}},"14":{"start":{"line":30,"column":4},"end":{"line":32,"column":5}},"15":{"start":{"line":31,"column":8},"end":{"line":31,"column":22}},"16":{"start":{"line":33,"column":22},"end":{"line":33,"column":38}},"17":{"start":{"line":34,"column":4},"end":{"line":43,"column":5}},"18":{"start":{"line":36,"column":12},"end":{"line":36,"column":29}},"19":{"start":{"line":38,"column":12},"end":{"line":38,"column":25}},"20":{"start":{"line":40,"column":12},"end":{"line":40,"column":32}},"21":{"start":{"line":42,"column":12},"end":{"line":42,"column":24}},"22":{"start":{"line":55,"column":15},"end":{"line":55,"column":47}},"23":{"start":{"line":56,"column":4},"end":{"line":58,"column":5}},"24":{"start":{"line":57,"column":8},"end":{"line":57,"column":18}},"25":{"start":{"line":59,"column":4},"end":{"line":67,"column":5}},"26":{"start":{"line":60,"column":8},"end":{"line":66,"column":10}},"27":{"start":{"line":68,"column":4},"end":{"line":68,"column":14}},"28":{"start":{"line":74,"column":24},"end":{"line":74,"column":42}},"29":{"start":{"line":76,"column":8},"end":{"line":80,"column":20}},"30":{"start":{"line":81,"column":4},"end":{"line":83,"column":5}},"31":{"start":{"line":82,"column":8},"end":{"line":82,"column":67}},"32":{"start":{"line":85,"column":4},"end":{"line":103,"column":6}}},"fnMap":{"0":{"name":"mapStripeSubscriptionStatus","decl":{"start":{"line":5,"column":16},"end":{"line":5,"column":43}},"loc":{"start":{"line":6,"column":18},"end":{"line":21,"column":1}}},"1":{"name":"resolvePlanFromLineItemPrice","decl":{"start":{"line":23,"column":16},"end":{"line":23,"column":44}},"loc":{"start":{"line":24,"column":73},"end":{"line":44,"column":1}}},"2":{"name":"extractCardFieldsFromStripeSubscription","decl":{"start":{"line":46,"column":16},"end":{"line":46,"column":55}},"loc":{"start":{"line":47,"column":41},"end":{"line":69,"column":1}}},"3":{"name":"buildSubscriptionDbFieldsFromStripeSubscription","decl":{"start":{"line":71,"column":16},"end":{"line":71,"column":63}},"loc":{"start":{"line":72,"column":41},"end":{"line":104,"column":1}}}},"branchMap":{"0":{"loc":{"start":{"line":8,"column":4},"end":{"line":20,"column":5}},"type":"switch","locations":[{"start":{"line":9,"column":8},"end":{"line":10,"column":30}},{"start":{"line":11,"column":8},"end":{"line":12,"column":28}},{"start":{"line":13,"column":8},"end":{"line":14,"column":30}},{"start":{"line":15,"column":8},"end":{"line":15,"column":24}},{"start":{"line":16,"column":8},"end":{"line":17,"column":31}},{"start":{"line":18,"column":8},"end":{"line":19,"column":30}}]},"1":{"loc":{"start":{"line":26,"column":4},"end":{"line":28,"column":5}},"type":"if","locations":[{"start":{"line":26,"column":4},"end":{"line":28,"column":5}},{"start":{},"end":{}}]},"2":{"loc":{"start":{"line":30,"column":4},"end":{"line":32,"column":5}},"type":"if","locations":[{"start":{"line":30,"column":4},"end":{"line":32,"column":5}},{"start":{},"end":{}}]},"3":{"loc":{"start":{"line":34,"column":4},"end":{"line":43,"column":5}},"type":"switch","locations":[{"start":{"line":35,"column":8},"end":{"line":36,"column":29}},{"start":{"line":37,"column":8},"end":{"line":38,"column":25}},{"start":{"line":39,"column":8},"end":{"line":40,"column":32}},{"start":{"line":41,"column":8},"end":{"line":42,"column":24}}]},"4":{"loc":{"start":{"line":56,"column":4},"end":{"line":58,"column":5}},"type":"if","locations":[{"start":{"line":56,"column":4},"end":{"line":58,"column":5}},{"start":{},"end":{}}]},"5":{"loc":{"start":{"line":56,"column":8},"end":{"line":56,"column":37}},"type":"binary-expr","locations":[{"start":{"line":56,"column":8},"end":{"line":56,"column":11}},{"start":{"line":56,"column":15},"end":{"line":56,"column":37}}]},"6":{"loc":{"start":{"line":59,"column":4},"end":{"line":67,"column":5}},"type":"if","locations":[{"start":{"line":59,"column":4},"end":{"line":67,"column":5}},{"start":{},"end":{}}]},"7":{"loc":{"start":{"line":59,"column":8},"end":{"line":59,"column":53}},"type":"binary-expr","locations":[{"start":{"line":59,"column":8},"end":{"line":59,"column":26}},{"start":{"line":59,"column":30},"end":{"line":59,"column":44}},{"start":{"line":59,"column":48},"end":{"line":59,"column":53}}]},"8":{"loc":{"start":{"line":76,"column":8},"end":{"line":80,"column":20}},"type":"cond-expr","locations":[{"start":{"line":77,"column":14},"end":{"line":77,"column":25}},{"start":{"line":78,"column":14},"end":{"line":80,"column":20}}]},"9":{"loc":{"start":{"line":78,"column":14},"end":{"line":80,"column":20}},"type":"cond-expr","locations":[{"start":{"line":79,"column":16},"end":{"line":79,"column":30}},{"start":{"line":80,"column":16},"end":{"line":80,"column":20}}]},"10":{"loc":{"start":{"line":78,"column":14},"end":{"line":78,"column":60}},"type":"binary-expr","locations":[{"start":{"line":78,"column":14},"end":{"line":78,"column":25}},{"start":{"line":78,"column":29},"end":{"line":78,"column":60}}]},"11":{"loc":{"start":{"line":81,"column":4},"end":{"line":83,"column":5}},"type":"if","locations":[{"start":{"line":81,"column":4},"end":{"line":83,"column":5}},{"start":{},"end":{}}]},"12":{"loc":{"start":{"line":81,"column":8},"end":{"line":81,"column":53}},"type":"binary-expr","locations":[{"start":{"line":81,"column":8},"end":{"line":81,"column":19}},{"start":{"line":81,"column":23},"end":{"line":81,"column":53}}]},"13":{"loc":{"start":{"line":91,"column":12},"end":{"line":93,"column":22}},"type":"cond-expr","locations":[{"start":{"line":92,"column":18},"end":{"line":92,"column":65}},{"start":{"line":93,"column":18},"end":{"line":93,"column":22}}]},"14":{"loc":{"start":{"line":95,"column":12},"end":{"line":97,"column":22}},"type":"cond-expr","locations":[{"start":{"line":96,"column":18},"end":{"line":96,"column":63}},{"start":{"line":97,"column":18},"end":{"line":97,"column":22}}]},"15":{"loc":{"start":{"line":99,"column":12},"end":{"line":101,"column":22}},"type":"cond-expr","locations":[{"start":{"line":100,"column":18},"end":{"line":100,"column":54}},{"start":{"line":101,"column":18},"end":{"line":101,"column":22}}]}},"s":{"0":2,"1":2,"2":2,"3":2,"4":2,"5":0,"6":0,"7":0,"8":0,"9":0,"10":0,"11":18,"12":2,"13":16,"14":16,"15":8,"16":8,"17":8,"18":1,"19":2,"20":1,"21":4,"22":0,"23":0,"24":0,"25":0,"26":0,"27":0,"28":0,"29":0,"30":0,"31":0,"32":0},"f":{"0":0,"1":18,"2":0,"3":0},"b":{"0":[0,0,0,0,0,0],"1":[2,16],"2":[8,8],"3":[1,2,1,4],"4":[0,0],"5":[0,0],"6":[0,0],"7":[0,0,0],"8":[0,0],"9":[0,0],"10":[0,0],"11":[0,0],"12":[0,0],"13":[0,0],"14":[0,0],"15":[0,0]}}
,"/Users/maddoxsciuchetti/fixies-branch/server/src/utils/subscriptionAccess.ts": {"path":"/Users/maddoxsciuchetti/fixies-branch/server/src/utils/subscriptionAccess.ts","statementMap":{"0":{"start":{"line":8,"column":0},"end":{"line":8,"column":16}},"1":{"start":{"line":11,"column":4},"end":{"line":11,"column":26}},"2":{"start":{"line":11,"column":14},"end":{"line":11,"column":26}},"3":{"start":{"line":12,"column":4},"end":{"line":12,"column":49}},"4":{"start":{"line":12,"column":36},"end":{"line":12,"column":49}},"5":{"start":{"line":13,"column":4},"end":{"line":13,"column":48}},"6":{"start":{"line":13,"column":35},"end":{"line":13,"column":48}},"7":{"start":{"line":14,"column":4},"end":{"line":14,"column":45}},"8":{"start":{"line":14,"column":33},"end":{"line":14,"column":45}},"9":{"start":{"line":15,"column":4},"end":{"line":15,"column":75}},"10":{"start":{"line":15,"column":63},"end":{"line":15,"column":75}},"11":{"start":{"line":16,"column":4},"end":{"line":19,"column":5}},"12":{"start":{"line":17,"column":8},"end":{"line":17,"column":42}},"13":{"start":{"line":17,"column":30},"end":{"line":17,"column":42}},"14":{"start":{"line":18,"column":8},"end":{"line":18,"column":44}},"15":{"start":{"line":20,"column":4},"end":{"line":20,"column":17}}},"fnMap":{"0":{"name":"hasSubscriptionAppAccess","decl":{"start":{"line":8,"column":16},"end":{"line":8,"column":40}},"loc":{"start":{"line":9,"column":40},"end":{"line":21,"column":1}}}},"branchMap":{"0":{"loc":{"start":{"line":11,"column":4},"end":{"line":11,"column":26}},"type":"if","locations":[{"start":{"line":11,"column":4},"end":{"line":11,"column":26}},{"start":{},"end":{}}]},"1":{"loc":{"start":{"line":12,"column":4},"end":{"line":12,"column":49}},"type":"if","locations":[{"start":{"line":12,"column":4},"end":{"line":12,"column":49}},{"start":{},"end":{}}]},"2":{"loc":{"start":{"line":13,"column":4},"end":{"line":13,"column":48}},"type":"if","locations":[{"start":{"line":13,"column":4},"end":{"line":13,"column":48}},{"start":{},"end":{}}]},"3":{"loc":{"start":{"line":14,"column":4},"end":{"line":14,"column":45}},"type":"if","locations":[{"start":{"line":14,"column":4},"end":{"line":14,"column":45}},{"start":{},"end":{}}]},"4":{"loc":{"start":{"line":15,"column":4},"end":{"line":15,"column":75}},"type":"if","locations":[{"start":{"line":15,"column":4},"end":{"line":15,"column":75}},{"start":{},"end":{}}]},"5":{"loc":{"start":{"line":15,"column":8},"end":{"line":15,"column":61}},"type":"binary-expr","locations":[{"start":{"line":15,"column":8},"end":{"line":15,"column":33}},{"start":{"line":15,"column":37},"end":{"line":15,"column":61}}]},"6":{"loc":{"start":{"line":16,"column":4},"end":{"line":19,"column":5}},"type":"if","locations":[{"start":{"line":16,"column":4},"end":{"line":19,"column":5}},{"start":{},"end":{}}]},"7":{"loc":{"start":{"line":16,"column":8},"end":{"line":16,"column":62}},"type":"binary-expr","locations":[{"start":{"line":16,"column":8},"end":{"line":16,"column":33}},{"start":{"line":16,"column":37},"end":{"line":16,"column":62}}]},"8":{"loc":{"start":{"line":17,"column":8},"end":{"line":17,"column":42}},"type":"if","locations":[{"start":{"line":17,"column":8},"end":{"line":17,"column":42}},{"start":{},"end":{}}]}},"s":{"0":0,"1":0,"2":0,"3":0,"4":0,"5":0,"6":0,"7":0,"8":0,"9":0,"10":0,"11":0,"12":0,"13":0,"14":0,"15":0},"f":{"0":0},"b":{"0":[0,0],"1":[0,0],"2":[0,0],"3":[0,0],"4":[0,0],"5":[0,0],"6":[0,0],"7":[0,0],"8":[0,0]}}
,"/Users/maddoxsciuchetti/fixies-branch/server/src/utils/testEmailOutbox.ts": {"path":"/Users/maddoxsciuchetti/fixies-branch/server/src/utils/testEmailOutbox.ts","statementMap":{"0":{"start":{"line":10,"column":38},"end":{"line":10,"column":40}},"1":{"start":{"line":12,"column":30},"end":{"line":13,"column":77}},"2":{"start":{"line":13,"column":4},"end":{"line":13,"column":77}},"3":{"start":{"line":15,"column":31},"end":{"line":24,"column":1}},"4":{"start":{"line":16,"column":4},"end":{"line":18,"column":5}},"5":{"start":{"line":17,"column":8},"end":{"line":17,"column":15}},"6":{"start":{"line":20,"column":4},"end":{"line":23,"column":7}},"7":{"start":{"line":15,"column":13},"end":{"line":15,"column":31}},"8":{"start":{"line":26,"column":29},"end":{"line":35,"column":1}},"9":{"start":{"line":27,"column":4},"end":{"line":29,"column":5}},"10":{"start":{"line":28,"column":8},"end":{"line":28,"column":31}},"11":{"start":{"line":31,"column":32},"end":{"line":31,"column":62}},"12":{"start":{"line":32,"column":4},"end":{"line":34,"column":6}},"13":{"start":{"line":33,"column":19},"end":{"line":33,"column":72}},"14":{"start":{"line":26,"column":13},"end":{"line":26,"column":29}},"15":{"start":{"line":37,"column":31},"end":{"line":49,"column":1}},"16":{"start":{"line":38,"column":4},"end":{"line":41,"column":5}},"17":{"start":{"line":39,"column":8},"end":{"line":39,"column":30}},"18":{"start":{"line":40,"column":8},"end":{"line":40,"column":15}},"19":{"start":{"line":43,"column":32},"end":{"line":43,"column":62}},"20":{"start":{"line":44,"column":4},"end":{"line":48,"column":5}},"21":{"start":{"line":44,"column":21},"end":{"line":44,"column":42}},"22":{"start":{"line":45,"column":8},"end":{"line":47,"column":9}},"23":{"start":{"line":46,"column":12},"end":{"line":46,"column":40}},"24":{"start":{"line":37,"column":13},"end":{"line":37,"column":31}}},"fnMap":{"0":{"name":"(anonymous_0)","decl":{"start":{"line":12,"column":30},"end":{"line":12,"column":33}},"loc":{"start":{"line":13,"column":4},"end":{"line":13,"column":77}}},"1":{"name":"(anonymous_1)","decl":{"start":{"line":15,"column":31},"end":{"line":15,"column":32}},"loc":{"start":{"line":15,"column":77},"end":{"line":24,"column":1}}},"2":{"name":"(anonymous_2)","decl":{"start":{"line":26,"column":29},"end":{"line":26,"column":30}},"loc":{"start":{"line":26,"column":52},"end":{"line":35,"column":1}}},"3":{"name":"(anonymous_3)","decl":{"start":{"line":33,"column":8},"end":{"line":33,"column":9}},"loc":{"start":{"line":33,"column":19},"end":{"line":33,"column":72}}},"4":{"name":"(anonymous_4)","decl":{"start":{"line":37,"column":31},"end":{"line":37,"column":32}},"loc":{"start":{"line":37,"column":54},"end":{"line":49,"column":1}}}},"branchMap":{"0":{"loc":{"start":{"line":13,"column":4},"end":{"line":13,"column":77}},"type":"binary-expr","locations":[{"start":{"line":13,"column":4},"end":{"line":13,"column":35}},{"start":{"line":13,"column":39},"end":{"line":13,"column":77}}]},"1":{"loc":{"start":{"line":16,"column":4},"end":{"line":18,"column":5}},"type":"if","locations":[{"start":{"line":16,"column":4},"end":{"line":18,"column":5}},{"start":{},"end":{}}]},"2":{"loc":{"start":{"line":27,"column":4},"end":{"line":29,"column":5}},"type":"if","locations":[{"start":{"line":27,"column":4},"end":{"line":29,"column":5}},{"start":{},"end":{}}]},"3":{"loc":{"start":{"line":38,"column":4},"end":{"line":41,"column":5}},"type":"if","locations":[{"start":{"line":38,"column":4},"end":{"line":41,"column":5}},{"start":{},"end":{}}]},"4":{"loc":{"start":{"line":45,"column":8},"end":{"line":47,"column":9}},"type":"if","locations":[{"start":{"line":45,"column":8},"end":{"line":47,"column":9}},{"start":{},"end":{}}]}},"s":{"0":0,"1":0,"2":0,"3":0,"4":0,"5":0,"6":0,"7":0,"8":0,"9":0,"10":0,"11":0,"12":0,"13":0,"14":0,"15":0,"16":0,"17":0,"18":0,"19":0,"20":0,"21":0,"22":0,"23":0,"24":0},"f":{"0":0,"1":0,"2":0,"3":0,"4":0},"b":{"0":[0,0],"1":[0,0],"2":[0,0],"3":[0,0],"4":[0,0]}}
,"/Users/maddoxsciuchetti/fixies-branch/server/src/utils/withTxRetry.ts": {"path":"/Users/maddoxsciuchetti/fixies-branch/server/src/utils/withTxRetry.ts","statementMap":{"0":{"start":{"line":28,"column":0},"end":{"line":28,"column":7}},"1":{"start":{"line":1,"column":0},"end":{"line":1,"column":38}},"2":{"start":{"line":2,"column":0},"end":{"line":2,"column":40}},"3":{"start":{"line":17,"column":29},"end":{"line":17,"column":30}},"4":{"start":{"line":18,"column":30},"end":{"line":18,"column":32}},"5":{"start":{"line":20,"column":31},"end":{"line":20,"column":49}},"6":{"start":{"line":22,"column":31},"end":{"line":24,"column":40}},"7":{"start":{"line":23,"column":4},"end":{"line":24,"column":40}},"8":{"start":{"line":26,"column":14},"end":{"line":26,"column":67}},"9":{"start":{"line":26,"column":30},"end":{"line":26,"column":67}},"10":{"start":{"line":26,"column":49},"end":{"line":26,"column":66}},"11":{"start":{"line":36,"column":8},"end":{"line":36,"column":15}},"12":{"start":{"line":40,"column":4},"end":{"line":52,"column":5}},"13":{"start":{"line":40,"column":23},"end":{"line":40,"column":24}},"14":{"start":{"line":41,"column":8},"end":{"line":51,"column":9}},"15":{"start":{"line":42,"column":12},"end":{"line":42,"column":66}},"16":{"start":{"line":44,"column":12},"end":{"line":44,"column":26}},"17":{"start":{"line":46,"column":12},"end":{"line":48,"column":13}},"18":{"start":{"line":47,"column":16},"end":{"line":47,"column":26}},"19":{"start":{"line":50,"column":12},"end":{"line":50,"column":58}},"20":{"start":{"line":54,"column":4},"end":{"line":54,"column":18}}},"fnMap":{"0":{"name":"(anonymous_0)","decl":{"start":{"line":22,"column":31},"end":{"line":22,"column":32}},"loc":{"start":{"line":23,"column":4},"end":{"line":24,"column":40}}},"1":{"name":"(anonymous_1)","decl":{"start":{"line":26,"column":14},"end":{"line":26,"column":15}},"loc":{"start":{"line":26,"column":30},"end":{"line":26,"column":67}}},"2":{"name":"(anonymous_2)","decl":{"start":{"line":26,"column":42},"end":{"line":26,"column":43}},"loc":{"start":{"line":26,"column":49},"end":{"line":26,"column":66}}},"3":{"name":"withTxRetry","decl":{"start":{"line":28,"column":22},"end":{"line":28,"column":33}},"loc":{"start":{"line":30,"column":42},"end":{"line":55,"column":1}}}},"branchMap":{"0":{"loc":{"start":{"line":23,"column":4},"end":{"line":24,"column":40}},"type":"binary-expr","locations":[{"start":{"line":23,"column":4},"end":{"line":23,"column":55}},{"start":{"line":24,"column":4},"end":{"line":24,"column":40}}]},"1":{"loc":{"start":{"line":30,"column":4},"end":{"line":30,"column":42}},"type":"default-arg","locations":[{"start":{"line":30,"column":40},"end":{"line":30,"column":42}}]},"2":{"loc":{"start":{"line":33,"column":8},"end":{"line":33,"column":42}},"type":"default-arg","locations":[{"start":{"line":33,"column":22},"end":{"line":33,"column":42}}]},"3":{"loc":{"start":{"line":34,"column":8},"end":{"line":34,"column":43}},"type":"default-arg","locations":[{"start":{"line":34,"column":22},"end":{"line":34,"column":43}}]},"4":{"loc":{"start":{"line":46,"column":12},"end":{"line":48,"column":13}},"type":"if","locations":[{"start":{"line":46,"column":12},"end":{"line":48,"column":13}},{"start":{},"end":{}}]},"5":{"loc":{"start":{"line":46,"column":16},"end":{"line":46,"column":71}},"type":"binary-expr","locations":[{"start":{"line":46,"column":16},"end":{"line":46,"column":44}},{"start":{"line":46,"column":48},"end":{"line":46,"column":71}}]}},"s":{"0":0,"1":0,"2":0,"3":0,"4":0,"5":0,"6":0,"7":0,"8":0,"9":0,"10":0,"11":0,"12":0,"13":0,"14":0,"15":0,"16":0,"17":0,"18":0,"19":0,"20":0},"f":{"0":0,"1":0,"2":0,"3":0},"b":{"0":[0,0],"1":[0],"2":[0],"3":[0],"4":[0,0],"5":[0,0]}}
,"/Users/maddoxsciuchetti/fixies-branch/server/src/utils/v2/tokenV2.ts": {"path":"/Users/maddoxsciuchetti/fixies-branch/server/src/utils/v2/tokenV2.ts","statementMap":{"0":{"start":{"line":1,"column":0},"end":{"line":1,"column":28}},"1":{"start":{"line":8,"column":32},"end":{"line":10,"column":1}},"2":{"start":{"line":9,"column":4},"end":{"line":9,"column":53}},"3":{"start":{"line":8,"column":13},"end":{"line":8,"column":32}},"4":{"start":{"line":16,"column":25},"end":{"line":18,"column":1}},"5":{"start":{"line":17,"column":4},"end":{"line":17,"column":67}},"6":{"start":{"line":16,"column":13},"end":{"line":16,"column":25}}},"fnMap":{"0":{"name":"(anonymous_1)","decl":{"start":{"line":8,"column":32},"end":{"line":8,"column":33}},"loc":{"start":{"line":8,"column":63},"end":{"line":10,"column":1}}},"1":{"name":"(anonymous_2)","decl":{"start":{"line":16,"column":25},"end":{"line":16,"column":26}},"loc":{"start":{"line":16,"column":51},"end":{"line":18,"column":1}}}},"branchMap":{"0":{"loc":{"start":{"line":8,"column":33},"end":{"line":8,"column":51}},"type":"default-arg","locations":[{"start":{"line":8,"column":49},"end":{"line":8,"column":51}}]}},"s":{"0":0,"1":0,"2":0,"3":0,"4":0,"5":0,"6":0},"f":{"0":0,"1":0},"b":{"0":[0]}}
}
