TN:
SF:src/db.ts
FNF:0
FNH:0
DA:1,0
DA:2,0
DA:3,0
DA:5,0
DA:13,0
LF:5
LH:0
BRDA:8,0,0,0
BRDA:8,0,1,0
BRF:2
BRH:0
end_of_record
TN:
SF:src/index.ts
FNF:0
FNH:0
DA:1,0
DA:2,0
LF:2
LH:0
BRF:0
BRH:0
end_of_record
TN:
SF:src/server.ts
FN:33,(anonymous_1)
FN:37,(anonymous_2)
FN:52,(anonymous_3)
FN:53,(anonymous_4)
FN:71,(anonymous_5)
FN:96,(anonymous_6)
FNF:6
FNH:0
FNDA:0,(anonymous_1)
FNDA:0,(anonymous_2)
FNDA:0,(anonymous_3)
FNDA:0,(anonymous_4)
FNDA:0,(anonymous_5)
FNDA:0,(anonymous_6)
DA:1,0
DA:2,0
DA:4,0
DA:5,0
DA:6,0
DA:8,0
DA:9,0
DA:10,0
DA:11,0
DA:12,0
DA:13,0
DA:14,0
DA:15,0
DA:16,0
DA:17,0
DA:18,0
DA:19,0
DA:20,0
DA:21,0
DA:22,0
DA:23,0
DA:25,0
DA:27,0
DA:29,0
DA:30,0
DA:31,0
DA:33,0
DA:35,0
DA:38,0
DA:40,0
DA:41,0
DA:43,0
DA:52,0
DA:53,0
DA:54,0
DA:55,0
DA:56,0
DA:62,0
DA:65,0
DA:71,0
DA:72,0
DA:75,0
DA:77,0
DA:79,0
DA:81,0
DA:82,0
DA:83,0
DA:85,0
DA:87,0
DA:89,0
DA:91,0
DA:92,0
DA:94,0
DA:96,0
DA:97,0
LF:55
LH:0
BRDA:25,0,0,0
BRDA:25,0,1,0
BRDA:38,1,0,0
BRDA:38,1,1,0
BRDA:40,2,0,0
BRDA:40,2,1,0
BRDA:55,3,0,0
BRDA:55,3,1,0
BRF:8
BRH:0
end_of_record
TN:
SF:src/stripeClient.ts
FNF:0
FNH:0
DA:1,0
DA:2,0
DA:4,0
LF:3
LH:0
BRF:0
BRH:0
end_of_record
TN:
SF:src/config/aws.ts
FN:17,(anonymous_0)
FN:31,uploadFileToS3
FNF:2
FNH:0
FNDA:0,(anonymous_0)
FNDA:0,uploadFileToS3
DA:2,0
DA:7,0
DA:9,0
DA:17,0
DA:20,0
DA:26,0
DA:31,0
DA:36,0
DA:38,0
DA:45,0
DA:46,0
DA:47,0
DA:49,0
DA:55,0
DA:56,0
LF:15
LH:0
BRDA:34,0,0,0
BRDA:58,1,0,0
BRDA:58,1,1,0
BRF:3
BRH:0
end_of_record
TN:
SF:src/config/resend.ts
FNF:0
FNH:0
DA:1,0
DA:2,0
DA:4,0
DA:6,0
LF:4
LH:0
BRF:0
BRH:0
end_of_record
TN:
SF:src/constants/env.ts
FN:1,(anonymous_0)
FNF:1
FNH:1
FNDA:11,(anonymous_0)
DA:1,1
DA:2,11
DA:4,11
DA:5,0
DA:8,11
DA:11,1
DA:12,1
DA:13,1
DA:14,1
DA:15,1
DA:16,1
DA:17,1
DA:18,1
DA:19,1
DA:20,1
DA:21,1
LF:16
LH:15
BRDA:2,0,0,11
BRDA:2,0,1,1
BRDA:4,1,0,0
BRDA:4,1,1,11
BRF:4
BRH:3
end_of_record
TN:
SF:src/constants/http.ts
FNF:0
FNH:0
DA:1,0
DA:2,0
DA:3,0
DA:4,0
DA:5,0
DA:6,0
DA:7,0
DA:8,0
DA:9,0
DA:10,0
DA:11,0
LF:11
LH:0
BRF:0
BRH:0
end_of_record
TN:
SF:src/constants/statusEntity.consts.ts
FNF:0
FNH:0
DA:4,0
DA:6,0
LF:2
LH:0
BRF:0
BRH:0
end_of_record
TN:
SF:src/constants/stripePricePlans.ts
FN:9,planFromStripePriceId
FNF:1
FNH:1
FNDA:16,planFromStripePriceId
DA:3,2
DA:9,2
DA:12,16
DA:13,6
DA:15,10
LF:5
LH:5
BRDA:12,0,0,6
BRDA:12,0,1,10
BRDA:15,1,0,10
BRDA:15,1,1,2
BRF:4
BRH:4
end_of_record
TN:
SF:src/constants/validationMessages.ts
FN:2,(anonymous_0)
FN:3,(anonymous_1)
FN:5,(anonymous_2)
FN:8,(anonymous_3)
FNF:4
FNH:0
FNDA:0,(anonymous_0)
FNDA:0,(anonymous_1)
FNDA:0,(anonymous_2)
FNDA:0,(anonymous_3)
DA:1,0
DA:2,0
DA:4,0
DA:6,0
DA:9,0
LF:5
LH:0
BRF:0
BRH:0
end_of_record
TN:
SF:src/controllers/auth.controller.ts
FN:30,(anonymous_1)
FN:42,(anonymous_2)
FN:55,(anonymous_3)
FN:67,(anonymous_4)
FN:88,(anonymous_5)
FN:107,(anonymous_6)
FN:113,(anonymous_7)
FN:119,(anonymous_8)
FNF:8
FNH:0
FNDA:0,(anonymous_1)
FNDA:0,(anonymous_2)
FNDA:0,(anonymous_3)
FNDA:0,(anonymous_4)
FNDA:0,(anonymous_5)
FNDA:0,(anonymous_6)
FNDA:0,(anonymous_7)
FNDA:0,(anonymous_8)
DA:1,0
DA:2,0
DA:10,0
DA:11,0
DA:20,0
DA:21,0
DA:22,0
DA:28,0
DA:30,0
DA:31,0
DA:36,0
DA:37,0
DA:42,0
DA:43,0
DA:49,0
DA:50,0
DA:55,0
DA:56,0
DA:61,0
DA:62,0
DA:67,0
DA:68,0
DA:69,0
DA:72,0
DA:74,0
DA:75,0
DA:82,0
DA:88,0
DA:89,0
DA:90,0
DA:92,0
DA:93,0
DA:102,0
DA:107,0
DA:108,0
DA:109,0
DA:110,0
DA:113,0
DA:114,0
DA:115,0
DA:116,0
DA:119,0
DA:120,0
DA:121,0
DA:122,0
LF:45
LH:0
BRDA:74,0,0,0
BRDA:74,0,1,0
BRDA:90,1,0,0
BRDA:90,1,1,0
BRDA:92,2,0,0
BRDA:92,2,1,0
BRF:6
BRH:0
end_of_record
TN:
SF:src/controllers/billing.controller.ts
FN:11,(anonymous_1)
FN:24,(anonymous_2)
FN:32,(anonymous_3)
FNF:3
FNH:0
FNDA:0,(anonymous_1)
FNDA:0,(anonymous_2)
FNDA:0,(anonymous_3)
DA:1,0
DA:2,0
DA:3,0
DA:8,0
DA:9,0
DA:11,0
DA:12,0
DA:13,0
DA:14,0
DA:16,0
DA:17,0
DA:21,0
DA:24,0
DA:25,0
DA:26,0
DA:28,0
DA:29,0
DA:32,0
DA:33,0
DA:34,0
DA:36,0
DA:37,0
LF:22
LH:0
BRDA:14,0,0,0
BRDA:14,0,1,0
BRF:2
BRH:0
end_of_record
TN:
SF:src/controllers/employee.controller.ts
FN:14,(anonymous_1)
FN:18,(anonymous_2)
FN:29,(anonymous_3)
FN:33,(anonymous_4)
FN:41,(anonymous_5)
FN:54,(anonymous_6)
FN:63,(anonymous_7)
FNF:7
FNH:0
FNDA:0,(anonymous_1)
FNDA:0,(anonymous_2)
FNDA:0,(anonymous_3)
FNDA:0,(anonymous_4)
FNDA:0,(anonymous_5)
FNDA:0,(anonymous_6)
FNDA:0,(anonymous_7)
DA:1,0
DA:2,0
DA:3,0
DA:11,0
DA:12,0
DA:14,0
DA:15,0
DA:16,0
DA:18,0
DA:26,0
DA:29,0
DA:30,0
DA:31,0
DA:33,0
DA:38,0
DA:41,0
DA:42,0
DA:43,0
DA:45,0
DA:46,0
DA:48,0
DA:54,0
DA:55,0
DA:56,0
DA:58,0
DA:60,0
DA:63,0
DA:64,0
DA:65,0
DA:67,0
DA:72,0
LF:31
LH:0
BRF:0
BRH:0
end_of_record
TN:
SF:src/controllers/index.controller.ts
FN:13,(anonymous_1)
FN:19,(anonymous_2)
FN:33,(anonymous_3)
FNF:3
FNH:0
FNDA:0,(anonymous_1)
FNDA:0,(anonymous_2)
FNDA:0,(anonymous_3)
DA:2,0
DA:3,0
DA:4,0
DA:6,0
DA:7,0
DA:9,0
DA:13,0
DA:14,0
DA:15,0
DA:16,0
DA:19,0
DA:20,0
DA:26,0
DA:30,0
DA:33,0
DA:34,0
DA:35,0
DA:37,0
DA:39,0
DA:41,0
DA:42,0
DA:44,0
DA:45,0
DA:56,0
DA:62,0
DA:63,0
DA:72,0
LF:27
LH:0
BRDA:41,0,0,0
BRDA:41,0,1,0
BRF:2
BRH:0
end_of_record
TN:
SF:src/controllers/invite.controller.ts
FN:15,(anonymous_1)
FN:34,(anonymous_2)
FN:40,(anonymous_3)
FNF:3
FNH:0
FNDA:0,(anonymous_1)
FNDA:0,(anonymous_2)
FNDA:0,(anonymous_3)
DA:1,0
DA:2,0
DA:6,0
DA:11,0
DA:12,0
DA:13,0
DA:15,0
DA:16,0
DA:17,0
DA:19,0
DA:20,0
DA:26,0
DA:27,0
DA:29,0
DA:34,0
DA:35,0
DA:36,0
DA:37,0
DA:40,0
DA:41,0
DA:42,0
DA:48,0
DA:49,0
LF:23
LH:0
BRF:0
BRH:0
end_of_record
TN:
SF:src/controllers/orgEngagement.controller.ts
FN:6,(anonymous_1)
FNF:1
FNH:0
FNDA:0,(anonymous_1)
DA:1,0
DA:2,0
DA:3,0
DA:4,0
DA:6,0
DA:7,0
DA:8,0
DA:13,0
DA:14,0
LF:9
LH:0
BRF:0
BRH:0
end_of_record
TN:
SF:src/controllers/orgStatus.controller.ts
FN:17,(anonymous_1)
FN:31,(anonymous_2)
FN:44,(anonymous_3)
FN:56,(anonymous_4)
FNF:4
FNH:0
FNDA:0,(anonymous_1)
FNDA:0,(anonymous_2)
FNDA:0,(anonymous_3)
FNDA:0,(anonymous_4)
DA:1,0
DA:2,0
DA:7,0
DA:13,0
DA:14,0
DA:15,0
DA:17,0
DA:18,0
DA:19,0
DA:24,0
DA:25,0
DA:26,0
DA:27,0
DA:28,0
DA:31,0
DA:32,0
DA:33,0
DA:34,0
DA:37,0
DA:44,0
DA:45,0
DA:46,0
DA:47,0
DA:48,0
DA:49,0
DA:56,0
DA:57,0
DA:58,0
DA:59,0
DA:60,0
LF:30
LH:0
BRDA:25,0,0,0
BRDA:25,0,1,0
BRF:2
BRH:0
end_of_record
TN:
SF:src/controllers/stripeWebhook.controller.ts
FN:7,stripeWebhookHandler
FN:21,parseStripeEvent
FNF:2
FNH:2
FNDA:5,stripeWebhookHandler
FNDA:5,parseStripeEvent
DA:1,1
DA:2,1
DA:3,1
DA:7,1
DA:12,5
DA:13,5
DA:14,4
DA:15,3
DA:17,2
DA:22,5
DA:23,5
DA:24,0
DA:26,5
LF:13
LH:12
BRDA:23,0,0,0
BRDA:23,0,1,5
BRF:2
BRH:1
end_of_record
TN:
SF:src/controllers/task.controller.ts
FN:12,(anonymous_1)
FN:18,(anonymous_2)
FN:25,(anonymous_3)
FN:33,(anonymous_4)
FN:40,(anonymous_5)
FN:58,(anonymous_6)
FN:62,(anonymous_7)
FNF:7
FNH:0
FNDA:0,(anonymous_1)
FNDA:0,(anonymous_2)
FNDA:0,(anonymous_3)
FNDA:0,(anonymous_4)
FNDA:0,(anonymous_5)
FNDA:0,(anonymous_6)
FNDA:0,(anonymous_7)
DA:1,0
DA:2,0
DA:10,0
DA:12,0
DA:13,0
DA:14,0
DA:15,0
DA:18,0
DA:19,0
DA:20,0
DA:21,0
DA:22,0
DA:25,0
DA:26,0
DA:27,0
DA:28,0
DA:29,0
DA:30,0
DA:33,0
DA:34,0
DA:35,0
DA:36,0
DA:37,0
DA:40,0
DA:41,0
DA:42,0
DA:43,0
DA:44,0
DA:46,0
DA:48,0
DA:51,0
DA:55,0
DA:58,0
DA:59,0
DA:60,0
DA:62,0
DA:65,0
DA:66,0
LF:38
LH:0
BRDA:46,0,0,0
BRDA:46,0,1,0
BRDA:46,1,0,0
BRDA:46,1,1,0
BRDA:48,2,0,0
BRDA:48,2,1,0
BRDA:48,3,0,0
BRDA:48,3,1,0
BRDA:60,4,0,0
BRDA:60,4,1,0
BRF:10
BRH:0
end_of_record
TN:
SF:src/controllers/template.controller.ts
FN:17,(anonymous_1)
FN:20,(anonymous_2)
FN:42,(anonymous_3)
FN:50,(anonymous_4)
FN:60,(anonymous_5)
FN:77,(anonymous_6)
FN:87,(anonymous_7)
FN:104,(anonymous_8)
FN:112,(anonymous_9)
FN:120,(anonymous_10)
FN:133,(anonymous_11)
FNF:11
FNH:0
FNDA:0,(anonymous_1)
FNDA:0,(anonymous_2)
FNDA:0,(anonymous_3)
FNDA:0,(anonymous_4)
FNDA:0,(anonymous_5)
FNDA:0,(anonymous_6)
FNDA:0,(anonymous_7)
FNDA:0,(anonymous_8)
FNDA:0,(anonymous_9)
FNDA:0,(anonymous_10)
FNDA:0,(anonymous_11)
DA:1,0
DA:2,0
DA:13,0
DA:14,0
DA:17,0
DA:18,0
DA:20,0
DA:21,0
DA:22,0
DA:23,0
DA:29,0
DA:30,0
DA:32,0
DA:39,0
DA:42,0
DA:43,0
DA:45,0
DA:47,0
DA:50,0
DA:51,0
DA:52,0
DA:54,0
DA:55,0
DA:57,0
DA:60,0
DA:61,0
DA:62,0
DA:68,0
DA:70,0
DA:74,0
DA:77,0
DA:78,0
DA:79,0
DA:81,0
DA:83,0
DA:87,0
DA:88,0
DA:89,0
DA:90,0
DA:91,0
DA:92,0
DA:101,0
DA:104,0
DA:105,0
DA:106,0
DA:108,0
DA:109,0
DA:111,0
DA:112,0
DA:117,0
DA:120,0
DA:121,0
DA:122,0
DA:123,0
DA:130,0
DA:133,0
DA:134,0
DA:135,0
DA:137,0
DA:139,0
LF:60
LH:0
BRDA:18,0,0,0
BRDA:18,0,1,0
BRDA:22,1,0,0
BRDA:22,1,1,0
BRDA:29,2,0,0
BRDA:29,2,1,0
BRDA:29,2,2,0
BRDA:30,3,0,0
BRDA:30,3,1,0
BRDA:30,3,2,0
BRDA:71,4,0,0
BRDA:71,4,1,0
BRDA:71,4,2,0
BRDA:72,5,0,0
BRDA:72,5,1,0
BRDA:72,5,2,0
BRF:16
BRH:0
end_of_record
TN:
SF:src/controllers/test.controller.ts
FN:5,(anonymous_1)
FN:16,(anonymous_2)
FN:25,(anonymous_3)
FNF:3
FNH:0
FNDA:0,(anonymous_1)
FNDA:0,(anonymous_2)
FNDA:0,(anonymous_3)
DA:1,0
DA:2,0
DA:3,0
DA:5,0
DA:6,0
DA:7,0
DA:9,0
DA:13,0
DA:16,0
DA:18,0
DA:22,0
DA:25,0
DA:27,0
DA:29,0
DA:31,0
LF:15
LH:0
BRDA:18,0,0,0
BRDA:18,0,1,0
BRDA:27,1,0,0
BRDA:27,1,1,0
BRF:4
BRH:0
end_of_record
TN:
SF:src/controllers/user.controller.ts
FN:13,(anonymous_1)
FN:22,(anonymous_2)
FN:36,(anonymous_3)
FN:66,(anonymous_4)
FNF:4
FNH:0
FNDA:0,(anonymous_1)
FNDA:0,(anonymous_2)
FNDA:0,(anonymous_3)
FNDA:0,(anonymous_4)
DA:1,0
DA:2,0
DA:3,0
DA:4,0
DA:10,0
DA:11,0
DA:13,0
DA:14,0
DA:16,0
DA:17,0
DA:19,0
DA:22,0
DA:23,0
DA:24,0
DA:26,0
DA:27,0
DA:28,0
DA:31,0
DA:33,0
DA:36,0
DA:37,0
DA:39,0
DA:40,0
DA:41,0
DA:47,0
DA:48,0
DA:50,0
DA:55,0
DA:56,0
DA:61,0
DA:63,0
DA:66,0
DA:67,0
DA:68,0
DA:70,0
DA:72,0
LF:36
LH:0
BRDA:27,0,0,0
BRDA:27,0,1,0
BRDA:40,1,0,0
BRDA:40,1,1,0
BRDA:55,2,0,0
BRDA:55,2,1,0
BRF:6
BRH:0
end_of_record
TN:
SF:src/controllers/worker.controller.ts
FN:6,param
FN:11,(anonymous_11)
FN:23,(anonymous_12)
FN:41,(anonymous_13)
FN:59,(anonymous_14)
FN:73,(anonymous_15)
FN:87,(anonymous_16)
FN:99,(anonymous_17)
FN:108,(anonymous_18)
FN:125,(anonymous_19)
FN:140,(anonymous_20)
FN:157,(anonymous_21)
FN:173,(anonymous_22)
FN:179,(anonymous_23)
FN:190,(anonymous_24)
FN:201,(anonymous_25)
FN:214,(anonymous_26)
FN:222,(anonymous_27)
FN:239,(anonymous_28)
FN:246,(anonymous_29)
FN:257,(anonymous_30)
FN:267,(anonymous_31)
FN:280,(anonymous_32)
FN:310,(anonymous_33)
FN:327,(anonymous_34)
FN:341,(anonymous_35)
FNF:26
FNH:0
FNDA:0,param
FNDA:0,(anonymous_11)
FNDA:0,(anonymous_12)
FNDA:0,(anonymous_13)
FNDA:0,(anonymous_14)
FNDA:0,(anonymous_15)
FNDA:0,(anonymous_16)
FNDA:0,(anonymous_17)
FNDA:0,(anonymous_18)
FNDA:0,(anonymous_19)
FNDA:0,(anonymous_20)
FNDA:0,(anonymous_21)
FNDA:0,(anonymous_22)
FNDA:0,(anonymous_23)
FNDA:0,(anonymous_24)
FNDA:0,(anonymous_25)
FNDA:0,(anonymous_26)
FNDA:0,(anonymous_27)
FNDA:0,(anonymous_28)
FNDA:0,(anonymous_29)
FNDA:0,(anonymous_30)
FNDA:0,(anonymous_31)
FNDA:0,(anonymous_32)
FNDA:0,(anonymous_33)
FNDA:0,(anonymous_34)
FNDA:0,(anonymous_35)
DA:1,0
DA:2,0
DA:4,0
DA:7,0
DA:8,0
DA:11,0
DA:12,0
DA:13,0
DA:14,0
DA:19,0
DA:22,0
DA:24,0
DA:25,0
DA:27,0
DA:36,0
DA:40,0
DA:42,0
DA:43,0
DA:45,0
DA:49,0
DA:50,0
DA:55,0
DA:59,0
DA:60,0
DA:61,0
DA:63,0
DA:69,0
DA:72,0
DA:74,0
DA:75,0
DA:77,0
DA:82,0
DA:86,0
DA:88,0
DA:89,0
DA:91,0
DA:95,0
DA:99,0
DA:100,0
DA:101,0
DA:103,0
DA:104,0
DA:107,0
DA:109,0
DA:110,0
DA:111,0
DA:113,0
DA:120,0
DA:124,0
DA:126,0
DA:127,0
DA:129,0
DA:135,0
DA:139,0
DA:141,0
DA:142,0
DA:143,0
DA:145,0
DA:152,0
DA:156,0
DA:158,0
DA:159,0
DA:160,0
DA:162,0
DA:167,0
DA:173,0
DA:174,0
DA:175,0
DA:178,0
DA:180,0
DA:181,0
DA:182,0
DA:186,0
DA:190,0
DA:191,0
DA:192,0
DA:197,0
DA:200,0
DA:202,0
DA:203,0
DA:204,0
DA:205,0
DA:210,0
DA:214,0
DA:215,0
DA:216,0
DA:217,0
DA:218,0
DA:221,0
DA:223,0
DA:224,0
DA:225,0
DA:226,0
DA:227,0
DA:234,0
DA:238,0
DA:240,0
DA:241,0
DA:245,0
DA:247,0
DA:248,0
DA:252,0
DA:256,0
DA:258,0
DA:259,0
DA:260,0
DA:266,0
DA:268,0
DA:269,0
DA:270,0
DA:272,0
DA:273,0
DA:274,0
DA:279,0
DA:281,0
DA:286,0
DA:287,0
DA:290,0
DA:303,0
DA:309,0
DA:311,0
DA:312,0
DA:313,0
DA:315,0
DA:320,0
DA:326,0
DA:328,0
DA:329,0
DA:331,0
DA:336,0
DA:340,0
DA:342,0
DA:343,0
DA:345,0
DA:349,0
LF:135
LH:0
BRDA:8,0,0,0
BRDA:8,0,1,0
BRDA:31,1,0,0
BRDA:31,1,1,0
BRDA:32,2,0,0
BRDA:32,2,1,0
BRDA:49,3,0,0
BRDA:49,3,1,0
BRDA:272,4,0,0
BRDA:272,4,1,0
BRDA:273,5,0,0
BRDA:273,5,1,0
BRDA:286,6,0,0
BRDA:286,6,1,0
BRDA:286,7,0,0
BRDA:286,7,1,0
BRDA:287,8,0,0
BRDA:287,8,1,0
BRF:18
BRH:0
end_of_record
TN:
SF:src/lib/prisma.ts
FNF:0
FNH:0
DA:1,0
DA:2,0
DA:3,0
DA:5,0
DA:7,0
DA:8,0
DA:10,0
LF:7
LH:0
BRF:0
BRH:0
end_of_record
TN:
SF:src/middleware/authenticate.ts
FN:8,(anonymous_1)
FNF:1
FNH:0
FNDA:0,(anonymous_1)
DA:1,0
DA:4,0
DA:5,0
DA:6,0
DA:8,0
DA:9,0
DA:10,0
DA:11,0
DA:18,0
DA:19,0
DA:26,0
DA:32,0
DA:34,0
DA:35,0
DA:36,0
DA:37,0
DA:39,0
DA:41,0
DA:43,0
DA:47,0
LF:20
LH:0
BRDA:22,0,0,0
BRDA:22,0,1,0
BRDA:36,1,0,0
BRDA:36,1,1,0
BRF:4
BRH:0
end_of_record
TN:
SF:src/middleware/errorHandler.ts
FN:7,(anonymous_1)
FN:8,(anonymous_2)
FN:18,(anonymous_3)
FN:25,(anonymous_4)
FNF:4
FNH:0
FNDA:0,(anonymous_1)
FNDA:0,(anonymous_2)
FNDA:0,(anonymous_3)
FNDA:0,(anonymous_4)
DA:2,0
DA:3,0
DA:4,0
DA:5,0
DA:7,0
DA:8,0
DA:12,0
DA:18,0
DA:19,0
DA:25,0
DA:26,0
DA:28,0
DA:29,0
DA:32,0
DA:33,0
DA:36,0
DA:37,0
DA:40,0
DA:43,0
LF:19
LH:0
BRDA:28,0,0,0
BRDA:28,0,1,0
BRDA:32,1,0,0
BRDA:32,1,1,0
BRDA:36,2,0,0
BRDA:36,2,1,0
BRF:6
BRH:0
end_of_record
TN:
SF:src/middleware/fileparser.ts
FNF:0
FNH:0
DA:1,0
DA:3,0
LF:2
LH:0
BRF:0
BRH:0
end_of_record
TN:
SF:src/middleware/requireSubscriptionAccess.ts
FN:8,(anonymous_1)
FNF:1
FNH:0
FNDA:0,(anonymous_1)
DA:2,0
DA:3,0
DA:4,0
DA:5,0
DA:8,0
DA:13,0
DA:14,0
DA:15,0
DA:23,0
DA:29,0
DA:31,0
DA:35,0
LF:12
LH:0
BRF:0
BRH:0
end_of_record
TN:
SF:src/prisma/seed.ts
FN:28,ensureDefaultStatuses
FN:99,main
FN:193,(anonymous_3)
FN:197,(anonymous_4)
FNF:4
FNH:0
FNDA:0,ensureDefaultStatuses
FNDA:0,main
FNDA:0,(anonymous_3)
FNDA:0,(anonymous_4)
DA:1,0
DA:2,0
DA:3,0
DA:4,0
DA:5,0
DA:16,0
DA:17,0
DA:18,0
DA:21,0
DA:22,0
DA:24,0
DA:25,0
DA:26,0
DA:29,0
DA:32,0
DA:36,0
DA:37,0
DA:67,0
DA:68,0
DA:100,0
DA:102,0
DA:104,0
DA:122,0
DA:123,0
DA:127,0
DA:132,0
DA:147,0
DA:153,0
DA:154,0
DA:162,0
DA:163,0
DA:169,0
DA:171,0
DA:180,0
DA:187,0
DA:192,0
DA:194,0
DA:195,0
DA:198,0
LF:39
LH:0
BRDA:16,0,0,0
BRDA:16,0,1,0
BRDA:24,1,0,0
BRDA:24,1,1,0
BRDA:25,2,0,0
BRDA:25,2,1,0
BRDA:26,3,0,0
BRDA:26,3,1,0
BRDA:36,4,0,0
BRDA:36,4,1,0
BRDA:67,5,0,0
BRDA:67,5,1,0
BRDA:122,6,0,0
BRDA:122,6,1,0
BRDA:153,7,0,0
BRDA:153,7,1,0
BRDA:162,8,0,0
BRDA:162,8,1,0
BRF:18
BRH:0
end_of_record
TN:
SF:src/prisma/generated/browser.ts
FNF:0
FNH:0
DA:16,0
DA:17,0
DA:18,0
DA:19,0
LF:4
LH:0
BRF:0
BRH:0
end_of_record
TN:
SF:src/prisma/generated/client.ts
FNF:0
FNH:0
DA:14,0
DA:15,0
DA:16,0
DA:20,0
DA:21,0
DA:23,0
DA:24,0
DA:38,0
DA:40,0
LF:9
LH:0
BRF:0
BRH:0
end_of_record
TN:
SF:src/prisma/generated/enums.ts
FNF:0
FNH:0
DA:12,0
DA:20,0
LF:2
LH:0
BRF:0
BRH:0
end_of_record
TN:
SF:src/prisma/generated/client/browser.ts
FNF:0
FNH:0
DA:16,0
DA:17,0
DA:18,0
DA:19,0
LF:4
LH:0
BRF:0
BRH:0
end_of_record
TN:
SF:src/prisma/generated/client/client.ts
FNF:0
FNH:0
DA:14,0
DA:15,0
DA:16,0
DA:20,0
DA:21,0
DA:23,0
DA:24,0
DA:38,0
DA:40,0
LF:9
LH:0
BRF:0
BRH:0
end_of_record
TN:
SF:src/prisma/generated/client/enums.ts
FNF:0
FNH:0
DA:12,0
DA:20,0
LF:2
LH:0
BRF:0
BRH:0
end_of_record
TN:
SF:src/prisma/generated/client/internal/class.ts
FN:41,decodeBase64AsWasm
FN:42,(anonymous_10)
FN:48,(anonymous_11)
FN:48,(anonymous_12)
FN:50,(anonymous_13)
FN:51,(anonymous_14)
FN:278,getPrismaClientClass
FNF:7
FNH:0
FNDA:0,decodeBase64AsWasm
FNDA:0,(anonymous_10)
FNDA:0,(anonymous_11)
FNDA:0,(anonymous_12)
FNDA:0,(anonymous_13)
FNDA:0,(anonymous_14)
FNDA:0,getPrismaClientClass
DA:14,0
DA:18,0
DA:35,0
DA:36,0
DA:42,0
DA:43,0
DA:44,0
DA:47,0
DA:48,0
DA:51,0
DA:52,0
DA:278,0
DA:279,0
LF:13
LH:0
BRF:0
BRH:0
end_of_record
TN:
SF:src/prisma/generated/client/internal/prismaNamespace.ts
FNF:0
FNH:0
DA:18,0
DA:32,0
DA:35,0
DA:38,0
DA:41,0
DA:44,0
DA:50,0
DA:51,0
DA:52,0
DA:53,0
DA:54,0
DA:62,0
DA:71,0
DA:86,0
DA:104,0
DA:114,0
DA:121,0
DA:128,0
DA:386,0
DA:1110,0
DA:1120,0
DA:1130,0
DA:1142,0
DA:1155,0
DA:1172,0
DA:1183,0
DA:1196,0
DA:1207,0
DA:1219,0
DA:1233,0
DA:1241,0
DA:1249,0
DA:1360,0
LF:33
LH:0
BRF:0
BRH:0
end_of_record
TN:
SF:src/prisma/generated/client/internal/prismaNamespaceBrowser.ts
FNF:0
FNH:0
DA:18,0
DA:23,0
DA:26,0
DA:36,0
DA:43,0
DA:50,0
DA:53,0
DA:71,0
DA:81,0
DA:91,0
DA:103,0
DA:116,0
DA:133,0
DA:144,0
DA:157,0
DA:168,0
DA:180,0
DA:194,0
DA:202,0
DA:210,0
LF:20
LH:0
BRF:0
BRH:0
end_of_record
TN:
SF:src/prisma/generated/internal/class.ts
FN:41,decodeBase64AsWasm
FN:42,(anonymous_10)
FN:48,(anonymous_11)
FN:48,(anonymous_12)
FN:50,(anonymous_13)
FN:51,(anonymous_14)
FN:278,getPrismaClientClass
FNF:7
FNH:0
FNDA:0,decodeBase64AsWasm
FNDA:0,(anonymous_10)
FNDA:0,(anonymous_11)
FNDA:0,(anonymous_12)
FNDA:0,(anonymous_13)
FNDA:0,(anonymous_14)
FNDA:0,getPrismaClientClass
DA:14,0
DA:18,0
DA:35,0
DA:36,0
DA:42,0
DA:43,0
DA:44,0
DA:47,0
DA:48,0
DA:51,0
DA:52,0
DA:278,0
DA:279,0
LF:13
LH:0
BRF:0
BRH:0
end_of_record
TN:
SF:src/prisma/generated/internal/prismaNamespace.ts
FNF:0
FNH:0
DA:18,0
DA:32,0
DA:35,0
DA:38,0
DA:41,0
DA:44,0
DA:50,0
DA:51,0
DA:52,0
DA:53,0
DA:54,0
DA:62,0
DA:71,0
DA:86,0
DA:104,0
DA:114,0
DA:121,0
DA:128,0
DA:386,0
DA:1110,0
DA:1120,0
DA:1130,0
DA:1142,0
DA:1155,0
DA:1172,0
DA:1183,0
DA:1196,0
DA:1207,0
DA:1219,0
DA:1233,0
DA:1241,0
DA:1249,0
DA:1360,0
LF:33
LH:0
BRF:0
BRH:0
end_of_record
TN:
SF:src/prisma/generated/internal/prismaNamespaceBrowser.ts
FNF:0
FNH:0
DA:18,0
DA:23,0
DA:26,0
DA:36,0
DA:43,0
DA:50,0
DA:53,0
DA:71,0
DA:81,0
DA:91,0
DA:103,0
DA:116,0
DA:133,0
DA:144,0
DA:157,0
DA:168,0
DA:180,0
DA:194,0
DA:202,0
DA:210,0
LF:20
LH:0
BRF:0
BRH:0
end_of_record
TN:
SF:src/routes/auth.route.ts
FNF:0
FNH:0
DA:1,0
DA:3,0
DA:4,0
DA:6,0
DA:7,0
DA:8,0
DA:9,0
DA:10,0
DA:11,0
DA:12,0
DA:13,0
DA:15,0
LF:12
LH:0
BRF:0
BRH:0
end_of_record
TN:
SF:src/routes/billing.route.ts
FNF:0
FNH:0
DA:1,0
DA:6,0
DA:8,0
DA:10,0
DA:11,0
DA:12,0
DA:14,0
LF:7
LH:0
BRF:0
BRH:0
end_of_record
TN:
SF:src/routes/employee.route.ts
FNF:0
FNH:0
DA:1,0
DA:2,0
DA:4,0
DA:6,0
DA:12,0
DA:13,0
DA:18,0
DA:23,0
DA:25,0
LF:9
LH:0
BRF:0
BRH:0
end_of_record
TN:
SF:src/routes/index.route.ts
FNF:0
FNH:0
DA:1,0
DA:2,0
DA:3,0
DA:4,0
DA:6,0
DA:8,0
DA:9,0
DA:11,0
LF:8
LH:0
BRF:0
BRH:0
end_of_record
TN:
SF:src/routes/invite.route.ts
FNF:0
FNH:0
DA:1,0
DA:5,0
DA:7,0
DA:9,0
DA:11,0
DA:13,0
LF:6
LH:0
BRF:0
BRH:0
end_of_record
TN:
SF:src/routes/org.route.ts
FNF:0
FNH:0
DA:1,0
DA:2,0
DA:3,0
DA:9,0
DA:11,0
DA:13,0
DA:14,0
DA:15,0
DA:16,0
DA:17,0
DA:18,0
DA:20,0
LF:12
LH:0
BRF:0
BRH:0
end_of_record
TN:
SF:src/routes/tasks.route.ts
FNF:0
FNH:0
DA:1,0
DA:9,0
DA:11,0
DA:13,0
DA:14,0
DA:15,0
DA:16,0
DA:17,0
DA:18,0
LF:9
LH:0
BRF:0
BRH:0
end_of_record
TN:
SF:src/routes/template.route.ts
FNF:0
FNH:0
DA:1,0
DA:2,0
DA:4,0
DA:6,0
DA:8,0
DA:9,0
DA:10,0
DA:11,0
DA:12,0
DA:14,0
DA:15,0
DA:16,0
DA:17,0
DA:18,0
LF:14
LH:0
BRF:0
BRH:0
end_of_record
TN:
SF:src/routes/test.route.ts
FNF:0
FNH:0
DA:1,0
DA:6,0
DA:8,0
DA:10,0
DA:11,0
DA:12,0
DA:14,0
LF:7
LH:0
BRF:0
BRH:0
end_of_record
TN:
SF:src/routes/user.route.ts
FNF:0
FNH:0
DA:1,0
DA:2,0
DA:3,0
DA:5,0
DA:7,0
DA:8,0
DA:13,0
DA:14,0
DA:16,0
LF:9
LH:0
BRF:0
BRH:0
end_of_record
TN:
SF:src/routes/worker.route.ts
FNF:0
FNH:0
DA:1,0
DA:3,0
DA:5,0
DA:7,0
DA:10,0
DA:11,0
DA:12,0
DA:13,0
DA:14,0
DA:16,0
DA:17,0
DA:19,0
DA:20,0
DA:24,0
DA:29,0
DA:33,0
DA:37,0
DA:38,0
DA:39,0
DA:41,0
DA:46,0
DA:47,0
DA:48,0
DA:50,0
DA:52,0
DA:57,0
DA:58,0
DA:60,0
DA:62,0
LF:29
LH:0
BRF:0
BRH:0
end_of_record
TN:
SF:src/schemas/auth.schemas.ts
FN:54,(anonymous_1)
FNF:1
FNH:0
FNDA:0,(anonymous_1)
DA:1,0
DA:2,0
DA:4,0
DA:10,0
DA:16,0
DA:22,0
DA:54,0
DA:62,0
DA:69,0
DA:74,0
DA:108,0
LF:11
LH:0
BRF:0
BRH:0
end_of_record
TN:
SF:src/schemas/billing.schemas.ts
FNF:0
FNH:0
DA:1,0
DA:3,0
LF:2
LH:0
BRF:0
BRH:0
end_of_record
TN:
SF:src/schemas/employee.schemas.ts
FN:12,(anonymous_0)
FNF:1
FNH:0
FNDA:0,(anonymous_0)
DA:1,0
DA:2,0
DA:4,0
DA:12,0
LF:4
LH:0
BRF:0
BRH:0
end_of_record
TN:
SF:src/schemas/invite.schemas.ts
FN:40,(anonymous_1)
FNF:1
FNH:0
FNDA:0,(anonymous_1)
DA:1,0
DA:2,0
DA:4,0
DA:13,0
DA:40,0
LF:5
LH:0
BRF:0
BRH:0
end_of_record
TN:
SF:src/schemas/orgStatus.schemas.ts
FNF:0
FNH:0
DA:1,0
DA:3,0
DA:5,0
DA:10,0
LF:4
LH:0
BRF:0
BRH:0
end_of_record
TN:
SF:src/schemas/user.schemas.ts
FNF:0
FNH:0
DA:1,0
DA:2,0
DA:3,0
DA:5,0
LF:4
LH:0
BRF:0
BRH:0
end_of_record
TN:
SF:src/schemas/worker.schemas.ts
FNF:0
FNH:0
DA:1,0
DA:3,0
DA:9,0
DA:15,0
DA:20,0
LF:5
LH:0
BRF:0
BRH:0
end_of_record
TN:
SF:src/services/auth.service.ts
FN:64,(anonymous_1)
FN:91,(anonymous_2)
FN:155,(anonymous_3)
FN:166,(anonymous_4)
FN:325,(anonymous_5)
FN:377,(anonymous_6)
FN:427,(anonymous_7)
FN:457,(anonymous_8)
FN:506,(anonymous_9)
FNF:9
FNH:0
FNDA:0,(anonymous_1)
FNDA:0,(anonymous_2)
FNDA:0,(anonymous_3)
FNDA:0,(anonymous_4)
FNDA:0,(anonymous_5)
FNDA:0,(anonymous_6)
FNDA:0,(anonymous_7)
FNDA:0,(anonymous_8)
FNDA:0,(anonymous_9)
DA:1,0
DA:2,0
DA:3,0
DA:5,0
DA:13,0
DA:14,0
DA:15,0
DA:22,0
DA:30,0
DA:34,0
DA:35,0
DA:36,0
DA:64,0
DA:73,0
DA:74,0
DA:76,0
DA:86,0
DA:91,0
DA:92,0
DA:95,0
DA:98,0
DA:101,0
DA:103,0
DA:114,0
DA:117,0
DA:126,0
DA:127,0
DA:131,0
DA:134,0
DA:141,0
DA:145,0
DA:150,0
DA:155,0
DA:156,0
DA:158,0
DA:161,0
DA:163,0
DA:165,0
DA:168,0
DA:180,0
DA:184,0
DA:187,0
DA:203,0
DA:211,0
DA:220,0
DA:248,0
DA:277,0
DA:285,0
DA:288,0
DA:295,0
DA:296,0
DA:300,0
DA:303,0
DA:309,0
DA:313,0
DA:315,0
DA:325,0
DA:331,0
DA:334,0
DA:337,0
DA:340,0
DA:341,0
DA:343,0
DA:344,0
DA:347,0
DA:353,0
DA:356,0
DA:360,0
DA:365,0
DA:368,0
DA:370,0
DA:372,0
DA:377,0
DA:379,0
DA:382,0
DA:385,0
DA:389,0
DA:390,0
DA:399,0
DA:400,0
DA:402,0
DA:412,0
DA:417,0
DA:422,0
DA:427,0
DA:428,0
DA:436,0
DA:439,0
DA:445,0
DA:450,0
DA:452,0
DA:457,0
DA:458,0
DA:460,0
DA:463,0
DA:466,0
DA:473,0
DA:480,0
DA:481,0
DA:490,0
DA:491,0
DA:495,0
DA:501,0
DA:506,0
DA:510,0
DA:518,0
DA:521,0
DA:526,0
DA:529,0
DA:535,0
DA:543,0
LF:111
LH:0
BRDA:131,0,0,0
BRDA:131,0,1,0
BRDA:192,1,0,0
BRDA:192,1,1,0
BRDA:193,2,0,0
BRDA:193,2,1,0
BRDA:194,3,0,0
BRDA:194,3,1,0
BRDA:195,4,0,0
BRDA:195,4,1,0
BRDA:196,5,0,0
BRDA:196,5,1,0
BRDA:197,6,0,0
BRDA:197,6,1,0
BRDA:198,7,0,0
BRDA:198,7,1,0
BRDA:300,8,0,0
BRDA:300,8,1,0
BRDA:391,9,0,0
BRDA:391,9,1,0
BRDA:391,9,2,0
BRF:21
BRH:0
end_of_record
TN:
SF:src/services/billing.service.ts
FN:29,toIso
FN:33,getBillingSubscriptionForOrg
FN:67,createCheckoutSessionUrl
FN:102,createBillingPortalSessionUrl
FNF:4
FNH:0
FNDA:0,toIso
FNDA:0,getBillingSubscriptionForOrg
FNDA:0,createCheckoutSessionUrl
FNDA:0,createBillingPortalSessionUrl
DA:1,0
DA:2,0
DA:6,0
DA:8,0
DA:9,0
DA:11,0
DA:30,0
DA:33,0
DA:36,0
DA:39,0
DA:40,0
DA:42,0
DA:59,0
DA:60,0
DA:67,0
DA:71,0
DA:76,0
DA:93,0
DA:99,0
DA:102,0
DA:105,0
DA:109,0
DA:115,0
DA:120,0
DA:126,0
LF:25
LH:0
BRDA:30,0,0,0
BRDA:30,0,1,0
BRDA:39,1,0,0
BRDA:39,1,1,0
BRF:4
BRH:0
end_of_record
TN:
SF:src/services/employee.service.ts
FN:15,(anonymous_0)
FN:19,(anonymous_1)
FN:23,(anonymous_2)
FN:114,(anonymous_3)
FN:160,(anonymous_4)
FN:206,(anonymous_5)
FN:218,(anonymous_6)
FNF:7
FNH:0
FNDA:0,(anonymous_0)
FNDA:0,(anonymous_1)
FNDA:0,(anonymous_2)
FNDA:0,(anonymous_3)
FNDA:0,(anonymous_4)
FNDA:0,(anonymous_5)
FNDA:0,(anonymous_6)
DA:1,0
DA:15,0
DA:18,0
DA:19,0
DA:23,0
DA:24,0
DA:114,0
DA:115,0
DA:160,0
DA:161,0
DA:206,0
DA:207,0
DA:218,0
DA:219,0
DA:227,0
DA:228,0
DA:239,0
LF:17
LH:0
BRDA:19,0,0,0
BRDA:19,0,1,0
BRDA:227,1,0,0
BRDA:227,1,1,0
BRF:4
BRH:0
end_of_record
TN:
SF:src/services/index.service.ts
FN:6,(anonymous_1)
FNF:1
FNH:0
FNDA:0,(anonymous_1)
DA:1,0
DA:2,0
DA:3,0
DA:4,0
DA:6,0
DA:7,0
DA:11,0
DA:17,0
LF:8
LH:0
BRF:0
BRH:0
end_of_record
TN:
SF:src/services/invite.service.ts
FN:21,(anonymous_1)
FN:24,(anonymous_2)
FN:103,(anonymous_3)
FN:123,(anonymous_4)
FN:148,(anonymous_5)
FNF:5
FNH:0
FNDA:0,(anonymous_1)
FNDA:0,(anonymous_2)
FNDA:0,(anonymous_3)
FNDA:0,(anonymous_4)
FNDA:0,(anonymous_5)
DA:1,0
DA:2,0
DA:3,0
DA:8,0
DA:9,0
DA:10,0
DA:11,0
DA:15,0
DA:16,0
DA:17,0
DA:21,0
DA:24,0
DA:29,0
DA:31,0
DA:32,0
DA:34,0
DA:40,0
DA:41,0
DA:47,0
DA:50,0
DA:52,0
DA:55,0
DA:61,0
DA:68,0
DA:75,0
DA:77,0
DA:78,0
DA:80,0
DA:92,0
DA:93,0
DA:97,0
DA:99,0
DA:103,0
DA:104,0
DA:106,0
DA:111,0
DA:112,0
DA:117,0
DA:119,0
DA:123,0
DA:127,0
DA:129,0
DA:131,0
DA:132,0
DA:137,0
DA:139,0
DA:141,0
DA:144,0
DA:146,0
DA:148,0
DA:149,0
DA:160,0
DA:168,0
DA:176,0
DA:179,0
DA:186,0
DA:187,0
DA:191,0
DA:193,0
DA:194,0
DA:195,0
DA:205,0
DA:209,0
DA:211,0
LF:64
LH:0
BRDA:75,0,0,0
BRDA:75,0,1,0
BRDA:97,1,0,0
BRDA:97,1,1,0
BRDA:191,2,0,0
BRDA:191,2,1,0
BRF:6
BRH:0
end_of_record
TN:
SF:src/services/orgEngagement.service.ts
FN:3,listOrgEngagements
FN:16,(anonymous_1)
FNF:2
FNH:0
FNDA:0,listOrgEngagements
FNDA:0,(anonymous_1)
DA:1,0
DA:3,0
DA:4,0
DA:16,0
LF:4
LH:0
BRF:0
BRH:0
end_of_record
TN:
SF:src/services/organizationStatus.service.ts
FN:9,listOrganizationStatuses
FN:21,(anonymous_2)
FN:38,(anonymous_3)
FN:48,createOrganizationStatus
FN:109,findStatusAnyTable
FN:128,updateOrganizationStatus
FN:170,deleteOrganizationStatus
FNF:7
FNH:0
FNDA:0,listOrganizationStatuses
FNDA:0,(anonymous_2)
FNDA:0,(anonymous_3)
FNDA:0,createOrganizationStatus
FNDA:0,findStatusAnyTable
FNDA:0,updateOrganizationStatus
FNDA:0,deleteOrganizationStatus
DA:1,0
DA:5,0
DA:6,0
DA:7,0
DA:9,0
DA:13,0
DA:14,0
DA:21,0
DA:31,0
DA:38,0
DA:48,0
DA:53,0
DA:54,0
DA:56,0
DA:57,0
DA:60,0
DA:61,0
DA:71,0
DA:74,0
DA:79,0
DA:83,0
DA:86,0
DA:87,0
DA:97,0
DA:100,0
DA:105,0
DA:110,0
DA:113,0
DA:114,0
DA:119,0
DA:122,0
DA:123,0
DA:125,0
DA:128,0
DA:133,0
DA:134,0
DA:136,0
DA:137,0
DA:138,0
DA:139,0
DA:140,0
DA:143,0
DA:145,0
DA:146,0
DA:147,0
DA:152,0
DA:158,0
DA:161,0
DA:166,0
DA:170,0
DA:174,0
DA:175,0
DA:178,0
DA:187,0
DA:190,0
DA:195,0
DA:201,0
DA:202,0
DA:204,0
LF:59
LH:0
BRDA:13,0,0,0
BRDA:13,0,1,0
BRDA:56,1,0,0
BRDA:56,1,1,0
BRDA:71,2,0,0
BRDA:71,2,1,0
BRDA:71,3,0,0
BRDA:71,3,1,0
BRDA:71,3,2,0
BRDA:97,4,0,0
BRDA:97,4,1,0
BRDA:97,5,0,0
BRDA:97,5,1,0
BRDA:97,5,2,0
BRDA:113,6,0,0
BRDA:113,6,1,0
BRDA:122,7,0,0
BRDA:122,7,1,0
BRDA:137,8,0,0
BRDA:137,8,1,0
BRDA:143,9,0,0
BRDA:143,9,1,0
BRDA:146,10,0,0
BRDA:146,10,1,0
BRDA:158,11,0,0
BRDA:158,11,1,0
BRDA:158,12,0,0
BRDA:158,12,1,0
BRDA:158,12,2,0
BRDA:178,13,0,0
BRDA:178,13,1,0
BRDA:187,14,0,0
BRDA:187,14,1,0
BRDA:201,15,0,0
BRDA:201,15,1,0
BRF:35
BRH:0
end_of_record
TN:
SF:src/services/subscriptionAudit.service.ts
FN:4,appendSubscriptionAuditLog
FNF:1
FNH:0
FNDA:0,appendSubscriptionAuditLog
DA:2,0
DA:4,0
DA:12,0
LF:3
LH:0
BRDA:15,0,0,0
BRDA:15,0,1,0
BRDA:16,1,0,0
BRDA:16,1,1,0
BRDA:18,2,0,0
BRDA:18,2,1,0
BRDA:19,3,0,0
BRDA:19,3,1,0
BRF:8
BRH:0
end_of_record
TN:
SF:src/services/tasks.service.ts
FN:43,(anonymous_0)
FN:54,createTaskInOrg
FN:79,deleteTasksInOrg
FN:89,updateTaskInOrg
FN:144,valueToString
FN:154,resolveFieldValue
FN:174,diffAuditValues
FN:206,collectReferencedIds
FN:222,getTaskHistoryInOrg
FN:262,(anonymous_9)
FN:263,(anonymous_10)
FN:282,(anonymous_11)
FN:283,(anonymous_12)
FN:286,(anonymous_13)
FN:287,(anonymous_14)
FN:295,(anonymous_15)
FN:340,(anonymous_16)
FN:357,(anonymous_17)
FN:362,upsertIssueCommentInOrg
FNF:19
FNH:0
FNDA:0,(anonymous_0)
FNDA:0,createTaskInOrg
FNDA:0,deleteTasksInOrg
FNDA:0,updateTaskInOrg
FNDA:0,valueToString
FNDA:0,resolveFieldValue
FNDA:0,diffAuditValues
FNDA:0,collectReferencedIds
FNDA:0,getTaskHistoryInOrg
FNDA:0,(anonymous_9)
FNDA:0,(anonymous_10)
FNDA:0,(anonymous_11)
FNDA:0,(anonymous_12)
FNDA:0,(anonymous_13)
FNDA:0,(anonymous_14)
FNDA:0,(anonymous_15)
FNDA:0,(anonymous_16)
FNDA:0,(anonymous_17)
FNDA:0,upsertIssueCommentInOrg
DA:1,0
DA:2,0
DA:43,0
DA:44,0
DA:54,0
DA:55,0
DA:59,0
DA:60,0
DA:63,0
DA:67,0
DA:68,0
DA:71,0
DA:79,0
DA:80,0
DA:81,0
DA:89,0
DA:95,0
DA:102,0
DA:103,0
DA:106,0
DA:112,0
DA:122,0
DA:131,0
DA:145,0
DA:146,0
DA:147,0
DA:148,0
DA:150,0
DA:151,0
DA:159,0
DA:160,0
DA:162,0
DA:163,0
DA:165,0
DA:166,0
DA:168,0
DA:169,0
DA:171,0
DA:180,0
DA:184,0
DA:188,0
DA:193,0
DA:194,0
DA:195,0
DA:196,0
DA:202,0
DA:210,0
DA:211,0
DA:212,0
DA:213,0
DA:214,0
DA:215,0
DA:219,0
DA:222,0
DA:226,0
DA:233,0
DA:234,0
DA:237,0
DA:253,0
DA:254,0
DA:256,0
DA:263,0
DA:270,0
DA:282,0
DA:283,0
DA:285,0
DA:286,0
DA:288,0
DA:289,0
DA:290,0
DA:291,0
DA:295,0
DA:297,0
DA:301,0
DA:305,0
DA:324,0
DA:340,0
DA:355,0
DA:356,0
DA:357,0
DA:359,0
DA:362,0
DA:368,0
DA:369,0
DA:370,0
DA:373,0
DA:380,0
DA:381,0
DA:384,0
DA:385,0
DA:388,0
DA:389,0
DA:391,0
DA:392,0
DA:394,0
DA:411,0
LF:96
LH:0
BRDA:59,0,0,0
BRDA:59,0,1,0
BRDA:67,1,0,0
BRDA:67,1,1,0
BRDA:80,2,0,0
BRDA:80,2,1,0
BRDA:102,3,0,0
BRDA:102,3,1,0
BRDA:106,4,0,0
BRDA:106,4,1,0
BRDA:145,5,0,0
BRDA:145,5,1,0
BRDA:145,6,0,0
BRDA:145,6,1,0
BRDA:146,7,0,0
BRDA:146,7,1,0
BRDA:147,8,0,0
BRDA:147,8,1,0
BRDA:147,9,0,0
BRDA:147,9,1,0
BRDA:150,10,0,0
BRDA:150,10,1,0
BRDA:160,11,0,0
BRDA:160,11,1,0
BRDA:162,12,0,0
BRDA:162,12,1,0
BRDA:163,13,0,0
BRDA:163,13,1,0
BRDA:165,14,0,0
BRDA:165,14,1,0
BRDA:166,15,0,0
BRDA:166,15,1,0
BRDA:168,16,0,0
BRDA:168,16,1,0
BRDA:169,17,0,0
BRDA:169,17,1,0
BRDA:180,18,0,0
BRDA:180,18,1,0
BRDA:180,19,0,0
BRDA:180,19,1,0
BRDA:184,20,0,0
BRDA:184,20,1,0
BRDA:184,21,0,0
BRDA:184,21,1,0
BRDA:195,22,0,0
BRDA:195,22,1,0
BRDA:213,23,0,0
BRDA:213,23,1,0
BRDA:213,24,0,0
BRDA:213,24,1,0
BRDA:213,24,2,0
BRDA:215,25,0,0
BRDA:215,25,1,0
BRDA:233,26,0,0
BRDA:233,26,1,0
BRDA:256,27,0,0
BRDA:256,27,1,0
BRDA:270,28,0,0
BRDA:270,28,1,0
BRDA:286,29,0,0
BRDA:286,29,1,0
BRDA:289,30,0,0
BRDA:289,30,1,0
BRDA:291,31,0,0
BRDA:291,31,1,0
BRDA:297,32,0,0
BRDA:297,32,1,0
BRDA:297,33,0,0
BRDA:297,33,1,0
BRDA:301,34,0,0
BRDA:301,34,1,0
BRDA:301,35,0,0
BRDA:301,35,1,0
BRDA:310,36,0,0
BRDA:310,36,1,0
BRDA:319,37,0,0
BRDA:319,37,1,0
BRDA:319,38,0,0
BRDA:319,38,1,0
BRDA:369,39,0,0
BRDA:369,39,1,0
BRDA:380,40,0,0
BRDA:380,40,1,0
BRDA:384,41,0,0
BRDA:384,41,1,0
BRDA:388,42,0,0
BRDA:388,42,1,0
BRDA:391,43,0,0
BRDA:391,43,1,0
BRF:89
BRH:0
end_of_record
TN:
SF:src/services/template.service.ts
FN:29,(anonymous_0)
FN:54,(anonymous_1)
FN:80,(anonymous_2)
FN:117,(anonymous_3)
FN:131,(anonymous_4)
FN:145,(anonymous_5)
FN:177,(anonymous_6)
FN:204,(anonymous_7)
FN:228,(anonymous_8)
FNF:9
FNH:0
FNDA:0,(anonymous_0)
FNDA:0,(anonymous_1)
FNDA:0,(anonymous_2)
FNDA:0,(anonymous_3)
FNDA:0,(anonymous_4)
FNDA:0,(anonymous_5)
FNDA:0,(anonymous_6)
FNDA:0,(anonymous_7)
FNDA:0,(anonymous_8)
DA:1,0
DA:29,0
DA:30,0
DA:54,0
DA:55,0
DA:80,0
DA:81,0
DA:117,0
DA:118,0
DA:131,0
DA:135,0
DA:145,0
DA:148,0
DA:155,0
DA:157,0
DA:177,0
DA:178,0
DA:186,0
DA:188,0
DA:201,0
DA:204,0
DA:208,0
DA:228,0
DA:229,0
LF:24
LH:0
BRDA:155,0,0,0
BRDA:155,0,1,0
BRDA:163,1,0,0
BRDA:163,1,1,0
BRDA:186,2,0,0
BRDA:186,2,1,0
BRF:6
BRH:0
end_of_record
TN:
SF:src/services/user.service.ts
FN:6,(anonymous_1)
FN:18,(anonymous_2)
FN:29,(anonymous_3)
FN:36,(anonymous_4)
FNF:4
FNH:0
FNDA:0,(anonymous_1)
FNDA:0,(anonymous_2)
FNDA:0,(anonymous_3)
FNDA:0,(anonymous_4)
DA:1,0
DA:2,0
DA:4,0
DA:6,0
DA:7,0
DA:11,0
DA:18,0
DA:19,0
DA:29,0
DA:30,0
DA:36,0
DA:40,0
DA:42,0
DA:47,0
DA:53,0
LF:15
LH:0
BRDA:48,0,0,0
BRDA:48,0,1,0
BRF:2
BRH:0
end_of_record
TN:
SF:src/services/worker.service.ts
FN:29,presign
FN:37,assertOwnership
FN:45,createWorker
FN:74,(anonymous_3)
FN:123,getWorkerData
FN:197,getWorkerById
FN:261,(anonymous_6)
FN:270,updateWorker
FN:284,archiveWorker
FN:296,unarchiveWorker
FN:308,deleteWorker
FN:312,(anonymous_11)
FN:321,coerceWorkerDataPointValue
FN:334,updateDataPoint
FN:360,createEngagement
FN:393,updateEngagement
FN:414,deleteEngagement
FN:425,createIssue
FN:443,(anonymous_18)
FN:487,getIssueStatusesForWorker
FN:500,updateIssue
FN:549,(anonymous_21)
FN:582,getIssueAuditLogs
FN:615,templatePriorityToIssuePriority
FN:622,applyIssueTemplateInTx
FN:646,(anonymous_25)
FN:646,(anonymous_26)
FN:648,(anonymous_27)
FN:682,(anonymous_28)
FN:685,applyIssueTemplate
FN:712,(anonymous_30)
FN:722,deleteIssue
FN:736,createAbsence
FN:765,updateAbsence
FN:785,deleteAbsence
FN:790,uploadWorkerDocument
FN:824,deleteWorkerDocument
FN:851,listWorkerDocuments
FN:864,(anonymous_38)
FN:871,getWorkerHistory
FNF:40
FNH:0
FNDA:0,presign
FNDA:0,assertOwnership
FNDA:0,createWorker
FNDA:0,(anonymous_3)
FNDA:0,getWorkerData
FNDA:0,getWorkerById
FNDA:0,(anonymous_6)
FNDA:0,updateWorker
FNDA:0,archiveWorker
FNDA:0,unarchiveWorker
FNDA:0,deleteWorker
FNDA:0,(anonymous_11)
FNDA:0,coerceWorkerDataPointValue
FNDA:0,updateDataPoint
FNDA:0,createEngagement
FNDA:0,updateEngagement
FNDA:0,deleteEngagement
FNDA:0,createIssue
FNDA:0,(anonymous_18)
FNDA:0,getIssueStatusesForWorker
FNDA:0,updateIssue
FNDA:0,(anonymous_21)
FNDA:0,getIssueAuditLogs
FNDA:0,templatePriorityToIssuePriority
FNDA:0,applyIssueTemplateInTx
FNDA:0,(anonymous_25)
FNDA:0,(anonymous_26)
FNDA:0,(anonymous_27)
FNDA:0,(anonymous_28)
FNDA:0,applyIssueTemplate
FNDA:0,(anonymous_30)
FNDA:0,deleteIssue
FNDA:0,createAbsence
FNDA:0,updateAbsence
FNDA:0,deleteAbsence
FNDA:0,uploadWorkerDocument
FNDA:0,deleteWorkerDocument
FNDA:0,listWorkerDocuments
FNDA:0,(anonymous_38)
FNDA:0,getWorkerHistory
DA:1,0
DA:18,0
DA:19,0
DA:24,0
DA:25,0
DA:26,0
DA:27,0
DA:30,0
DA:34,0
DA:38,0
DA:41,0
DA:42,0
DA:45,0
DA:67,0
DA:69,0
DA:74,0
DA:75,0
DA:96,0
DA:108,0
DA:109,0
DA:110,0
DA:116,0
DA:119,0
DA:123,0
DA:131,0
DA:133,0
DA:166,0
DA:197,0
DA:198,0
DA:258,0
DA:260,0
DA:261,0
DA:267,0
DA:270,0
DA:275,0
DA:276,0
DA:278,0
DA:284,0
DA:285,0
DA:286,0
DA:288,0
DA:296,0
DA:297,0
DA:298,0
DA:300,0
DA:308,0
DA:309,0
DA:310,0
DA:312,0
DA:313,0
DA:314,0
DA:315,0
DA:319,0
DA:325,0
DA:326,0
DA:327,0
DA:328,0
DA:329,0
DA:331,0
DA:334,0
DA:335,0
DA:336,0
DA:338,0
DA:339,0
DA:343,0
DA:344,0
DA:346,0
DA:352,0
DA:354,0
DA:360,0
DA:370,0
DA:371,0
DA:373,0
DA:393,0
DA:394,0
DA:395,0
DA:397,0
DA:400,0
DA:402,0
DA:414,0
DA:419,0
DA:420,0
DA:422,0
DA:425,0
DA:436,0
DA:438,0
DA:441,0
DA:443,0
DA:444,0
DA:472,0
DA:483,0
DA:487,0
DA:491,0
DA:492,0
DA:493,0
DA:500,0
DA:511,0
DA:513,0
DA:516,0
DA:518,0
DA:519,0
DA:520,0
DA:521,0
DA:522,0
DA:523,0
DA:524,0
DA:526,0
DA:527,0
DA:528,0
DA:544,0
DA:545,0
DA:546,0
DA:549,0
DA:550,0
DA:565,0
DA:566,0
DA:567,0
DA:569,0
DA:578,0
DA:582,0
DA:587,0
DA:588,0
DA:589,0
DA:596,0
DA:598,0
DA:618,0
DA:619,0
DA:632,0
DA:634,0
DA:640,0
DA:642,0
DA:646,0
DA:648,0
DA:651,0
DA:653,0
DA:654,0
DA:655,0
DA:667,0
DA:679,0
DA:682,0
DA:685,0
DA:698,0
DA:700,0
DA:702,0
DA:710,0
DA:712,0
DA:713,0
DA:722,0
DA:726,0
DA:728,0
DA:731,0
DA:733,0
DA:736,0
DA:738,0
DA:740,0
DA:765,0
DA:766,0
DA:768,0
DA:771,0
DA:773,0
DA:785,0
DA:786,0
DA:787,0
DA:790,0
DA:800,0
DA:802,0
DA:804,0
DA:821,0
DA:824,0
DA:829,0
DA:830,0
DA:832,0
DA:835,0
DA:837,0
DA:838,0
DA:845,0
DA:848,0
DA:851,0
DA:855,0
DA:856,0
DA:858,0
DA:863,0
DA:864,0
DA:871,0
DA:875,0
DA:876,0
DA:878,0
DA:908,0
LF:188
LH:0
BRDA:41,0,0,0
BRDA:41,0,1,0
BRDA:109,1,0,0
BRDA:109,1,1,0
BRDA:126,2,0,0
BRDA:127,3,0,0
BRDA:128,4,0,0
BRDA:135,5,0,0
BRDA:135,5,1,0
BRDA:137,6,0,0
BRDA:137,6,1,0
BRDA:140,7,0,0
BRDA:140,7,1,0
BRDA:258,8,0,0
BRDA:258,8,1,0
BRDA:263,9,0,0
BRDA:263,9,1,0
BRDA:325,10,0,0
BRDA:325,10,1,0
BRDA:325,11,0,0
BRDA:325,11,1,0
BRDA:326,12,0,0
BRDA:326,12,1,0
BRDA:327,13,0,0
BRDA:327,13,1,0
BRDA:327,14,0,0
BRDA:327,14,1,0
BRDA:329,15,0,0
BRDA:329,15,1,0
BRDA:338,16,0,0
BRDA:338,16,1,0
BRDA:343,17,0,0
BRDA:343,17,1,0
BRDA:400,18,0,0
BRDA:400,18,1,0
BRDA:441,19,0,0
BRDA:441,19,1,0
BRDA:453,20,0,0
BRDA:453,20,1,0
BRDA:516,21,0,0
BRDA:516,21,1,0
BRDA:519,22,0,0
BRDA:519,22,1,0
BRDA:520,23,0,0
BRDA:520,23,1,0
BRDA:521,24,0,0
BRDA:521,24,1,0
BRDA:522,25,0,0
BRDA:522,25,1,0
BRDA:523,26,0,0
BRDA:523,26,1,0
BRDA:524,27,0,0
BRDA:524,27,1,0
BRDA:527,28,0,0
BRDA:527,28,1,0
BRDA:596,29,0,0
BRDA:596,29,1,0
BRDA:618,30,0,0
BRDA:618,30,1,0
BRDA:640,31,0,0
BRDA:640,31,1,0
BRDA:648,32,0,0
BRDA:648,32,1,0
BRDA:648,32,2,0
BRDA:651,33,0,0
BRDA:651,33,1,0
BRDA:661,34,0,0
BRDA:661,34,1,0
BRDA:710,35,0,0
BRDA:710,35,1,0
BRDA:731,36,0,0
BRDA:731,36,1,0
BRDA:771,37,0,0
BRDA:771,37,1,0
BRDA:835,38,0,0
BRDA:835,38,1,0
BRF:76
BRH:0
end_of_record
TN:
SF:src/services/stripe-webhook/dispatchStripeWebhookEvent.ts
FN:7,dispatchStripeWebhookEvent
FNF:1
FNH:1
FNDA:4,dispatchStripeWebhookEvent
DA:1,1
DA:2,1
DA:3,1
DA:4,1
DA:7,1
DA:10,4
DA:12,2
DA:15,1
DA:19,1
DA:20,1
DA:23,0
DA:24,0
DA:32,0
DA:33,0
DA:36,1
LF:15
LH:11
BRDA:10,0,0,2
BRDA:10,0,1,0
BRDA:10,0,2,1
BRDA:10,0,3,0
BRDA:10,0,4,0
BRDA:10,0,5,0
BRDA:10,0,6,0
BRDA:10,0,7,0
BRDA:10,0,8,0
BRDA:10,0,9,0
BRDA:10,0,10,1
BRF:11
BRH:3
end_of_record
TN:
SF:src/services/stripe-webhook/invoiceSync.service.ts
FN:6,upsertInvoiceFromStripe
FNF:1
FNH:0
FNDA:0,upsertInvoiceFromStripe
DA:1,0
DA:2,0
DA:3,0
DA:6,0
DA:9,0
DA:10,0
DA:13,0
DA:14,0
DA:15,0
DA:18,0
DA:22,0
DA:23,0
DA:28,0
DA:31,0
DA:33,0
DA:37,0
DA:38,0
DA:40,0
DA:52,0
DA:62,0
LF:20
LH:0
BRDA:9,0,0,0
BRDA:9,0,1,0
BRDA:14,1,0,0
BRDA:14,1,1,0
BRDA:22,2,0,0
BRDA:22,2,1,0
BRDA:31,3,0,0
BRDA:31,3,1,0
BRDA:33,4,0,0
BRDA:33,4,1,0
BRDA:33,5,0,0
BRDA:33,5,1,0
BRDA:38,6,0,0
BRDA:38,6,1,0
BRDA:43,7,0,0
BRDA:43,7,1,0
BRDA:47,8,0,0
BRDA:47,8,1,0
BRDA:47,8,2,0
BRF:19
BRH:0
end_of_record
TN:
SF:src/services/stripe-webhook/intent-handlers/CheckoutSessionCompleted.ts
FN:7,handleCheckoutSessionCompleted
FN:33,upsertOrgSubscriptionFromCheckoutRetrieve
FNF:2
FNH:2
FNDA:7,handleCheckoutSessionCompleted
FNDA:5,upsertOrgSubscriptionFromCheckoutRetrieve
DA:1,1
DA:2,1
DA:3,1
DA:4,1
DA:7,1
DA:10,7
DA:11,7
DA:12,7
DA:13,7
DA:14,1
DA:16,6
DA:17,6
DA:18,1
DA:20,5
DA:27,5
DA:38,5
DA:39,5
DA:40,5
DA:48,5
LF:19
LH:19
BRDA:12,0,0,7
BRDA:12,0,1,1
BRDA:13,1,0,1
BRDA:13,1,1,6
BRDA:17,2,0,1
BRDA:17,2,1,5
BRDA:41,3,0,0
BRDA:41,3,1,5
BRDA:43,4,0,0
BRDA:43,4,1,5
BRDA:43,5,0,5
BRDA:43,5,1,5
BRDA:45,6,0,5
BRDA:45,6,1,0
BRF:14
BRH:11
end_of_record
TN:
SF:src/services/stripe-webhook/intent-handlers/CustomerSubscriptionDeleted.ts
FN:5,handleCustomerSubscriptionDeleted
FNF:1
FNH:0
FNDA:0,handleCustomerSubscriptionDeleted
DA:1,0
DA:2,0
DA:5,0
DA:8,0
DA:9,0
DA:12,0
DA:13,0
DA:16,0
DA:21,0
LF:9
LH:0
BRDA:12,0,0,0
BRDA:12,0,1,0
BRF:2
BRH:0
end_of_record
TN:
SF:src/services/stripe-webhook/intent-handlers/CustomerSubscriptionWrite.ts
FN:7,handleCustomerSubscriptionWrite
FNF:1
FNH:0
FNDA:0,handleCustomerSubscriptionWrite
DA:1,0
DA:2,0
DA:3,0
DA:5,0
DA:7,0
DA:11,0
DA:12,0
DA:15,0
DA:16,0
DA:18,0
DA:24,0
DA:26,0
DA:27,0
DA:31,0
DA:34,0
DA:35,0
DA:39,0
LF:17
LH:0
BRDA:16,0,0,0
BRDA:16,0,1,0
BRDA:18,1,0,0
BRDA:18,1,1,0
BRDA:24,2,0,0
BRDA:24,2,1,0
BRDA:24,2,2,0
BRDA:26,3,0,0
BRDA:26,3,1,0
BRF:9
BRH:0
end_of_record
TN:
SF:src/services/stripe-webhook/intent-handlers/InvoiceWrite.ts
FN:5,handleInvoiceWrite
FNF:1
FNH:0
FNDA:0,handleInvoiceWrite
DA:1,0
DA:2,0
DA:5,0
DA:8,0
DA:9,0
DA:10,0
DA:13,0
DA:14,0
LF:8
LH:0
BRDA:9,0,0,0
BRDA:9,0,1,0
BRF:2
BRH:0
end_of_record
TN:
SF:src/services/stripe-webhook/service/stripeWebhook.service.ts
FN:14,upsertSubscriptionForOrg
FNF:1
FNH:0
FNDA:0,upsertSubscriptionForOrg
DA:1,0
DA:2,0
DA:4,0
DA:14,0
DA:21,0
DA:23,0
DA:27,0
DA:40,0
LF:8
LH:0
BRDA:36,0,0,0
BRDA:36,0,1,0
BRDA:45,1,0,0
BRDA:45,1,1,0
BRF:4
BRH:0
end_of_record
TN:
SF:src/services/stripe-webhook/util/checkoutSessionSubscription.util.ts
FN:3,resolveCheckoutSessionSubscriptionId
FNF:1
FNH:1
FNDA:10,resolveCheckoutSessionSubscriptionId
DA:3,1
DA:6,10
DA:7,5
DA:9,5
LF:4
LH:4
BRDA:6,0,0,5
BRDA:6,0,1,5
BRF:2
BRH:2
end_of_record
TN:
SF:src/utils/AppError.ts
FN:5,(anonymous_0)
FNF:1
FNH:0
FNDA:0,(anonymous_0)
DA:6,0
DA:7,0
DA:8,0
DA:10,0
DA:14,0
LF:5
LH:0
BRF:0
BRH:0
end_of_record
TN:
SF:src/utils/appAssert.ts
FN:13,(anonymous_1)
FNF:1
FNH:0
FNDA:0,(anonymous_1)
DA:3,0
DA:4,0
DA:13,0
DA:18,0
DA:20,0
LF:5
LH:0
BRF:0
BRH:0
end_of_record
TN:
SF:src/utils/assertOrgOwner.ts
FN:5,assertOrgOwner
FNF:1
FNH:0
FNDA:0,assertOrgOwner
DA:1,0
DA:2,0
DA:3,0
DA:5,0
DA:9,0
DA:15,0
DA:25,0
DA:27,0
LF:8
LH:0
BRF:0
BRH:0
end_of_record
TN:
SF:src/utils/bcrypt.ts
FN:3,(anonymous_1)
FN:6,(anonymous_2)
FN:7,(anonymous_3)
FNF:3
FNH:0
FNDA:0,(anonymous_1)
FNDA:0,(anonymous_2)
FNDA:0,(anonymous_3)
DA:1,0
DA:3,0
DA:4,0
DA:6,0
DA:7,0
LF:5
LH:0
BRDA:4,0,0,0
BRDA:4,0,1,0
BRF:2
BRH:0
end_of_record
TN:
SF:src/utils/catchErrors.ts
FN:10,(anonymous_0)
FN:11,(anonymous_1)
FNF:2
FNH:0
FNDA:0,(anonymous_0)
FNDA:0,(anonymous_1)
DA:10,0
DA:11,0
DA:12,0
DA:13,0
DA:15,0
DA:19,0
LF:6
LH:0
BRF:0
BRH:0
end_of_record
TN:
SF:src/utils/cookies.ts
FN:15,(anonymous_0)
FN:21,(anonymous_1)
FN:33,(anonymous_2)
FN:38,(anonymous_3)
FNF:4
FNH:0
FNDA:0,(anonymous_0)
FNDA:0,(anonymous_1)
FNDA:0,(anonymous_2)
FNDA:0,(anonymous_3)
DA:2,0
DA:4,0
DA:5,0
DA:6,0
DA:7,0
DA:9,0
DA:15,0
DA:21,0
DA:33,0
DA:34,0
DA:38,0
DA:39,0
LF:12
LH:0
BRDA:10,0,0,0
BRDA:10,0,1,0
BRF:2
BRH:0
end_of_record
TN:
SF:src/utils/date.ts
FN:1,(anonymous_0)
FN:3,(anonymous_1)
FN:6,(anonymous_2)
FN:8,(anonymous_3)
FN:11,(anonymous_4)
FN:14,(anonymous_5)
FNF:6
FNH:6
FNDA:1,(anonymous_0)
FNDA:1,(anonymous_1)
FNDA:1,(anonymous_2)
FNDA:1,(anonymous_3)
FNDA:1,(anonymous_4)
FNDA:1,(anonymous_5)
DA:1,1
DA:3,1
DA:4,1
DA:6,1
DA:8,1
DA:9,1
DA:11,1
DA:12,1
DA:14,1
DA:15,1
DA:17,1
LF:11
LH:11
BRF:0
BRH:0
end_of_record
TN:
SF:src/utils/dateParser.ts
FN:1,(anonymous_0)
FNF:1
FNH:0
FNDA:0,(anonymous_0)
DA:1,0
DA:2,0
DA:3,0
LF:3
LH:0
BRF:0
BRH:0
end_of_record
TN:
SF:src/utils/datevalidation.ts
FN:1,(anonymous_0)
FNF:1
FNH:0
FNDA:0,(anonymous_0)
DA:1,0
DA:2,0
DA:3,0
LF:3
LH:0
BRF:0
BRH:0
end_of_record
TN:
SF:src/utils/emailTemplates.ts
FN:1,(anonymous_0)
FN:7,(anonymous_1)
FN:13,(anonymous_2)
FN:19,(anonymous_3)
FN:25,(anonymous_4)
FNF:5
FNH:0
FNDA:0,(anonymous_0)
FNDA:0,(anonymous_1)
FNDA:0,(anonymous_2)
FNDA:0,(anonymous_3)
FNDA:0,(anonymous_4)
DA:1,0
DA:7,0
DA:13,0
DA:19,0
DA:25,0
DA:33,0
LF:6
LH:0
BRF:0
BRH:0
end_of_record
TN:
SF:src/utils/extractStripeSubid.ts
FN:3,extractStripeSubscriptionId
FNF:1
FNH:1
FNDA:6,extractStripeSubscriptionId
DA:3,1
DA:6,6
DA:14,6
DA:15,3
DA:20,3
DA:24,1
DA:27,2
LF:7
LH:7
BRDA:14,0,0,3
BRDA:14,0,1,3
BRDA:15,1,0,1
BRDA:15,1,1,2
BRDA:17,2,0,2
BRDA:17,2,1,1
BRDA:20,3,0,1
BRDA:20,3,1,2
BRDA:21,4,0,3
BRDA:21,4,1,1
BRF:10
BRH:10
end_of_record
TN:
SF:src/utils/jwt.ts
FN:38,(anonymous_1)
FN:50,(anonymous_2)
FNF:2
FNH:0
FNDA:0,(anonymous_1)
FNDA:0,(anonymous_2)
DA:2,0
DA:3,0
DA:20,0
DA:24,0
DA:28,0
DA:33,0
DA:38,0
DA:42,0
DA:44,0
DA:50,0
DA:56,0
DA:57,0
DA:58,0
DA:62,0
DA:64,0
LF:15
LH:0
BRDA:42,0,0,0
BRDA:42,0,1,0
BRDA:56,1,0,0
BRDA:56,2,0,0
BRDA:56,2,1,0
BRF:5
BRH:0
end_of_record
TN:
SF:src/utils/mapInvoiceStatus.ts
FN:4,mapInvoiceStatus
FNF:1
FNH:0
FNDA:0,mapInvoiceStatus
DA:4,0
DA:7,0
DA:8,0
DA:10,0
DA:12,0
DA:14,0
DA:16,0
DA:18,0
DA:20,0
DA:22,0
LF:10
LH:0
BRDA:7,0,0,0
BRDA:7,0,1,0
BRDA:10,1,0,0
BRDA:10,1,1,0
BRDA:10,1,2,0
BRDA:10,1,3,0
BRDA:10,1,4,0
BRDA:10,1,5,0
BRF:8
BRH:0
end_of_record
TN:
SF:src/utils/resolverOwner.ts
FN:16,(anonymous_0)
FNF:1
FNH:0
FNDA:0,(anonymous_0)
DA:16,0
DA:17,0
DA:19,0
DA:24,0
DA:25,0
DA:33,0
DA:41,0
LF:7
LH:0
BRDA:19,0,0,0
BRDA:19,0,1,0
BRDA:19,0,2,0
BRDA:19,0,3,0
BRDA:24,1,0,0
BRDA:24,1,1,0
BRDA:24,2,0,0
BRDA:24,2,1,0
BRF:8
BRH:0
end_of_record
TN:
SF:src/utils/sendMail.ts
FN:12,(anonymous_1)
FN:14,(anonymous_2)
FN:16,(anonymous_3)
FNF:3
FNH:0
FNDA:0,(anonymous_1)
FNDA:0,(anonymous_2)
FNDA:0,(anonymous_3)
DA:1,0
DA:2,0
DA:3,0
DA:12,0
DA:14,0
DA:16,0
DA:17,0
DA:24,0
DA:32,0
LF:9
LH:0
BRDA:14,0,0,0
BRDA:14,0,1,0
BRF:2
BRH:0
end_of_record
TN:
SF:src/utils/stripeSubscriptionWebhook.ts
FN:5,mapStripeSubscriptionStatus
FN:23,resolvePlanFromLineItemPrice
FN:46,extractCardFieldsFromStripeSubscription
FN:71,buildSubscriptionDbFieldsFromStripeSubscription
FNF:4
FNH:1
FNDA:0,mapStripeSubscriptionStatus
FNDA:18,resolvePlanFromLineItemPrice
FNDA:0,extractCardFieldsFromStripeSubscription
FNDA:0,buildSubscriptionDbFieldsFromStripeSubscription
DA:1,2
DA:5,2
DA:8,0
DA:10,0
DA:12,0
DA:14,0
DA:17,0
DA:19,0
DA:23,2
DA:26,18
DA:27,2
DA:29,16
DA:30,16
DA:31,8
DA:33,8
DA:34,8
DA:36,1
DA:38,2
DA:40,1
DA:42,4
DA:46,2
DA:55,0
DA:56,0
DA:57,0
DA:59,0
DA:60,0
DA:68,0
DA:71,2
DA:74,0
DA:76,0
DA:81,0
DA:82,0
DA:85,0
LF:33
LH:16
BRDA:8,0,0,0
BRDA:8,0,1,0
BRDA:8,0,2,0
BRDA:8,0,3,0
BRDA:8,0,4,0
BRDA:8,0,5,0
BRDA:26,1,0,2
BRDA:26,1,1,16
BRDA:30,2,0,8
BRDA:30,2,1,8
BRDA:34,3,0,1
BRDA:34,3,1,2
BRDA:34,3,2,1
BRDA:34,3,3,4
BRDA:56,4,0,0
BRDA:56,4,1,0
BRDA:56,5,0,0
BRDA:56,5,1,0
BRDA:59,6,0,0
BRDA:59,6,1,0
BRDA:59,7,0,0
BRDA:59,7,1,0
BRDA:59,7,2,0
BRDA:76,8,0,0
BRDA:76,8,1,0
BRDA:78,9,0,0
BRDA:78,9,1,0
BRDA:78,10,0,0
BRDA:78,10,1,0
BRDA:81,11,0,0
BRDA:81,11,1,0
BRDA:81,12,0,0
BRDA:81,12,1,0
BRDA:91,13,0,0
BRDA:91,13,1,0
BRDA:95,14,0,0
BRDA:95,14,1,0
BRDA:99,15,0,0
BRDA:99,15,1,0
BRF:39
BRH:8
end_of_record
TN:
SF:src/utils/subscriptionAccess.ts
FN:8,hasSubscriptionAppAccess
FNF:1
FNH:0
FNDA:0,hasSubscriptionAppAccess
DA:8,0
DA:11,0
DA:12,0
DA:13,0
DA:14,0
DA:15,0
DA:16,0
DA:17,0
DA:18,0
DA:20,0
LF:10
LH:0
BRDA:11,0,0,0
BRDA:11,0,1,0
BRDA:12,1,0,0
BRDA:12,1,1,0
BRDA:13,2,0,0
BRDA:13,2,1,0
BRDA:14,3,0,0
BRDA:14,3,1,0
BRDA:15,4,0,0
BRDA:15,4,1,0
BRDA:15,5,0,0
BRDA:15,5,1,0
BRDA:16,6,0,0
BRDA:16,6,1,0
BRDA:16,7,0,0
BRDA:16,7,1,0
BRDA:17,8,0,0
BRDA:17,8,1,0
BRF:18
BRH:0
end_of_record
TN:
SF:src/utils/testEmailOutbox.ts
FN:12,(anonymous_0)
FN:15,(anonymous_1)
FN:26,(anonymous_2)
FN:33,(anonymous_3)
FN:37,(anonymous_4)
FNF:5
FNH:0
FNDA:0,(anonymous_0)
FNDA:0,(anonymous_1)
FNDA:0,(anonymous_2)
FNDA:0,(anonymous_3)
FNDA:0,(anonymous_4)
DA:10,0
DA:12,0
DA:13,0
DA:15,0
DA:16,0
DA:17,0
DA:20,0
DA:26,0
DA:27,0
DA:28,0
DA:31,0
DA:32,0
DA:33,0
DA:37,0
DA:38,0
DA:39,0
DA:40,0
DA:43,0
DA:44,0
DA:45,0
DA:46,0
LF:21
LH:0
BRDA:13,0,0,0
BRDA:13,0,1,0
BRDA:16,1,0,0
BRDA:16,1,1,0
BRDA:27,2,0,0
BRDA:27,2,1,0
BRDA:38,3,0,0
BRDA:38,3,1,0
BRDA:45,4,0,0
BRDA:45,4,1,0
BRF:10
BRH:0
end_of_record
TN:
SF:src/utils/withTxRetry.ts
FN:22,(anonymous_0)
FN:26,(anonymous_1)
FN:26,(anonymous_2)
FN:28,withTxRetry
FNF:4
FNH:0
FNDA:0,(anonymous_0)
FNDA:0,(anonymous_1)
FNDA:0,(anonymous_2)
FNDA:0,withTxRetry
DA:1,0
DA:2,0
DA:17,0
DA:18,0
DA:20,0
DA:22,0
DA:23,0
DA:26,0
DA:28,0
DA:36,0
DA:40,0
DA:41,0
DA:42,0
DA:44,0
DA:46,0
DA:47,0
DA:50,0
DA:54,0
LF:18
LH:0
BRDA:23,0,0,0
BRDA:23,0,1,0
BRDA:30,1,0,0
BRDA:33,2,0,0
BRDA:34,3,0,0
BRDA:46,4,0,0
BRDA:46,4,1,0
BRDA:46,5,0,0
BRDA:46,5,1,0
BRF:9
BRH:0
end_of_record
TN:
SF:src/utils/v2/tokenV2.ts
FN:8,(anonymous_1)
FN:16,(anonymous_2)
FNF:2
FNH:0
FNDA:0,(anonymous_1)
FNDA:0,(anonymous_2)
DA:1,0
DA:8,0
DA:9,0
DA:16,0
DA:17,0
LF:5
LH:0
BRDA:8,0,0,0
BRF:1
BRH:0
end_of_record
